<?xml version="1.0" encoding="UTF-8"?>
<testsuite xmlns:xsi="http://www.w3.org/2001/XMLSchema-instance" xsi:noNamespaceSchemaLocation="https://maven.apache.org/surefire/maven-failsafe-plugin/xsd/failsafe-test-report-3.0.xsd" version="3.0" name="ThreadUpvotes" time="1.307" tests="1" errors="0" skipped="0" failures="0">
  <properties>
    <property name="sun.desktop" value="windows"/>
    <property name="awt.toolkit" value="sun.awt.windows.WToolkit"/>
    <property name="file.encoding.pkg" value="sun.io"/>
    <property name="java.specification.version" value="1.8"/>
    <property name="sun.cpu.isalist" value="amd64"/>
    <property name="sun.jnu.encoding" value="Cp1252"/>
    <property name="java.class.path" value="D:\Capstone Project\target\test-classes;D:\Capstone Project\target\Capstone-1.0-SNAPSHOT.jar;C:\Users\USER\.m2\repository\ch\qos\logback\logback-classic\1.2.3\logback-classic-1.2.3.jar;C:\Users\USER\.m2\repository\ch\qos\logback\logback-core\1.2.3\logback-core-1.2.3.jar;C:\Users\USER\.m2\repository\org\slf4j\slf4j-api\1.7.25\slf4j-api-1.7.25.jar;C:\Users\USER\.m2\repository\com\googlecode\json-simple\json-simple\1.1.1\json-simple-1.1.1.jar;C:\Users\USER\.m2\repository\net\serenity-bdd\serenity-core\2.4.51\serenity-core-2.4.51.jar;C:\Users\USER\.m2\repository\net\serenity-bdd\serenity-model\2.4.51\serenity-model-2.4.51.jar;C:\Users\USER\.m2\repository\org\apache\commons\commons-text\1.9\commons-text-1.9.jar;C:\Users\USER\.m2\repository\commons-net\commons-net\3.6\commons-net-3.6.jar;C:\Users\USER\.m2\repository\com\google\guava\guava\30.1-jre\guava-30.1-jre.jar;C:\Users\USER\.m2\repository\com\google\guava\failureaccess\1.0.1\failureaccess-1.0.1.jar;C:\Users\USER\.m2\repository\com\google\guava\listenablefuture\9999.0-empty-to-avoid-conflict-with-guava\listenablefuture-9999.0-empty-to-avoid-conflict-with-guava.jar;C:\Users\USER\.m2\repository\com\google\code\findbugs\jsr305\3.0.2\jsr305-3.0.2.jar;C:\Users\USER\.m2\repository\org\checkerframework\checker-qual\3.5.0\checker-qual-3.5.0.jar;C:\Users\USER\.m2\repository\com\google\errorprone\error_prone_annotations\2.3.4\error_prone_annotations-2.3.4.jar;C:\Users\USER\.m2\repository\com\google\j2objc\j2objc-annotations\1.3\j2objc-annotations-1.3.jar;C:\Users\USER\.m2\repository\com\google\inject\guice\5.0.1\guice-5.0.1.jar;C:\Users\USER\.m2\repository\javax\inject\javax.inject\1\javax.inject-1.jar;C:\Users\USER\.m2\repository\aopalliance\aopalliance\1.0\aopalliance-1.0.jar;C:\Users\USER\.m2\repository\org\jsoup\jsoup\1.13.1\jsoup-1.13.1.jar;C:\Users\USER\.m2\repository\com\thoughtworks\xstream\xstream\1.4.17\xstream-1.4.17.jar;C:\Users\USER\.m2\repository\io\github\x-stream\mxparser\1.2.1\mxparser-1.2.1.jar;C:\Users\USER\.m2\repository\xmlpull\xmlpull\1.1.3.1\xmlpull-1.1.3.1.jar;C:\Users\USER\.m2\repository\io\cucumber\cucumber-core\6.10.2\cucumber-core-6.10.2.jar;C:\Users\USER\.m2\repository\io\cucumber\cucumber-gherkin\6.10.2\cucumber-gherkin-6.10.2.jar;C:\Users\USER\.m2\repository\io\cucumber\cucumber-gherkin-messages\6.10.2\cucumber-gherkin-messages-6.10.2.jar;C:\Users\USER\.m2\repository\io\cucumber\messages\14.0.1\messages-14.0.1.jar;C:\Users\USER\.m2\repository\io\cucumber\tag-expressions\3.0.0\tag-expressions-3.0.0.jar;C:\Users\USER\.m2\repository\io\cucumber\cucumber-expressions\10.3.0\cucumber-expressions-10.3.0.jar;C:\Users\USER\.m2\repository\io\cucumber\cucumber-plugin\6.10.2\cucumber-plugin-6.10.2.jar;C:\Users\USER\.m2\repository\io\cucumber\docstring\6.10.2\docstring-6.10.2.jar;C:\Users\USER\.m2\repository\io\cucumber\html-formatter\12.0.0\html-formatter-12.0.0.jar;C:\Users\USER\.m2\repository\io\cucumber\create-meta\3.0.0\create-meta-3.0.0.jar;C:\Users\USER\.m2\repository\com\typesafe\config\1.3.1\config-1.3.1.jar;C:\Users\USER\.m2\repository\org\imgscalr\imgscalr-lib\4.2\imgscalr-lib-4.2.jar;C:\Users\USER\.m2\repository\org\awaitility\awaitility\4.0.3\awaitility-4.0.3.jar;C:\Users\USER\.m2\repository\org\freemarker\freemarker\2.3.29\freemarker-2.3.29.jar;C:\Users\USER\.m2\repository\net\sourceforge\jexcelapi\jxl\2.6.12\jxl-2.6.12.jar;C:\Users\USER\.m2\repository\org\asciidoctor\asciidoctorj\2.5.1\asciidoctorj-2.5.1.jar;C:\Users\USER\.m2\repository\org\asciidoctor\asciidoctorj-api\2.5.1\asciidoctorj-api-2.5.1.jar;C:\Users\USER\.m2\repository\org\jruby\jruby\9.2.17.0\jruby-9.2.17.0.jar;C:\Users\USER\.m2\repository\org\jruby\jruby-core\9.2.17.0\jruby-core-9.2.17.0.jar;C:\Users\USER\.m2\repository\com\github\jnr\jnr-netdb\1.2.0\jnr-netdb-1.2.0.jar;C:\Users\USER\.m2\repository\com\github\jnr\jnr-enxio\0.32.3\jnr-enxio-0.32.3.jar;C:\Users\USER\.m2\repository\com\github\jnr\jnr-unixsocket\0.38.5\jnr-unixsocket-0.38.5.jar;C:\Users\USER\.m2\repository\com\github\jnr\jnr-posix\3.1.4\jnr-posix-3.1.4.jar;C:\Users\USER\.m2\repository\com\github\jnr\jnr-constants\0.10.1\jnr-constants-0.10.1.jar;C:\Users\USER\.m2\repository\com\github\jnr\jffi\1.3.1\jffi-1.3.1.jar;C:\Users\USER\.m2\repository\com\github\jnr\jffi\1.3.1\jffi-1.3.1-native.jar;C:\Users\USER\.m2\repository\org\jruby\joni\joni\2.1.31\joni-2.1.31.jar;C:\Users\USER\.m2\repository\org\jruby\jcodings\jcodings\1.0.46\jcodings-1.0.46.jar;C:\Users\USER\.m2\repository\org\jruby\dirgra\0.3\dirgra-0.3.jar;C:\Users\USER\.m2\repository\com\headius\invokebinder\1.11\invokebinder-1.11.jar;C:\Users\USER\.m2\repository\com\headius\options\1.4\options-1.4.jar;C:\Users\USER\.m2\repository\com\jcraft\jzlib\1.1.3\jzlib-1.1.3.jar;C:\Users\USER\.m2\repository\com\martiansoftware\nailgun-server\0.9.1\nailgun-server-0.9.1.jar;C:\Users\USER\.m2\repository\com\headius\backport9\1.8\backport9-1.8.jar;C:\Users\USER\.m2\repository\javax\annotation\javax.annotation-api\1.3.1\javax.annotation-api-1.3.1.jar;C:\Users\USER\.m2\repository\org\jruby\jruby-stdlib\9.2.17.0\jruby-stdlib-9.2.17.0.jar;C:\Users\USER\.m2\repository\net\bytebuddy\byte-buddy\1.11.1\byte-buddy-1.11.1.jar;C:\Users\USER\.m2\repository\net\bytebuddy\byte-buddy-agent\1.11.1\byte-buddy-agent-1.11.1.jar;C:\Users\USER\.m2\repository\org\objenesis\objenesis\3.1\objenesis-3.1.jar;C:\Users\USER\.m2\repository\net\serenity-bdd\serenity-reports\2.4.51\serenity-reports-2.4.51.jar;C:\Users\USER\.m2\repository\net\serenity-bdd\serenity-stats\2.4.51\serenity-stats-2.4.51.jar;C:\Users\USER\.m2\repository\org\jetbrains\kotlin\kotlin-stdlib\1.5.0\kotlin-stdlib-1.5.0.jar;C:\Users\USER\.m2\repository\org\jetbrains\annotations\13.0\annotations-13.0.jar;C:\Users\USER\.m2\repository\org\jetbrains\kotlin\kotlin-stdlib-common\1.5.0\kotlin-stdlib-common-1.5.0.jar;C:\Users\USER\.m2\repository\net\serenity-bdd\serenity-reports-configuration\2.4.51\serenity-reports-configuration-2.4.51.jar;C:\Users\USER\.m2\repository\com\vladsch\flexmark\flexmark-all\0.34.30\flexmark-all-0.34.30.jar;C:\Users\USER\.m2\repository\com\vladsch\flexmark\flexmark\0.34.30\flexmark-0.34.30.jar;C:\Users\USER\.m2\repository\com\vladsch\flexmark\flexmark-ext-abbreviation\0.34.30\flexmark-ext-abbreviation-0.34.30.jar;C:\Users\USER\.m2\repository\com\vladsch\flexmark\flexmark-ext-admonition\0.34.30\flexmark-ext-admonition-0.34.30.jar;C:\Users\USER\.m2\repository\com\vladsch\flexmark\flexmark-ext-anchorlink\0.34.30\flexmark-ext-anchorlink-0.34.30.jar;C:\Users\USER\.m2\repository\com\vladsch\flexmark\flexmark-ext-aside\0.34.30\flexmark-ext-aside-0.34.30.jar;C:\Users\USER\.m2\repository\com\vladsch\flexmark\flexmark-ext-attributes\0.34.30\flexmark-ext-attributes-0.34.30.jar;C:\Users\USER\.m2\repository\com\vladsch\flexmark\flexmark-ext-autolink\0.34.30\flexmark-ext-autolink-0.34.30.jar;C:\Users\USER\.m2\repository\org\nibor\autolink\autolink\0.6.0\autolink-0.6.0.jar;C:\Users\USER\.m2\repository\com\vladsch\flexmark\flexmark-ext-definition\0.34.30\flexmark-ext-definition-0.34.30.jar;C:\Users\USER\.m2\repository\com\vladsch\flexmark\flexmark-ext-emoji\0.34.30\flexmark-ext-emoji-0.34.30.jar;C:\Users\USER\.m2\repository\com\vladsch\flexmark\flexmark-ext-enumerated-reference\0.34.30\flexmark-ext-enumerated-reference-0.34.30.jar;C:\Users\USER\.m2\repository\com\vladsch\flexmark\flexmark-ext-escaped-character\0.34.30\flexmark-ext-escaped-character-0.34.30.jar;C:\Users\USER\.m2\repository\com\vladsch\flexmark\flexmark-ext-footnotes\0.34.30\flexmark-ext-footnotes-0.34.30.jar;C:\Users\USER\.m2\repository\com\vladsch\flexmark\flexmark-ext-gfm-issues\0.34.30\flexmark-ext-gfm-issues-0.34.30.jar;C:\Users\USER\.m2\repository\com\vladsch\flexmark\flexmark-ext-gfm-strikethrough\0.34.30\flexmark-ext-gfm-strikethrough-0.34.30.jar;C:\Users\USER\.m2\repository\com\vladsch\flexmark\flexmark-ext-gfm-tables\0.34.30\flexmark-ext-gfm-tables-0.34.30.jar;C:\Users\USER\.m2\repository\com\vladsch\flexmark\flexmark-ext-gfm-tasklist\0.34.30\flexmark-ext-gfm-tasklist-0.34.30.jar;C:\Users\USER\.m2\repository\com\vladsch\flexmark\flexmark-ext-gfm-users\0.34.30\flexmark-ext-gfm-users-0.34.30.jar;C:\Users\USER\.m2\repository\com\vladsch\flexmark\flexmark-ext-gitlab\0.34.30\flexmark-ext-gitlab-0.34.30.jar;C:\Users\USER\.m2\repository\com\vladsch\flexmark\flexmark-ext-jekyll-front-matter\0.34.30\flexmark-ext-jekyll-front-matter-0.34.30.jar;C:\Users\USER\.m2\repository\com\vladsch\flexmark\flexmark-ext-jekyll-tag\0.34.30\flexmark-ext-jekyll-tag-0.34.30.jar;C:\Users\USER\.m2\repository\com\vladsch\flexmark\flexmark-ext-media-tags\0.34.30\flexmark-ext-media-tags-0.34.30.jar;C:\Users\USER\.m2\repository\com\vladsch\flexmark\flexmark-test-util\0.34.30\flexmark-test-util-0.34.30.jar;C:\Users\USER\.m2\repository\com\vladsch\flexmark\flexmark-ext-ins\0.34.30\flexmark-ext-ins-0.34.30.jar;C:\Users\USER\.m2\repository\com\vladsch\flexmark\flexmark-ext-xwiki-macros\0.34.30\flexmark-ext-xwiki-macros-0.34.30.jar;C:\Users\USER\.m2\repository\com\vladsch\flexmark\flexmark-ext-superscript\0.34.30\flexmark-ext-superscript-0.34.30.jar;C:\Users\USER\.m2\repository\com\vladsch\flexmark\flexmark-ext-tables\0.34.30\flexmark-ext-tables-0.34.30.jar;C:\Users\USER\.m2\repository\com\vladsch\flexmark\flexmark-ext-toc\0.34.30\flexmark-ext-toc-0.34.30.jar;C:\Users\USER\.m2\repository\com\vladsch\flexmark\flexmark-ext-typographic\0.34.30\flexmark-ext-typographic-0.34.30.jar;C:\Users\USER\.m2\repository\com\vladsch\flexmark\flexmark-ext-wikilink\0.34.30\flexmark-ext-wikilink-0.34.30.jar;C:\Users\USER\.m2\repository\com\vladsch\flexmark\flexmark-ext-yaml-front-matter\0.34.30\flexmark-ext-yaml-front-matter-0.34.30.jar;C:\Users\USER\.m2\repository\com\vladsch\flexmark\flexmark-ext-youtube-embedded\0.34.30\flexmark-ext-youtube-embedded-0.34.30.jar;C:\Users\USER\.m2\repository\com\vladsch\flexmark\flexmark-formatter\0.34.30\flexmark-formatter-0.34.30.jar;C:\Users\USER\.m2\repository\com\vladsch\flexmark\flexmark-html-parser\0.34.30\flexmark-html-parser-0.34.30.jar;C:\Users\USER\.m2\repository\com\vladsch\flexmark\flexmark-jira-converter\0.34.30\flexmark-jira-converter-0.34.30.jar;C:\Users\USER\.m2\repository\com\vladsch\flexmark\flexmark-pdf-converter\0.34.30\flexmark-pdf-converter-0.34.30.jar;C:\Users\USER\.m2\repository\com\openhtmltopdf\openhtmltopdf-core\0.0.1-RC13\openhtmltopdf-core-0.0.1-RC13.jar;C:\Users\USER\.m2\repository\com\openhtmltopdf\openhtmltopdf-pdfbox\0.0.1-RC13\openhtmltopdf-pdfbox-0.0.1-RC13.jar;C:\Users\USER\.m2\repository\org\apache\pdfbox\pdfbox\2.0.8\pdfbox-2.0.8.jar;C:\Users\USER\.m2\repository\org\apache\pdfbox\fontbox\2.0.8\fontbox-2.0.8.jar;C:\Users\USER\.m2\repository\org\apache\pdfbox\xmpbox\2.0.8\xmpbox-2.0.8.jar;C:\Users\USER\.m2\repository\de\rototor\pdfbox\graphics2d\0.12\graphics2d-0.12.jar;C:\Users\USER\.m2\repository\com\openhtmltopdf\openhtmltopdf-rtl-support\0.0.1-RC13\openhtmltopdf-rtl-support-0.0.1-RC13.jar;C:\Users\USER\.m2\repository\com\ibm\icu\icu4j\59.1\icu4j-59.1.jar;C:\Users\USER\.m2\repository\com\openhtmltopdf\openhtmltopdf-jsoup-dom-converter\0.0.1-RC13\openhtmltopdf-jsoup-dom-converter-0.0.1-RC13.jar;C:\Users\USER\.m2\repository\com\vladsch\flexmark\flexmark-profile-pegdown\0.34.30\flexmark-profile-pegdown-0.34.30.jar;C:\Users\USER\.m2\repository\com\vladsch\flexmark\flexmark-util\0.34.30\flexmark-util-0.34.30.jar;C:\Users\USER\.m2\repository\com\vladsch\flexmark\flexmark-youtrack-converter\0.34.30\flexmark-youtrack-converter-0.34.30.jar;C:\Users\USER\.m2\repository\es\nitaur\markdown\txtmark\0.16\txtmark-0.16.jar;C:\Users\USER\.m2\repository\net\serenity-bdd\serenity-report-resources\2.4.51\serenity-report-resources-2.4.51.jar;C:\Users\USER\.m2\repository\com\google\code\gson\gson\2.8.7\gson-2.8.7.jar;C:\Users\USER\.m2\repository\com\fasterxml\jackson\core\jackson-core\2.12.4\jackson-core-2.12.4.jar;C:\Users\USER\.m2\repository\com\fasterxml\jackson\core\jackson-databind\2.12.4\jackson-databind-2.12.4.jar;C:\Users\USER\.m2\repository\com\fasterxml\jackson\core\jackson-annotations\2.12.4\jackson-annotations-2.12.4.jar;C:\Users\USER\.m2\repository\commons-codec\commons-codec\1.15\commons-codec-1.15.jar;C:\Users\USER\.m2\repository\commons-io\commons-io\2.8.0\commons-io-2.8.0.jar;C:\Users\USER\.m2\repository\org\seleniumhq\selenium\selenium-server\3.141.59\selenium-server-3.141.59.jar;C:\Users\USER\.m2\repository\org\seleniumhq\selenium\selenium-opera-driver\3.141.59\selenium-opera-driver-3.141.59.jar;C:\Users\USER\.m2\repository\org\seleniumhq\selenium\selenium-remote-driver\3.141.59\selenium-remote-driver-3.141.59.jar;C:\Users\USER\.m2\repository\org\seleniumhq\selenium\selenium-safari-driver\3.141.59\selenium-safari-driver-3.141.59.jar;C:\Users\USER\.m2\repository\com\beust\jcommander\1.72\jcommander-1.72.jar;C:\Users\USER\.m2\repository\org\apache\commons\commons-exec\1.3\commons-exec-1.3.jar;C:\Users\USER\.m2\repository\net\jcip\jcip-annotations\1.0\jcip-annotations-1.0.jar;C:\Users\USER\.m2\repository\org\seleniumhq\selenium\jetty-repacked\9.4.12.v20180830\jetty-repacked-9.4.12.v20180830.jar;C:\Users\USER\.m2\repository\com\squareup\okhttp3\okhttp\3.11.0\okhttp-3.11.0.jar;C:\Users\USER\.m2\repository\com\squareup\okio\okio\1.14.0\okio-1.14.0.jar;C:\Users\USER\.m2\repository\javax\servlet\javax.servlet-api\3.1.0\javax.servlet-api-3.1.0.jar;C:\Users\USER\.m2\repository\org\yaml\snakeyaml\1.19\snakeyaml-1.19.jar;C:\Users\USER\.m2\repository\org\seleniumhq\selenium\selenium-java\3.141.59\selenium-java-3.141.59.jar;C:\Users\USER\.m2\repository\org\seleniumhq\selenium\selenium-api\3.141.59\selenium-api-3.141.59.jar;C:\Users\USER\.m2\repository\org\seleniumhq\selenium\selenium-support\3.141.59\selenium-support-3.141.59.jar;C:\Users\USER\.m2\repository\org\seleniumhq\selenium\selenium-chrome-driver\3.141.59\selenium-chrome-driver-3.141.59.jar;C:\Users\USER\.m2\repository\org\seleniumhq\selenium\selenium-firefox-driver\3.141.59\selenium-firefox-driver-3.141.59.jar;C:\Users\USER\.m2\repository\org\seleniumhq\selenium\selenium-edge-driver\3.141.59\selenium-edge-driver-3.141.59.jar;C:\Users\USER\.m2\repository\org\seleniumhq\selenium\selenium-ie-driver\3.141.59\selenium-ie-driver-3.141.59.jar;C:\Users\USER\.m2\repository\net\sourceforge\htmlunit\htmlunit\2.47.1\htmlunit-2.47.1.jar;C:\Users\USER\.m2\repository\xalan\xalan\2.7.2\xalan-2.7.2.jar;C:\Users\USER\.m2\repository\xalan\serializer\2.7.2\serializer-2.7.2.jar;C:\Users\USER\.m2\repository\net\sourceforge\htmlunit\htmlunit-core-js\2.47.0\htmlunit-core-js-2.47.0.jar;C:\Users\USER\.m2\repository\net\sourceforge\htmlunit\neko-htmlunit\2.47.1\neko-htmlunit-2.47.1.jar;C:\Users\USER\.m2\repository\xerces\xercesImpl\2.12.0\xercesImpl-2.12.0.jar;C:\Users\USER\.m2\repository\xml-apis\xml-apis\1.4.01\xml-apis-1.4.01.jar;C:\Users\USER\.m2\repository\net\sourceforge\htmlunit\htmlunit-cssparser\1.7.0\htmlunit-cssparser-1.7.0.jar;C:\Users\USER\.m2\repository\org\brotli\dec\0.1.2\dec-0.1.2.jar;C:\Users\USER\.m2\repository\com\shapesecurity\salvation2\3.0.0\salvation2-3.0.0.jar;C:\Users\USER\.m2\repository\org\eclipse\jetty\websocket\websocket-client\9.4.36.v20210114\websocket-client-9.4.36.v20210114.jar;C:\Users\USER\.m2\repository\org\eclipse\jetty\jetty-client\9.4.36.v20210114\jetty-client-9.4.36.v20210114.jar;C:\Users\USER\.m2\repository\org\eclipse\jetty\jetty-http\9.4.36.v20210114\jetty-http-9.4.36.v20210114.jar;C:\Users\USER\.m2\repository\org\eclipse\jetty\jetty-util\9.4.36.v20210114\jetty-util-9.4.36.v20210114.jar;C:\Users\USER\.m2\repository\org\eclipse\jetty\jetty-io\9.4.36.v20210114\jetty-io-9.4.36.v20210114.jar;C:\Users\USER\.m2\repository\org\eclipse\jetty\websocket\websocket-common\9.4.36.v20210114\websocket-common-9.4.36.v20210114.jar;C:\Users\USER\.m2\repository\org\eclipse\jetty\websocket\websocket-api\9.4.36.v20210114\websocket-api-9.4.36.v20210114.jar;C:\Users\USER\.m2\repository\org\projectlombok\lombok\1.18.20\lombok-1.18.20.jar;C:\Users\USER\.m2\repository\org\seleniumhq\selenium\htmlunit-driver\2.47.1\htmlunit-driver-2.47.1.jar;C:\Users\USER\.m2\repository\com\codeborne\phantomjsdriver\1.4.4\phantomjsdriver-1.4.4.jar;C:\Users\USER\.m2\repository\io\appium\java-client\7.5.1\java-client-7.5.1.jar;C:\Users\USER\.m2\repository\commons-validator\commons-validator\1.7\commons-validator-1.7.jar;C:\Users\USER\.m2\repository\commons-digester\commons-digester\2.1\commons-digester-2.1.jar;C:\Users\USER\.m2\repository\org\aspectj\aspectjweaver\1.9.6\aspectjweaver-1.9.6.jar;C:\Users\USER\.m2\repository\net\sf\opencsv\opencsv\2.0\opencsv-2.0.jar;C:\Users\USER\.m2\repository\commons-beanutils\commons-beanutils\1.9.4\commons-beanutils-1.9.4.jar;C:\Users\USER\.m2\repository\commons-collections\commons-collections\3.2.2\commons-collections-3.2.2.jar;C:\Users\USER\.m2\repository\org\fluentlenium\fluentlenium-core\0.10.2\fluentlenium-core-0.10.2.jar;C:\Users\USER\.m2\repository\io\github\bonigarcia\webdrivermanager\4.4.1\webdrivermanager-4.4.1.jar;C:\Users\USER\.m2\repository\org\apache\httpcomponents\client5\httpclient5\5.0.3\httpclient5-5.0.3.jar;C:\Users\USER\.m2\repository\org\apache\httpcomponents\core5\httpcore5\5.0.2\httpcore5-5.0.2.jar;C:\Users\USER\.m2\repository\org\apache\httpcomponents\core5\httpcore5-h2\5.0.2\httpcore5-h2-5.0.2.jar;C:\Users\USER\.m2\repository\org\rauschig\jarchivelib\1.1.0\jarchivelib-1.1.0.jar;C:\Users\USER\.m2\repository\org\apache\commons\commons-compress\1.20\commons-compress-1.20.jar;C:\Users\USER\.m2\repository\com\jhlabs\filters\2.0.235\filters-2.0.235.jar;C:\Users\USER\.m2\repository\com\paulhammant\ngwebdriver\1.1.5\ngwebdriver-1.1.5.jar;C:\Users\USER\.m2\repository\joda-time\joda-time\2.8.2\joda-time-2.8.2.jar;C:\Users\USER\.m2\repository\com\google\jimfs\jimfs\1.1\jimfs-1.1.jar;C:\Users\USER\.m2\repository\org\mockito\mockito-core\3.3.3\mockito-core-3.3.3.jar;C:\Users\USER\.m2\repository\javax\xml\bind\jaxb-api\2.3.1\jaxb-api-2.3.1.jar;C:\Users\USER\.m2\repository\javax\activation\javax.activation-api\1.2.0\javax.activation-api-1.2.0.jar;C:\Users\USER\.m2\repository\com\sun\xml\bind\jaxb-core\2.3.0.1\jaxb-core-2.3.0.1.jar;C:\Users\USER\.m2\repository\com\sun\xml\bind\jaxb-impl\2.3.3\jaxb-impl-2.3.3.jar;C:\Users\USER\.m2\repository\com\sun\activation\jakarta.activation\1.2.2\jakarta.activation-1.2.2.jar;C:\Users\USER\.m2\repository\javax\activation\activation\1.1.1\activation-1.1.1.jar;C:\Users\USER\.m2\repository\net\serenity-bdd\serenity-junit\2.4.51\serenity-junit-2.4.51.jar;C:\Users\USER\.m2\repository\net\serenity-bdd\serenity-rest-assured\2.4.51\serenity-rest-assured-2.4.51.jar;C:\Users\USER\.m2\repository\org\codehaus\groovy\groovy-json\3.0.8\groovy-json-3.0.8.jar;C:\Users\USER\.m2\repository\org\opentest4j\opentest4j\1.2.0\opentest4j-1.2.0.jar;C:\Users\USER\.m2\repository\net\serenity-bdd\serenity-screenplay\2.4.51\serenity-screenplay-2.4.51.jar;C:\Users\USER\.m2\repository\net\serenity-bdd\serenity-screenplay-rest\2.4.51\serenity-screenplay-rest-2.4.51.jar;C:\Users\USER\.m2\repository\net\serenity-bdd\serenity-cucumber6\2.4.51\serenity-cucumber6-2.4.51.jar;C:\Users\USER\.m2\repository\net\serenity-bdd\serenity-screenplay-webdriver\2.4.51\serenity-screenplay-webdriver-2.4.51.jar;C:\Users\USER\.m2\repository\io\cucumber\cucumber-java\6.10.4\cucumber-java-6.10.4.jar;C:\Users\USER\.m2\repository\org\apiguardian\apiguardian-api\1.1.1\apiguardian-api-1.1.1.jar;C:\Users\USER\.m2\repository\io\cucumber\cucumber-junit\6.10.4\cucumber-junit-6.10.4.jar;C:\Users\USER\.m2\repository\io\cucumber\datatable-matchers\3.4.0\datatable-matchers-3.4.0.jar;C:\Users\USER\.m2\repository\io\cucumber\datatable\3.4.0\datatable-3.4.0.jar;C:\Users\USER\.m2\repository\commons-logging\commons-logging\1.2\commons-logging-1.2.jar;C:\Users\USER\.m2\repository\org\apache\commons\commons-csv\1.5\commons-csv-1.5.jar;C:\Users\USER\.m2\repository\io\rest-assured\rest-assured\4.3.2\rest-assured-4.3.2.jar;C:\Users\USER\.m2\repository\org\apache\httpcomponents\httpclient\4.5.3\httpclient-4.5.3.jar;C:\Users\USER\.m2\repository\org\apache\httpcomponents\httpcore\4.4.6\httpcore-4.4.6.jar;C:\Users\USER\.m2\repository\org\apache\httpcomponents\httpmime\4.5.3\httpmime-4.5.3.jar;C:\Users\USER\.m2\repository\org\ccil\cowan\tagsoup\tagsoup\1.2.1\tagsoup-1.2.1.jar;C:\Users\USER\.m2\repository\io\rest-assured\json-path\4.3.3\json-path-4.3.3.jar;C:\Users\USER\.m2\repository\io\rest-assured\rest-assured-common\4.3.3\rest-assured-common-4.3.3.jar;C:\Users\USER\.m2\repository\io\rest-assured\xml-path\4.3.3\xml-path-4.3.3.jar;C:\Users\USER\.m2\repository\jakarta\xml\bind\jakarta.xml.bind-api\2.3.3\jakarta.xml.bind-api-2.3.3.jar;C:\Users\USER\.m2\repository\jakarta\activation\jakarta.activation-api\1.2.2\jakarta.activation-api-1.2.2.jar;C:\Users\USER\.m2\repository\org\codehaus\groovy\groovy\3.0.6\groovy-3.0.6.jar;C:\Users\USER\.m2\repository\org\codehaus\groovy\groovy-xml\3.0.6\groovy-xml-3.0.6.jar;C:\Users\USER\.m2\repository\junit\junit\4.13.1\junit-4.13.1.jar;C:\Users\USER\.m2\repository\org\hamcrest\hamcrest-core\1.3\hamcrest-core-1.3.jar;C:\Users\USER\.m2\repository\org\assertj\assertj-core\3.6.2\assertj-core-3.6.2.jar;C:\Users\USER\.m2\repository\org\hamcrest\hamcrest\2.2\hamcrest-2.2.jar;C:\Users\USER\.m2\repository\org\apache\commons\commons-lang3\3.8.1\commons-lang3-3.8.1.jar;"/>
    <property name="java.vm.vendor" value="Oracle Corporation"/>
    <property name="sun.arch.data.model" value="64"/>
    <property name="user.variant" value=""/>
    <property name="java.vendor.url" value="http://java.oracle.com/"/>
    <property name="user.timezone" value="Asia/Bangkok"/>
    <property name="java.vm.specification.version" value="1.8"/>
    <property name="os.name" value="Windows 10"/>
    <property name="user.country" value="ID"/>
    <property name="sun.java.launcher" value="SUN_STANDARD"/>
    <property name="sun.boot.library.path" value="C:\Program Files\Java\jdk1.8.0_321\jre\bin"/>
    <property name="sun.java.command" value="C:\Users\USER\AppData\Local\Temp\surefire8575142882580400102\surefirebooter2311470357387418580.jar C:\Users\USER\AppData\Local\Temp\surefire8575142882580400102 2022-07-21T22-45-47_144-jvmRun1 surefire2094995159114506927tmp surefire_01153009280389550351tmp"/>
    <property name="surefire.test.class.path" value="D:\Capstone Project\target\test-classes;D:\Capstone Project\target\Capstone-1.0-SNAPSHOT.jar;C:\Users\USER\.m2\repository\ch\qos\logback\logback-classic\1.2.3\logback-classic-1.2.3.jar;C:\Users\USER\.m2\repository\ch\qos\logback\logback-core\1.2.3\logback-core-1.2.3.jar;C:\Users\USER\.m2\repository\org\slf4j\slf4j-api\1.7.25\slf4j-api-1.7.25.jar;C:\Users\USER\.m2\repository\com\googlecode\json-simple\json-simple\1.1.1\json-simple-1.1.1.jar;C:\Users\USER\.m2\repository\net\serenity-bdd\serenity-core\2.4.51\serenity-core-2.4.51.jar;C:\Users\USER\.m2\repository\net\serenity-bdd\serenity-model\2.4.51\serenity-model-2.4.51.jar;C:\Users\USER\.m2\repository\org\apache\commons\commons-text\1.9\commons-text-1.9.jar;C:\Users\USER\.m2\repository\commons-net\commons-net\3.6\commons-net-3.6.jar;C:\Users\USER\.m2\repository\com\google\guava\guava\30.1-jre\guava-30.1-jre.jar;C:\Users\USER\.m2\repository\com\google\guava\failureaccess\1.0.1\failureaccess-1.0.1.jar;C:\Users\USER\.m2\repository\com\google\guava\listenablefuture\9999.0-empty-to-avoid-conflict-with-guava\listenablefuture-9999.0-empty-to-avoid-conflict-with-guava.jar;C:\Users\USER\.m2\repository\com\google\code\findbugs\jsr305\3.0.2\jsr305-3.0.2.jar;C:\Users\USER\.m2\repository\org\checkerframework\checker-qual\3.5.0\checker-qual-3.5.0.jar;C:\Users\USER\.m2\repository\com\google\errorprone\error_prone_annotations\2.3.4\error_prone_annotations-2.3.4.jar;C:\Users\USER\.m2\repository\com\google\j2objc\j2objc-annotations\1.3\j2objc-annotations-1.3.jar;C:\Users\USER\.m2\repository\com\google\inject\guice\5.0.1\guice-5.0.1.jar;C:\Users\USER\.m2\repository\javax\inject\javax.inject\1\javax.inject-1.jar;C:\Users\USER\.m2\repository\aopalliance\aopalliance\1.0\aopalliance-1.0.jar;C:\Users\USER\.m2\repository\org\jsoup\jsoup\1.13.1\jsoup-1.13.1.jar;C:\Users\USER\.m2\repository\com\thoughtworks\xstream\xstream\1.4.17\xstream-1.4.17.jar;C:\Users\USER\.m2\repository\io\github\x-stream\mxparser\1.2.1\mxparser-1.2.1.jar;C:\Users\USER\.m2\repository\xmlpull\xmlpull\1.1.3.1\xmlpull-1.1.3.1.jar;C:\Users\USER\.m2\repository\io\cucumber\cucumber-core\6.10.2\cucumber-core-6.10.2.jar;C:\Users\USER\.m2\repository\io\cucumber\cucumber-gherkin\6.10.2\cucumber-gherkin-6.10.2.jar;C:\Users\USER\.m2\repository\io\cucumber\cucumber-gherkin-messages\6.10.2\cucumber-gherkin-messages-6.10.2.jar;C:\Users\USER\.m2\repository\io\cucumber\messages\14.0.1\messages-14.0.1.jar;C:\Users\USER\.m2\repository\io\cucumber\tag-expressions\3.0.0\tag-expressions-3.0.0.jar;C:\Users\USER\.m2\repository\io\cucumber\cucumber-expressions\10.3.0\cucumber-expressions-10.3.0.jar;C:\Users\USER\.m2\repository\io\cucumber\cucumber-plugin\6.10.2\cucumber-plugin-6.10.2.jar;C:\Users\USER\.m2\repository\io\cucumber\docstring\6.10.2\docstring-6.10.2.jar;C:\Users\USER\.m2\repository\io\cucumber\html-formatter\12.0.0\html-formatter-12.0.0.jar;C:\Users\USER\.m2\repository\io\cucumber\create-meta\3.0.0\create-meta-3.0.0.jar;C:\Users\USER\.m2\repository\com\typesafe\config\1.3.1\config-1.3.1.jar;C:\Users\USER\.m2\repository\org\imgscalr\imgscalr-lib\4.2\imgscalr-lib-4.2.jar;C:\Users\USER\.m2\repository\org\awaitility\awaitility\4.0.3\awaitility-4.0.3.jar;C:\Users\USER\.m2\repository\org\freemarker\freemarker\2.3.29\freemarker-2.3.29.jar;C:\Users\USER\.m2\repository\net\sourceforge\jexcelapi\jxl\2.6.12\jxl-2.6.12.jar;C:\Users\USER\.m2\repository\org\asciidoctor\asciidoctorj\2.5.1\asciidoctorj-2.5.1.jar;C:\Users\USER\.m2\repository\org\asciidoctor\asciidoctorj-api\2.5.1\asciidoctorj-api-2.5.1.jar;C:\Users\USER\.m2\repository\org\jruby\jruby\9.2.17.0\jruby-9.2.17.0.jar;C:\Users\USER\.m2\repository\org\jruby\jruby-core\9.2.17.0\jruby-core-9.2.17.0.jar;C:\Users\USER\.m2\repository\com\github\jnr\jnr-netdb\1.2.0\jnr-netdb-1.2.0.jar;C:\Users\USER\.m2\repository\com\github\jnr\jnr-enxio\0.32.3\jnr-enxio-0.32.3.jar;C:\Users\USER\.m2\repository\com\github\jnr\jnr-unixsocket\0.38.5\jnr-unixsocket-0.38.5.jar;C:\Users\USER\.m2\repository\com\github\jnr\jnr-posix\3.1.4\jnr-posix-3.1.4.jar;C:\Users\USER\.m2\repository\com\github\jnr\jnr-constants\0.10.1\jnr-constants-0.10.1.jar;C:\Users\USER\.m2\repository\com\github\jnr\jffi\1.3.1\jffi-1.3.1.jar;C:\Users\USER\.m2\repository\com\github\jnr\jffi\1.3.1\jffi-1.3.1-native.jar;C:\Users\USER\.m2\repository\org\jruby\joni\joni\2.1.31\joni-2.1.31.jar;C:\Users\USER\.m2\repository\org\jruby\jcodings\jcodings\1.0.46\jcodings-1.0.46.jar;C:\Users\USER\.m2\repository\org\jruby\dirgra\0.3\dirgra-0.3.jar;C:\Users\USER\.m2\repository\com\headius\invokebinder\1.11\invokebinder-1.11.jar;C:\Users\USER\.m2\repository\com\headius\options\1.4\options-1.4.jar;C:\Users\USER\.m2\repository\com\jcraft\jzlib\1.1.3\jzlib-1.1.3.jar;C:\Users\USER\.m2\repository\com\martiansoftware\nailgun-server\0.9.1\nailgun-server-0.9.1.jar;C:\Users\USER\.m2\repository\com\headius\backport9\1.8\backport9-1.8.jar;C:\Users\USER\.m2\repository\javax\annotation\javax.annotation-api\1.3.1\javax.annotation-api-1.3.1.jar;C:\Users\USER\.m2\repository\org\jruby\jruby-stdlib\9.2.17.0\jruby-stdlib-9.2.17.0.jar;C:\Users\USER\.m2\repository\net\bytebuddy\byte-buddy\1.11.1\byte-buddy-1.11.1.jar;C:\Users\USER\.m2\repository\net\bytebuddy\byte-buddy-agent\1.11.1\byte-buddy-agent-1.11.1.jar;C:\Users\USER\.m2\repository\org\objenesis\objenesis\3.1\objenesis-3.1.jar;C:\Users\USER\.m2\repository\net\serenity-bdd\serenity-reports\2.4.51\serenity-reports-2.4.51.jar;C:\Users\USER\.m2\repository\net\serenity-bdd\serenity-stats\2.4.51\serenity-stats-2.4.51.jar;C:\Users\USER\.m2\repository\org\jetbrains\kotlin\kotlin-stdlib\1.5.0\kotlin-stdlib-1.5.0.jar;C:\Users\USER\.m2\repository\org\jetbrains\annotations\13.0\annotations-13.0.jar;C:\Users\USER\.m2\repository\org\jetbrains\kotlin\kotlin-stdlib-common\1.5.0\kotlin-stdlib-common-1.5.0.jar;C:\Users\USER\.m2\repository\net\serenity-bdd\serenity-reports-configuration\2.4.51\serenity-reports-configuration-2.4.51.jar;C:\Users\USER\.m2\repository\com\vladsch\flexmark\flexmark-all\0.34.30\flexmark-all-0.34.30.jar;C:\Users\USER\.m2\repository\com\vladsch\flexmark\flexmark\0.34.30\flexmark-0.34.30.jar;C:\Users\USER\.m2\repository\com\vladsch\flexmark\flexmark-ext-abbreviation\0.34.30\flexmark-ext-abbreviation-0.34.30.jar;C:\Users\USER\.m2\repository\com\vladsch\flexmark\flexmark-ext-admonition\0.34.30\flexmark-ext-admonition-0.34.30.jar;C:\Users\USER\.m2\repository\com\vladsch\flexmark\flexmark-ext-anchorlink\0.34.30\flexmark-ext-anchorlink-0.34.30.jar;C:\Users\USER\.m2\repository\com\vladsch\flexmark\flexmark-ext-aside\0.34.30\flexmark-ext-aside-0.34.30.jar;C:\Users\USER\.m2\repository\com\vladsch\flexmark\flexmark-ext-attributes\0.34.30\flexmark-ext-attributes-0.34.30.jar;C:\Users\USER\.m2\repository\com\vladsch\flexmark\flexmark-ext-autolink\0.34.30\flexmark-ext-autolink-0.34.30.jar;C:\Users\USER\.m2\repository\org\nibor\autolink\autolink\0.6.0\autolink-0.6.0.jar;C:\Users\USER\.m2\repository\com\vladsch\flexmark\flexmark-ext-definition\0.34.30\flexmark-ext-definition-0.34.30.jar;C:\Users\USER\.m2\repository\com\vladsch\flexmark\flexmark-ext-emoji\0.34.30\flexmark-ext-emoji-0.34.30.jar;C:\Users\USER\.m2\repository\com\vladsch\flexmark\flexmark-ext-enumerated-reference\0.34.30\flexmark-ext-enumerated-reference-0.34.30.jar;C:\Users\USER\.m2\repository\com\vladsch\flexmark\flexmark-ext-escaped-character\0.34.30\flexmark-ext-escaped-character-0.34.30.jar;C:\Users\USER\.m2\repository\com\vladsch\flexmark\flexmark-ext-footnotes\0.34.30\flexmark-ext-footnotes-0.34.30.jar;C:\Users\USER\.m2\repository\com\vladsch\flexmark\flexmark-ext-gfm-issues\0.34.30\flexmark-ext-gfm-issues-0.34.30.jar;C:\Users\USER\.m2\repository\com\vladsch\flexmark\flexmark-ext-gfm-strikethrough\0.34.30\flexmark-ext-gfm-strikethrough-0.34.30.jar;C:\Users\USER\.m2\repository\com\vladsch\flexmark\flexmark-ext-gfm-tables\0.34.30\flexmark-ext-gfm-tables-0.34.30.jar;C:\Users\USER\.m2\repository\com\vladsch\flexmark\flexmark-ext-gfm-tasklist\0.34.30\flexmark-ext-gfm-tasklist-0.34.30.jar;C:\Users\USER\.m2\repository\com\vladsch\flexmark\flexmark-ext-gfm-users\0.34.30\flexmark-ext-gfm-users-0.34.30.jar;C:\Users\USER\.m2\repository\com\vladsch\flexmark\flexmark-ext-gitlab\0.34.30\flexmark-ext-gitlab-0.34.30.jar;C:\Users\USER\.m2\repository\com\vladsch\flexmark\flexmark-ext-jekyll-front-matter\0.34.30\flexmark-ext-jekyll-front-matter-0.34.30.jar;C:\Users\USER\.m2\repository\com\vladsch\flexmark\flexmark-ext-jekyll-tag\0.34.30\flexmark-ext-jekyll-tag-0.34.30.jar;C:\Users\USER\.m2\repository\com\vladsch\flexmark\flexmark-ext-media-tags\0.34.30\flexmark-ext-media-tags-0.34.30.jar;C:\Users\USER\.m2\repository\com\vladsch\flexmark\flexmark-test-util\0.34.30\flexmark-test-util-0.34.30.jar;C:\Users\USER\.m2\repository\com\vladsch\flexmark\flexmark-ext-ins\0.34.30\flexmark-ext-ins-0.34.30.jar;C:\Users\USER\.m2\repository\com\vladsch\flexmark\flexmark-ext-xwiki-macros\0.34.30\flexmark-ext-xwiki-macros-0.34.30.jar;C:\Users\USER\.m2\repository\com\vladsch\flexmark\flexmark-ext-superscript\0.34.30\flexmark-ext-superscript-0.34.30.jar;C:\Users\USER\.m2\repository\com\vladsch\flexmark\flexmark-ext-tables\0.34.30\flexmark-ext-tables-0.34.30.jar;C:\Users\USER\.m2\repository\com\vladsch\flexmark\flexmark-ext-toc\0.34.30\flexmark-ext-toc-0.34.30.jar;C:\Users\USER\.m2\repository\com\vladsch\flexmark\flexmark-ext-typographic\0.34.30\flexmark-ext-typographic-0.34.30.jar;C:\Users\USER\.m2\repository\com\vladsch\flexmark\flexmark-ext-wikilink\0.34.30\flexmark-ext-wikilink-0.34.30.jar;C:\Users\USER\.m2\repository\com\vladsch\flexmark\flexmark-ext-yaml-front-matter\0.34.30\flexmark-ext-yaml-front-matter-0.34.30.jar;C:\Users\USER\.m2\repository\com\vladsch\flexmark\flexmark-ext-youtube-embedded\0.34.30\flexmark-ext-youtube-embedded-0.34.30.jar;C:\Users\USER\.m2\repository\com\vladsch\flexmark\flexmark-formatter\0.34.30\flexmark-formatter-0.34.30.jar;C:\Users\USER\.m2\repository\com\vladsch\flexmark\flexmark-html-parser\0.34.30\flexmark-html-parser-0.34.30.jar;C:\Users\USER\.m2\repository\com\vladsch\flexmark\flexmark-jira-converter\0.34.30\flexmark-jira-converter-0.34.30.jar;C:\Users\USER\.m2\repository\com\vladsch\flexmark\flexmark-pdf-converter\0.34.30\flexmark-pdf-converter-0.34.30.jar;C:\Users\USER\.m2\repository\com\openhtmltopdf\openhtmltopdf-core\0.0.1-RC13\openhtmltopdf-core-0.0.1-RC13.jar;C:\Users\USER\.m2\repository\com\openhtmltopdf\openhtmltopdf-pdfbox\0.0.1-RC13\openhtmltopdf-pdfbox-0.0.1-RC13.jar;C:\Users\USER\.m2\repository\org\apache\pdfbox\pdfbox\2.0.8\pdfbox-2.0.8.jar;C:\Users\USER\.m2\repository\org\apache\pdfbox\fontbox\2.0.8\fontbox-2.0.8.jar;C:\Users\USER\.m2\repository\org\apache\pdfbox\xmpbox\2.0.8\xmpbox-2.0.8.jar;C:\Users\USER\.m2\repository\de\rototor\pdfbox\graphics2d\0.12\graphics2d-0.12.jar;C:\Users\USER\.m2\repository\com\openhtmltopdf\openhtmltopdf-rtl-support\0.0.1-RC13\openhtmltopdf-rtl-support-0.0.1-RC13.jar;C:\Users\USER\.m2\repository\com\ibm\icu\icu4j\59.1\icu4j-59.1.jar;C:\Users\USER\.m2\repository\com\openhtmltopdf\openhtmltopdf-jsoup-dom-converter\0.0.1-RC13\openhtmltopdf-jsoup-dom-converter-0.0.1-RC13.jar;C:\Users\USER\.m2\repository\com\vladsch\flexmark\flexmark-profile-pegdown\0.34.30\flexmark-profile-pegdown-0.34.30.jar;C:\Users\USER\.m2\repository\com\vladsch\flexmark\flexmark-util\0.34.30\flexmark-util-0.34.30.jar;C:\Users\USER\.m2\repository\com\vladsch\flexmark\flexmark-youtrack-converter\0.34.30\flexmark-youtrack-converter-0.34.30.jar;C:\Users\USER\.m2\repository\es\nitaur\markdown\txtmark\0.16\txtmark-0.16.jar;C:\Users\USER\.m2\repository\net\serenity-bdd\serenity-report-resources\2.4.51\serenity-report-resources-2.4.51.jar;C:\Users\USER\.m2\repository\com\google\code\gson\gson\2.8.7\gson-2.8.7.jar;C:\Users\USER\.m2\repository\com\fasterxml\jackson\core\jackson-core\2.12.4\jackson-core-2.12.4.jar;C:\Users\USER\.m2\repository\com\fasterxml\jackson\core\jackson-databind\2.12.4\jackson-databind-2.12.4.jar;C:\Users\USER\.m2\repository\com\fasterxml\jackson\core\jackson-annotations\2.12.4\jackson-annotations-2.12.4.jar;C:\Users\USER\.m2\repository\commons-codec\commons-codec\1.15\commons-codec-1.15.jar;C:\Users\USER\.m2\repository\commons-io\commons-io\2.8.0\commons-io-2.8.0.jar;C:\Users\USER\.m2\repository\org\seleniumhq\selenium\selenium-server\3.141.59\selenium-server-3.141.59.jar;C:\Users\USER\.m2\repository\org\seleniumhq\selenium\selenium-opera-driver\3.141.59\selenium-opera-driver-3.141.59.jar;C:\Users\USER\.m2\repository\org\seleniumhq\selenium\selenium-remote-driver\3.141.59\selenium-remote-driver-3.141.59.jar;C:\Users\USER\.m2\repository\org\seleniumhq\selenium\selenium-safari-driver\3.141.59\selenium-safari-driver-3.141.59.jar;C:\Users\USER\.m2\repository\com\beust\jcommander\1.72\jcommander-1.72.jar;C:\Users\USER\.m2\repository\org\apache\commons\commons-exec\1.3\commons-exec-1.3.jar;C:\Users\USER\.m2\repository\net\jcip\jcip-annotations\1.0\jcip-annotations-1.0.jar;C:\Users\USER\.m2\repository\org\seleniumhq\selenium\jetty-repacked\9.4.12.v20180830\jetty-repacked-9.4.12.v20180830.jar;C:\Users\USER\.m2\repository\com\squareup\okhttp3\okhttp\3.11.0\okhttp-3.11.0.jar;C:\Users\USER\.m2\repository\com\squareup\okio\okio\1.14.0\okio-1.14.0.jar;C:\Users\USER\.m2\repository\javax\servlet\javax.servlet-api\3.1.0\javax.servlet-api-3.1.0.jar;C:\Users\USER\.m2\repository\org\yaml\snakeyaml\1.19\snakeyaml-1.19.jar;C:\Users\USER\.m2\repository\org\seleniumhq\selenium\selenium-java\3.141.59\selenium-java-3.141.59.jar;C:\Users\USER\.m2\repository\org\seleniumhq\selenium\selenium-api\3.141.59\selenium-api-3.141.59.jar;C:\Users\USER\.m2\repository\org\seleniumhq\selenium\selenium-support\3.141.59\selenium-support-3.141.59.jar;C:\Users\USER\.m2\repository\org\seleniumhq\selenium\selenium-chrome-driver\3.141.59\selenium-chrome-driver-3.141.59.jar;C:\Users\USER\.m2\repository\org\seleniumhq\selenium\selenium-firefox-driver\3.141.59\selenium-firefox-driver-3.141.59.jar;C:\Users\USER\.m2\repository\org\seleniumhq\selenium\selenium-edge-driver\3.141.59\selenium-edge-driver-3.141.59.jar;C:\Users\USER\.m2\repository\org\seleniumhq\selenium\selenium-ie-driver\3.141.59\selenium-ie-driver-3.141.59.jar;C:\Users\USER\.m2\repository\net\sourceforge\htmlunit\htmlunit\2.47.1\htmlunit-2.47.1.jar;C:\Users\USER\.m2\repository\xalan\xalan\2.7.2\xalan-2.7.2.jar;C:\Users\USER\.m2\repository\xalan\serializer\2.7.2\serializer-2.7.2.jar;C:\Users\USER\.m2\repository\net\sourceforge\htmlunit\htmlunit-core-js\2.47.0\htmlunit-core-js-2.47.0.jar;C:\Users\USER\.m2\repository\net\sourceforge\htmlunit\neko-htmlunit\2.47.1\neko-htmlunit-2.47.1.jar;C:\Users\USER\.m2\repository\xerces\xercesImpl\2.12.0\xercesImpl-2.12.0.jar;C:\Users\USER\.m2\repository\xml-apis\xml-apis\1.4.01\xml-apis-1.4.01.jar;C:\Users\USER\.m2\repository\net\sourceforge\htmlunit\htmlunit-cssparser\1.7.0\htmlunit-cssparser-1.7.0.jar;C:\Users\USER\.m2\repository\org\brotli\dec\0.1.2\dec-0.1.2.jar;C:\Users\USER\.m2\repository\com\shapesecurity\salvation2\3.0.0\salvation2-3.0.0.jar;C:\Users\USER\.m2\repository\org\eclipse\jetty\websocket\websocket-client\9.4.36.v20210114\websocket-client-9.4.36.v20210114.jar;C:\Users\USER\.m2\repository\org\eclipse\jetty\jetty-client\9.4.36.v20210114\jetty-client-9.4.36.v20210114.jar;C:\Users\USER\.m2\repository\org\eclipse\jetty\jetty-http\9.4.36.v20210114\jetty-http-9.4.36.v20210114.jar;C:\Users\USER\.m2\repository\org\eclipse\jetty\jetty-util\9.4.36.v20210114\jetty-util-9.4.36.v20210114.jar;C:\Users\USER\.m2\repository\org\eclipse\jetty\jetty-io\9.4.36.v20210114\jetty-io-9.4.36.v20210114.jar;C:\Users\USER\.m2\repository\org\eclipse\jetty\websocket\websocket-common\9.4.36.v20210114\websocket-common-9.4.36.v20210114.jar;C:\Users\USER\.m2\repository\org\eclipse\jetty\websocket\websocket-api\9.4.36.v20210114\websocket-api-9.4.36.v20210114.jar;C:\Users\USER\.m2\repository\org\projectlombok\lombok\1.18.20\lombok-1.18.20.jar;C:\Users\USER\.m2\repository\org\seleniumhq\selenium\htmlunit-driver\2.47.1\htmlunit-driver-2.47.1.jar;C:\Users\USER\.m2\repository\com\codeborne\phantomjsdriver\1.4.4\phantomjsdriver-1.4.4.jar;C:\Users\USER\.m2\repository\io\appium\java-client\7.5.1\java-client-7.5.1.jar;C:\Users\USER\.m2\repository\commons-validator\commons-validator\1.7\commons-validator-1.7.jar;C:\Users\USER\.m2\repository\commons-digester\commons-digester\2.1\commons-digester-2.1.jar;C:\Users\USER\.m2\repository\org\aspectj\aspectjweaver\1.9.6\aspectjweaver-1.9.6.jar;C:\Users\USER\.m2\repository\net\sf\opencsv\opencsv\2.0\opencsv-2.0.jar;C:\Users\USER\.m2\repository\commons-beanutils\commons-beanutils\1.9.4\commons-beanutils-1.9.4.jar;C:\Users\USER\.m2\repository\commons-collections\commons-collections\3.2.2\commons-collections-3.2.2.jar;C:\Users\USER\.m2\repository\org\fluentlenium\fluentlenium-core\0.10.2\fluentlenium-core-0.10.2.jar;C:\Users\USER\.m2\repository\io\github\bonigarcia\webdrivermanager\4.4.1\webdrivermanager-4.4.1.jar;C:\Users\USER\.m2\repository\org\apache\httpcomponents\client5\httpclient5\5.0.3\httpclient5-5.0.3.jar;C:\Users\USER\.m2\repository\org\apache\httpcomponents\core5\httpcore5\5.0.2\httpcore5-5.0.2.jar;C:\Users\USER\.m2\repository\org\apache\httpcomponents\core5\httpcore5-h2\5.0.2\httpcore5-h2-5.0.2.jar;C:\Users\USER\.m2\repository\org\rauschig\jarchivelib\1.1.0\jarchivelib-1.1.0.jar;C:\Users\USER\.m2\repository\org\apache\commons\commons-compress\1.20\commons-compress-1.20.jar;C:\Users\USER\.m2\repository\com\jhlabs\filters\2.0.235\filters-2.0.235.jar;C:\Users\USER\.m2\repository\com\paulhammant\ngwebdriver\1.1.5\ngwebdriver-1.1.5.jar;C:\Users\USER\.m2\repository\joda-time\joda-time\2.8.2\joda-time-2.8.2.jar;C:\Users\USER\.m2\repository\com\google\jimfs\jimfs\1.1\jimfs-1.1.jar;C:\Users\USER\.m2\repository\org\mockito\mockito-core\3.3.3\mockito-core-3.3.3.jar;C:\Users\USER\.m2\repository\javax\xml\bind\jaxb-api\2.3.1\jaxb-api-2.3.1.jar;C:\Users\USER\.m2\repository\javax\activation\javax.activation-api\1.2.0\javax.activation-api-1.2.0.jar;C:\Users\USER\.m2\repository\com\sun\xml\bind\jaxb-core\2.3.0.1\jaxb-core-2.3.0.1.jar;C:\Users\USER\.m2\repository\com\sun\xml\bind\jaxb-impl\2.3.3\jaxb-impl-2.3.3.jar;C:\Users\USER\.m2\repository\com\sun\activation\jakarta.activation\1.2.2\jakarta.activation-1.2.2.jar;C:\Users\USER\.m2\repository\javax\activation\activation\1.1.1\activation-1.1.1.jar;C:\Users\USER\.m2\repository\net\serenity-bdd\serenity-junit\2.4.51\serenity-junit-2.4.51.jar;C:\Users\USER\.m2\repository\net\serenity-bdd\serenity-rest-assured\2.4.51\serenity-rest-assured-2.4.51.jar;C:\Users\USER\.m2\repository\org\codehaus\groovy\groovy-json\3.0.8\groovy-json-3.0.8.jar;C:\Users\USER\.m2\repository\org\opentest4j\opentest4j\1.2.0\opentest4j-1.2.0.jar;C:\Users\USER\.m2\repository\net\serenity-bdd\serenity-screenplay\2.4.51\serenity-screenplay-2.4.51.jar;C:\Users\USER\.m2\repository\net\serenity-bdd\serenity-screenplay-rest\2.4.51\serenity-screenplay-rest-2.4.51.jar;C:\Users\USER\.m2\repository\net\serenity-bdd\serenity-cucumber6\2.4.51\serenity-cucumber6-2.4.51.jar;C:\Users\USER\.m2\repository\net\serenity-bdd\serenity-screenplay-webdriver\2.4.51\serenity-screenplay-webdriver-2.4.51.jar;C:\Users\USER\.m2\repository\io\cucumber\cucumber-java\6.10.4\cucumber-java-6.10.4.jar;C:\Users\USER\.m2\repository\org\apiguardian\apiguardian-api\1.1.1\apiguardian-api-1.1.1.jar;C:\Users\USER\.m2\repository\io\cucumber\cucumber-junit\6.10.4\cucumber-junit-6.10.4.jar;C:\Users\USER\.m2\repository\io\cucumber\datatable-matchers\3.4.0\datatable-matchers-3.4.0.jar;C:\Users\USER\.m2\repository\io\cucumber\datatable\3.4.0\datatable-3.4.0.jar;C:\Users\USER\.m2\repository\commons-logging\commons-logging\1.2\commons-logging-1.2.jar;C:\Users\USER\.m2\repository\org\apache\commons\commons-csv\1.5\commons-csv-1.5.jar;C:\Users\USER\.m2\repository\io\rest-assured\rest-assured\4.3.2\rest-assured-4.3.2.jar;C:\Users\USER\.m2\repository\org\apache\httpcomponents\httpclient\4.5.3\httpclient-4.5.3.jar;C:\Users\USER\.m2\repository\org\apache\httpcomponents\httpcore\4.4.6\httpcore-4.4.6.jar;C:\Users\USER\.m2\repository\org\apache\httpcomponents\httpmime\4.5.3\httpmime-4.5.3.jar;C:\Users\USER\.m2\repository\org\ccil\cowan\tagsoup\tagsoup\1.2.1\tagsoup-1.2.1.jar;C:\Users\USER\.m2\repository\io\rest-assured\json-path\4.3.3\json-path-4.3.3.jar;C:\Users\USER\.m2\repository\io\rest-assured\rest-assured-common\4.3.3\rest-assured-common-4.3.3.jar;C:\Users\USER\.m2\repository\io\rest-assured\xml-path\4.3.3\xml-path-4.3.3.jar;C:\Users\USER\.m2\repository\jakarta\xml\bind\jakarta.xml.bind-api\2.3.3\jakarta.xml.bind-api-2.3.3.jar;C:\Users\USER\.m2\repository\jakarta\activation\jakarta.activation-api\1.2.2\jakarta.activation-api-1.2.2.jar;C:\Users\USER\.m2\repository\org\codehaus\groovy\groovy\3.0.6\groovy-3.0.6.jar;C:\Users\USER\.m2\repository\org\codehaus\groovy\groovy-xml\3.0.6\groovy-xml-3.0.6.jar;C:\Users\USER\.m2\repository\junit\junit\4.13.1\junit-4.13.1.jar;C:\Users\USER\.m2\repository\org\hamcrest\hamcrest-core\1.3\hamcrest-core-1.3.jar;C:\Users\USER\.m2\repository\org\assertj\assertj-core\3.6.2\assertj-core-3.6.2.jar;C:\Users\USER\.m2\repository\org\hamcrest\hamcrest\2.2\hamcrest-2.2.jar;C:\Users\USER\.m2\repository\org\apache\commons\commons-lang3\3.8.1\commons-lang3-3.8.1.jar;"/>
    <property name="sun.cpu.endian" value="little"/>
    <property name="user.home" value="C:\Users\USER"/>
    <property name="user.language" value="en"/>
    <property name="java.specification.vendor" value="Oracle Corporation"/>
    <property name="java.home" value="C:\Program Files\Java\jdk1.8.0_321\jre"/>
    <property name="basedir" value="D:\Capstone Project"/>
    <property name="file.separator" value="\"/>
    <property name="line.separator" value="&#10;"/>
    <property name="java.vm.specification.vendor" value="Oracle Corporation"/>
    <property name="java.specification.name" value="Java Platform API Specification"/>
    <property name="java.awt.graphicsenv" value="sun.awt.Win32GraphicsEnvironment"/>
    <property name="surefire.real.class.path" value="C:\Users\USER\AppData\Local\Temp\surefire8575142882580400102\surefirebooter2311470357387418580.jar"/>
    <property name="sun.boot.class.path" value="C:\Program Files\Java\jdk1.8.0_321\jre\lib\resources.jar;C:\Program Files\Java\jdk1.8.0_321\jre\lib\rt.jar;C:\Program Files\Java\jdk1.8.0_321\jre\lib\sunrsasign.jar;C:\Program Files\Java\jdk1.8.0_321\jre\lib\jsse.jar;C:\Program Files\Java\jdk1.8.0_321\jre\lib\jce.jar;C:\Program Files\Java\jdk1.8.0_321\jre\lib\charsets.jar;C:\Program Files\Java\jdk1.8.0_321\jre\lib\jfr.jar;C:\Program Files\Java\jdk1.8.0_321\jre\classes"/>
    <property name="user.script" value=""/>
    <property name="sun.management.compiler" value="HotSpot 64-Bit Tiered Compilers"/>
    <property name="java.runtime.version" value="1.8.0_321-b07"/>
    <property name="user.name" value="USER"/>
    <property name="path.separator" value=";"/>
    <property name="os.version" value="10.0"/>
    <property name="java.endorsed.dirs" value="C:\Program Files\Java\jdk1.8.0_321\jre\lib\endorsed"/>
    <property name="java.runtime.name" value="Java(TM) SE Runtime Environment"/>
    <property name="file.encoding" value="Cp1252"/>
    <property name="webdriver.base.url" value=""/>
    <property name="java.vm.name" value="Java HotSpot(TM) 64-Bit Server VM"/>
    <property name="localRepository" value="C:\Users\USER\.m2\repository"/>
    <property name="java.vendor.url.bug" value="http://bugreport.sun.com/bugreport/"/>
    <property name="java.io.tmpdir" value="C:\Users\USER\AppData\Local\Temp\"/>
    <property name="java.version" value="1.8.0_321"/>
    <property name="user.dir" value="D:\Capstone Project"/>
    <property name="os.arch" value="amd64"/>
    <property name="java.vm.specification.name" value="Java Virtual Machine Specification"/>
    <property name="java.awt.printerjob" value="sun.awt.windows.WPrinterJob"/>
    <property name="sun.os.patch.level" value=""/>
    <property name="java.library.path" value="C:\Program Files\Java\jdk1.8.0_321\jre\bin;C:\Windows\Sun\Java\bin;C:\Windows\system32;C:\Windows;C:\Program Files (x86)\Common Files\Oracle\Java\javapath;C:\Windows\system32;C:\Windows;C:\Windows\System32\Wbem;C:\Windows\System32\WindowsPowerShell\v1.0\;C:\Windows\System32\OpenSSH\;C:\Program Files\Git\cmd;C:\Program Files\apache-maven-3.5.2\bin;C:\Users\USER\AppData\Local\Microsoft\WindowsApps;;C:\Program Files\JetBrains\IntelliJ IDEA 2022.1\bin;;."/>
    <property name="java.vm.info" value="mixed mode"/>
    <property name="java.vendor" value="Oracle Corporation"/>
    <property name="java.vm.version" value="25.321-b07"/>
    <property name="java.ext.dirs" value="C:\Program Files\Java\jdk1.8.0_321\jre\lib\ext;C:\Windows\Sun\Java\lib\ext"/>
    <property name="sun.io.unicode.encoding" value="UnicodeLittle"/>
    <property name="java.class.version" value="52.0"/>
  </properties>
  <testcase name="POST - Thread | Up Votes Existing Thread Data" classname="ThreadUpvotes" time="1.307">
    <system-out><![CDATA[

21
 Scenarios (
&amp#27;[32m21 passed&amp#27;[0m
)


109
 Steps (
&amp#27;[32m109 passed&amp#27;[0m
)


0m
57.113s






22:47:14.325 [pool-2-thread-1] DEBUG net.thucydides.core.reports.ReportService - Reporting formats: [JSON, HTML]

22:47:15.080 [pool-2-thread-1] DEBUG net.thucydides.core.reports.ReportService - Reporting formats: [JSON, HTML]

22:47:15.134 [pool-2-thread-1] DEBUG net.thucydides.core.reports.ReportService - Generating reports for 21 test outcomes using: net.thucydides.core.reports.json.JSONTestOutcomeReporter@45be7370

22:47:15.139 [pool-2-thread-3] DEBUG net.thucydides.core.reports.ReportService - Processing test outcome FollowUnfollowCommunity:POST - Follow | Unfollow community

22:47:15.138 [pool-2-thread-1] DEBUG net.thucydides.core.reports.ReportService - Processing test outcome FollowFollowCommunity:POST - Follow | Follow community

22:47:15.140 [pool-2-thread-1] INFO net.thucydides.core.reports.ReportService - net.thucydides.core.reports.json.JSONTestOutcomeReporter@45be7370: Generating report for test outcome: FollowFollowCommunity:POST - Follow | Follow community

22:47:15.140 [pool-2-thread-2] DEBUG net.thucydides.core.reports.ReportService - Processing test outcome FollowFollowUser:POST - Follow | Follow user

22:47:15.140 [pool-2-thread-2] INFO net.thucydides.core.reports.ReportService - net.thucydides.core.reports.json.JSONTestOutcomeReporter@45be7370: Generating report for test outcome: FollowFollowUser:POST - Follow | Follow user

22:47:15.140 [pool-2-thread-3] INFO net.thucydides.core.reports.ReportService - net.thucydides.core.reports.json.JSONTestOutcomeReporter@45be7370: Generating report for test outcome: FollowUnfollowCommunity:POST - Follow | Unfollow community

22:47:15.139 [pool-2-thread-4] DEBUG net.thucydides.core.reports.ReportService - Processing test outcome FollowUnfollowUser:POST - Follow | Unfollow user

22:47:15.143 [pool-2-thread-4] INFO net.thucydides.core.reports.ReportService - net.thucydides.core.reports.json.JSONTestOutcomeReporter@45be7370: Generating report for test outcome: FollowUnfollowUser:POST - Follow | Unfollow user

22:47:15.191 [pool-2-thread-2] DEBUG net.thucydides.core.reports.json.JSONTestOutcomeReporter - Generating JSON report for POST - Follow | Follow user to file D:\Capstone Project\target\site\serenity\2ee41253f0d47ffb00ae5c6fd2f912441f62b4339ae35e85c40342cbc4a80215.json (using temp file D:\Capstone Project\target\site\serenity\2ee41253f0d47ffb00ae5c6fd2f912441f62b4339ae35e85c40342cbc4a80215.json9e8f815f-0faf-4253-abca-97bfedca4fb7)

22:47:15.191 [pool-2-thread-4] DEBUG net.thucydides.core.reports.json.JSONTestOutcomeReporter - Generating JSON report for POST - Follow | Unfollow user to file D:\Capstone Project\target\site\serenity\57cfad8322f8e0b34e8cf8a2906f81b818ce248c0d9362d0b64326c09b675b04.json (using temp file D:\Capstone Project\target\site\serenity\57cfad8322f8e0b34e8cf8a2906f81b818ce248c0d9362d0b64326c09b675b04.jsonc731f21d-dc62-48d3-883f-fc3835fe51c6)

22:47:15.192 [pool-2-thread-1] DEBUG net.thucydides.core.reports.json.JSONTestOutcomeReporter - Generating JSON report for POST - Follow | Follow community to file D:\Capstone Project\target\site\serenity\1a23f7b4357a42d2bd380caf02c8b29dc72114703dd5b698c3e4aad95f1f313f.json (using temp file D:\Capstone Project\target\site\serenity\1a23f7b4357a42d2bd380caf02c8b29dc72114703dd5b698c3e4aad95f1f313f.json607974f5-1b27-4510-aefd-12e4feaf5d93)

22:47:15.192 [pool-2-thread-3] DEBUG net.thucydides.core.reports.json.JSONTestOutcomeReporter - Generating JSON report for POST - Follow | Unfollow community to file D:\Capstone Project\target\site\serenity\36db474088632458e857bc7c348d5f09fab3ed3748fd94327c5afbd3d8723548.json (using temp file D:\Capstone Project\target\site\serenity\36db474088632458e857bc7c348d5f09fab3ed3748fd94327c5afbd3d8723548.json9ae75eb8-15f0-42c1-8493-31bc66b43247)

22:47:15.367 [pool-2-thread-1] DEBUG net.thucydides.core.reports.ReportService - Processing test outcome FollowFollowCommunity:POST - Follow | Follow community done

22:47:15.368 [pool-2-thread-1] DEBUG net.thucydides.core.reports.ReportService - Processing test outcome ReportCategoryCreate:POST - Report Category | Create New Data

22:47:15.368 [pool-2-thread-1] INFO net.thucydides.core.reports.ReportService - net.thucydides.core.reports.json.JSONTestOutcomeReporter@45be7370: Generating report for test outcome: ReportCategoryCreate:POST - Report Category | Create New Data

22:47:15.369 [pool-2-thread-2] DEBUG net.thucydides.core.reports.ReportService - Processing test outcome FollowFollowUser:POST - Follow | Follow user done

22:47:15.370 [pool-2-thread-2] DEBUG net.thucydides.core.reports.ReportService - Processing test outcome ReportCategoryDetail:GET - Report Category | Get Detail Data

22:47:15.370 [pool-2-thread-1] DEBUG net.thucydides.core.reports.json.JSONTestOutcomeReporter - Generating JSON report for POST - Report Category | Create New Data to file D:\Capstone Project\target\site\serenity\5dd8fa94e26a7b4f74aea8a11516027fdce5d62f476a38c57d5edaca1f645d8c.json (using temp file D:\Capstone Project\target\site\serenity\5dd8fa94e26a7b4f74aea8a11516027fdce5d62f476a38c57d5edaca1f645d8c.json8154d43e-a4ff-4aef-84f2-530b9f5dde4d)

22:47:15.370 [pool-2-thread-2] INFO net.thucydides.core.reports.ReportService - net.thucydides.core.reports.json.JSONTestOutcomeReporter@45be7370: Generating report for test outcome: ReportCategoryDetail:GET - Report Category | Get Detail Data

22:47:15.371 [pool-2-thread-2] DEBUG net.thucydides.core.reports.json.JSONTestOutcomeReporter - Generating JSON report for GET - Report Category | Get Detail Data to file D:\Capstone Project\target\site\serenity\d7cb43eb5771f12410dbd10067d7d8414fbb0618d8edafbd34aea783857f6c49.json (using temp file D:\Capstone Project\target\site\serenity\d7cb43eb5771f12410dbd10067d7d8414fbb0618d8edafbd34aea783857f6c49.json6a4970a7-4f48-4088-8d86-06883358fcad)

22:47:15.375 [pool-2-thread-4] DEBUG net.thucydides.core.reports.ReportService - Processing test outcome FollowUnfollowUser:POST - Follow | Unfollow user done

22:47:15.376 [pool-2-thread-4] DEBUG net.thucydides.core.reports.ReportService - Processing test outcome ReportCategoryGet:GET - Report Category | Get List Data

22:47:15.376 [pool-2-thread-4] INFO net.thucydides.core.reports.ReportService - net.thucydides.core.reports.json.JSONTestOutcomeReporter@45be7370: Generating report for test outcome: ReportCategoryGet:GET - Report Category | Get List Data

22:47:15.377 [pool-2-thread-4] DEBUG net.thucydides.core.reports.json.JSONTestOutcomeReporter - Generating JSON report for GET - Report Category | Get List Data to file D:\Capstone Project\target\site\serenity\2c3e7a71e3de5aa2b5acfe49ef0a589fd713603cc36c038b648bd776a0eafc0a.json (using temp file D:\Capstone Project\target\site\serenity\2c3e7a71e3de5aa2b5acfe49ef0a589fd713603cc36c038b648bd776a0eafc0a.json0bc0b967-5cd3-4da0-aa58-30e6d4e872f6)

22:47:15.378 [pool-2-thread-3] DEBUG net.thucydides.core.reports.ReportService - Processing test outcome FollowUnfollowCommunity:POST - Follow | Unfollow community done

22:47:15.379 [pool-2-thread-3] DEBUG net.thucydides.core.reports.ReportService - Processing test outcome ReportCategoryUpdate:PUT - Report Category | Update Existing Data

22:47:15.379 [pool-2-thread-3] INFO net.thucydides.core.reports.ReportService - net.thucydides.core.reports.json.JSONTestOutcomeReporter@45be7370: Generating report for test outcome: ReportCategoryUpdate:PUT - Report Category | Update Existing Data

22:47:15.379 [pool-2-thread-2] DEBUG net.thucydides.core.reports.ReportService - Processing test outcome ReportCategoryDetail:GET - Report Category | Get Detail Data done

22:47:15.380 [pool-2-thread-2] DEBUG net.thucydides.core.reports.ReportService - Processing test outcome ReportThread:GET - Thread | Get List Reported Thread

22:47:15.381 [pool-2-thread-2] INFO net.thucydides.core.reports.ReportService - net.thucydides.core.reports.json.JSONTestOutcomeReporter@45be7370: Generating report for test outcome: ReportThread:GET - Thread | Get List Reported Thread

22:47:15.390 [pool-2-thread-2] DEBUG net.thucydides.core.reports.json.JSONTestOutcomeReporter - Generating JSON report for GET - Thread | Get List Reported Thread to file D:\Capstone Project\target\site\serenity\57fb9ab18d053511b9f4341222ba9570c4fe6b273a33ddc5fef01456c27baafe.json (using temp file D:\Capstone Project\target\site\serenity\57fb9ab18d053511b9f4341222ba9570c4fe6b273a33ddc5fef01456c27baafe.jsone414643d-188c-4327-a196-453ee0e08855)

22:47:15.392 [pool-2-thread-3] DEBUG net.thucydides.core.reports.json.JSONTestOutcomeReporter - Generating JSON report for PUT - Report Category | Update Existing Data to file D:\Capstone Project\target\site\serenity\8a9c3d7b10dd8d410a0dcd63a2741629e0588ea36598c7844cc890a8444d5c3e.json (using temp file D:\Capstone Project\target\site\serenity\8a9c3d7b10dd8d410a0dcd63a2741629e0588ea36598c7844cc890a8444d5c3e.json7ae89f10-626b-47ab-a763-ff918a27a8ac)

22:47:15.419 [pool-2-thread-2] DEBUG net.thucydides.core.reports.ReportService - Processing test outcome ReportThread:GET - Thread | Get List Reported Thread done

22:47:15.420 [pool-2-thread-2] DEBUG net.thucydides.core.reports.ReportService - Processing test outcome ThreadCreate:POST - Thread | Create New Data

22:47:15.420 [pool-2-thread-2] INFO net.thucydides.core.reports.ReportService - net.thucydides.core.reports.json.JSONTestOutcomeReporter@45be7370: Generating report for test outcome: ThreadCreate:POST - Thread | Create New Data

22:47:15.422 [pool-2-thread-2] DEBUG net.thucydides.core.reports.json.JSONTestOutcomeReporter - Generating JSON report for POST - Thread | Create New Data to file D:\Capstone Project\target\site\serenity\eab6ff653073258cf69e79f1d4a7e83382710bd686a46c905e4c6ac13814bb86.json (using temp file D:\Capstone Project\target\site\serenity\eab6ff653073258cf69e79f1d4a7e83382710bd686a46c905e4c6ac13814bb86.json48c01b9e-db42-4982-bc84-f5b6f6776def)

22:47:15.430 [pool-2-thread-4] DEBUG net.thucydides.core.reports.ReportService - Processing test outcome ReportCategoryGet:GET - Report Category | Get List Data done

22:47:15.431 [pool-2-thread-3] DEBUG net.thucydides.core.reports.ReportService - Processing test outcome ReportCategoryUpdate:PUT - Report Category | Update Existing Data done

22:47:15.431 [pool-2-thread-4] DEBUG net.thucydides.core.reports.ReportService - Processing test outcome ThreadDelete:DELETE - Thread | Delete Existing Data

22:47:15.434 [pool-2-thread-4] INFO net.thucydides.core.reports.ReportService - net.thucydides.core.reports.json.JSONTestOutcomeReporter@45be7370: Generating report for test outcome: ThreadDelete:DELETE - Thread | Delete Existing Data

22:47:15.434 [pool-2-thread-3] DEBUG net.thucydides.core.reports.ReportService - Processing test outcome ThreadDetail:GET - Thread | Get Detail Data

22:47:15.434 [pool-2-thread-3] INFO net.thucydides.core.reports.ReportService - net.thucydides.core.reports.json.JSONTestOutcomeReporter@45be7370: Generating report for test outcome: ThreadDetail:GET - Thread | Get Detail Data

22:47:15.439 [pool-2-thread-4] DEBUG net.thucydides.core.reports.json.JSONTestOutcomeReporter - Generating JSON report for DELETE - Thread | Delete Existing Data to file D:\Capstone Project\target\site\serenity\be9a6c25d4bbb57830f7b2214e197efc8a6440bdb4c4623b38b3a6de77351956.json (using temp file D:\Capstone Project\target\site\serenity\be9a6c25d4bbb57830f7b2214e197efc8a6440bdb4c4623b38b3a6de77351956.json6e79ca8c-14ba-48e0-b0e8-a0f269eb8ee8)

22:47:15.439 [pool-2-thread-3] DEBUG net.thucydides.core.reports.json.JSONTestOutcomeReporter - Generating JSON report for GET - Thread | Get Detail Data to file D:\Capstone Project\target\site\serenity\131fa3b3b659a25ffe743fc113f30400606b3b08cbb4d1b3ac35705d3360f2fd.json (using temp file D:\Capstone Project\target\site\serenity\131fa3b3b659a25ffe743fc113f30400606b3b08cbb4d1b3ac35705d3360f2fd.jsonb4b06145-1310-4599-a5a0-ac82b6cef334)

22:47:15.468 [pool-2-thread-1] DEBUG net.thucydides.core.reports.ReportService - Processing test outcome ReportCategoryCreate:POST - Report Category | Create New Data done

22:47:15.468 [pool-2-thread-1] DEBUG net.thucydides.core.reports.ReportService - Processing test outcome ThreadDownvotes:POST - Thread | Down Votes Existing Thread Data

22:47:15.468 [pool-2-thread-1] INFO net.thucydides.core.reports.ReportService - net.thucydides.core.reports.json.JSONTestOutcomeReporter@45be7370: Generating report for test outcome: ThreadDownvotes:POST - Thread | Down Votes Existing Thread Data

22:47:15.471 [pool-2-thread-1] DEBUG net.thucydides.core.reports.json.JSONTestOutcomeReporter - Generating JSON report for POST - Thread | Down Votes Existing Thread Data to file D:\Capstone Project\target\site\serenity\b4550a7cc51fbdb92546ac3aab3a326ba1b88b4c127efb0457e1315f1ee1ba88.json (using temp file D:\Capstone Project\target\site\serenity\b4550a7cc51fbdb92546ac3aab3a326ba1b88b4c127efb0457e1315f1ee1ba88.json006547cc-cc07-4885-ba9a-aef099678711)

22:47:15.477 [pool-2-thread-3] DEBUG net.thucydides.core.reports.ReportService - Processing test outcome ThreadDetail:GET - Thread | Get Detail Data done

22:47:15.477 [pool-2-thread-3] DEBUG net.thucydides.core.reports.ReportService - Processing test outcome ThreadGet:GET - Thread | Get List Data

22:47:15.477 [pool-2-thread-3] INFO net.thucydides.core.reports.ReportService - net.thucydides.core.reports.json.JSONTestOutcomeReporter@45be7370: Generating report for test outcome: ThreadGet:GET - Thread | Get List Data

22:47:15.489 [pool-2-thread-4] DEBUG net.thucydides.core.reports.ReportService - Processing test outcome ThreadDelete:DELETE - Thread | Delete Existing Data done

22:47:15.489 [pool-2-thread-4] DEBUG net.thucydides.core.reports.ReportService - Processing test outcome ThreadGetSaveThread:GET - Thread | Get List Data Thread Saved

22:47:15.489 [pool-2-thread-4] INFO net.thucydides.core.reports.ReportService - net.thucydides.core.reports.json.JSONTestOutcomeReporter@45be7370: Generating report for test outcome: ThreadGetSaveThread:GET - Thread | Get List Data Thread Saved

22:47:15.605 [pool-2-thread-3] DEBUG net.thucydides.core.reports.json.JSONTestOutcomeReporter - Generating JSON report for GET - Thread | Get List Data to file D:\Capstone Project\target\site\serenity\cb3e872af59f3030d6dd1244bfd85d1c6398e02e85630edfcab86c1d9f7548c6.json (using temp file D:\Capstone Project\target\site\serenity\cb3e872af59f3030d6dd1244bfd85d1c6398e02e85630edfcab86c1d9f7548c6.json147b6275-e545-4615-9505-96a4cc5ab565)

22:47:15.606 [pool-2-thread-2] DEBUG net.thucydides.core.reports.ReportService - Processing test outcome ThreadCreate:POST - Thread | Create New Data done

22:47:15.607 [pool-2-thread-2] DEBUG net.thucydides.core.reports.ReportService - Processing test outcome ThreadReportThread:POST - Thread | Report Existing Thread Data

22:47:15.607 [pool-2-thread-2] INFO net.thucydides.core.reports.ReportService - net.thucydides.core.reports.json.JSONTestOutcomeReporter@45be7370: Generating report for test outcome: ThreadReportThread:POST - Thread | Report Existing Thread Data

22:47:15.609 [pool-2-thread-2] DEBUG net.thucydides.core.reports.json.JSONTestOutcomeReporter - Generating JSON report for POST - Thread | Report Existing Thread Data to file D:\Capstone Project\target\site\serenity\2ad2a33dfd340e6f8079024d9149992e66ef4eb8a2093545497ac3916fd79453.json (using temp file D:\Capstone Project\target\site\serenity\2ad2a33dfd340e6f8079024d9149992e66ef4eb8a2093545497ac3916fd79453.json1ba7355c-6632-4db0-831c-167a71917233)

22:47:15.610 [pool-2-thread-1] DEBUG net.thucydides.core.reports.ReportService - Processing test outcome ThreadDownvotes:POST - Thread | Down Votes Existing Thread Data done

22:47:15.610 [pool-2-thread-1] DEBUG net.thucydides.core.reports.ReportService - Processing test outcome ThreadSaveThread:POST - Thread | Report Existing Thread Data

22:47:15.610 [pool-2-thread-1] INFO net.thucydides.core.reports.ReportService - net.thucydides.core.reports.json.JSONTestOutcomeReporter@45be7370: Generating report for test outcome: ThreadSaveThread:POST - Thread | Report Existing Thread Data

22:47:15.611 [pool-2-thread-1] DEBUG net.thucydides.core.reports.json.JSONTestOutcomeReporter - Generating JSON report for POST - Thread | Report Existing Thread Data to file D:\Capstone Project\target\site\serenity\a828cb25d4f2f7457da4680c4e5bdda873a11fd909bf8182ea6ffa8a97c937a0.json (using temp file D:\Capstone Project\target\site\serenity\a828cb25d4f2f7457da4680c4e5bdda873a11fd909bf8182ea6ffa8a97c937a0.json1d08be19-d32d-4b79-9ca1-618850b2e79f)

22:47:15.613 [pool-2-thread-4] DEBUG net.thucydides.core.reports.json.JSONTestOutcomeReporter - Generating JSON report for GET - Thread | Get List Data Thread Saved to file D:\Capstone Project\target\site\serenity\4cd7e0ff87a2935d46925cfb52a604c347bb9e0d7c11548049efbdeeb1f82e98.json (using temp file D:\Capstone Project\target\site\serenity\4cd7e0ff87a2935d46925cfb52a604c347bb9e0d7c11548049efbdeeb1f82e98.json5cf4eb2c-903d-40f9-909f-47ca4ffd9dd8)

22:47:15.614 [pool-2-thread-2] DEBUG net.thucydides.core.reports.ReportService - Processing test outcome ThreadReportThread:POST - Thread | Report Existing Thread Data done

22:47:15.614 [pool-2-thread-2] DEBUG net.thucydides.core.reports.ReportService - Processing test outcome ThreadUndoDownvotes:DELETE - Thread | Undo Down Votes Existing Thread Data

22:47:15.614 [pool-2-thread-2] INFO net.thucydides.core.reports.ReportService - net.thucydides.core.reports.json.JSONTestOutcomeReporter@45be7370: Generating report for test outcome: ThreadUndoDownvotes:DELETE - Thread | Undo Down Votes Existing Thread Data

22:47:15.615 [pool-2-thread-3] DEBUG net.thucydides.core.reports.ReportService - Processing test outcome ThreadGet:GET - Thread | Get List Data done

22:47:15.615 [pool-2-thread-3] DEBUG net.thucydides.core.reports.ReportService - Processing test outcome ThreadUndoUpvotes:DELETE - Thread | Undo Up Votes Existing Thread Data

22:47:15.615 [pool-2-thread-3] INFO net.thucydides.core.reports.ReportService - net.thucydides.core.reports.json.JSONTestOutcomeReporter@45be7370: Generating report for test outcome: ThreadUndoUpvotes:DELETE - Thread | Undo Up Votes Existing Thread Data

22:47:15.618 [pool-2-thread-3] DEBUG net.thucydides.core.reports.json.JSONTestOutcomeReporter - Generating JSON report for DELETE - Thread | Undo Up Votes Existing Thread Data to file D:\Capstone Project\target\site\serenity\cd1159e4e355acd84bfe42ce11e6d40ae93394fb327c75c9006ab63adae60b7f.json (using temp file D:\Capstone Project\target\site\serenity\cd1159e4e355acd84bfe42ce11e6d40ae93394fb327c75c9006ab63adae60b7f.json90b35b7f-a986-4caf-b1df-d85745d43914)

22:47:15.618 [pool-2-thread-2] DEBUG net.thucydides.core.reports.json.JSONTestOutcomeReporter - Generating JSON report for DELETE - Thread | Undo Down Votes Existing Thread Data to file D:\Capstone Project\target\site\serenity\d679989b46b0362ad9df125d47b649027f665dea2f31863f381d56908b809a53.json (using temp file D:\Capstone Project\target\site\serenity\d679989b46b0362ad9df125d47b649027f665dea2f31863f381d56908b809a53.jsona269750e-78a3-4df1-9d46-2ac77c5993e1)

22:47:15.630 [pool-2-thread-3] DEBUG net.thucydides.core.reports.ReportService - Processing test outcome ThreadUndoUpvotes:DELETE - Thread | Undo Up Votes Existing Thread Data done

22:47:15.630 [pool-2-thread-3] DEBUG net.thucydides.core.reports.ReportService - Processing test outcome ThreadUpdate:POST - Thread | Update Existing Data

22:47:15.630 [pool-2-thread-3] INFO net.thucydides.core.reports.ReportService - net.thucydides.core.reports.json.JSONTestOutcomeReporter@45be7370: Generating report for test outcome: ThreadUpdate:POST - Thread | Update Existing Data

22:47:15.633 [pool-2-thread-3] DEBUG net.thucydides.core.reports.json.JSONTestOutcomeReporter - Generating JSON report for POST - Thread | Update Existing Data to file D:\Capstone Project\target\site\serenity\0c0042296b01eef16ea9374c7f58654721d5e337e002163588e4c714d876f7d5.json (using temp file D:\Capstone Project\target\site\serenity\0c0042296b01eef16ea9374c7f58654721d5e337e002163588e4c714d876f7d5.jsonb591e497-d11a-4664-aa67-4d605c1a5a74)

22:47:15.657 [pool-2-thread-2] DEBUG net.thucydides.core.reports.ReportService - Processing test outcome ThreadUndoDownvotes:DELETE - Thread | Undo Down Votes Existing Thread Data done

22:47:15.657 [pool-2-thread-2] DEBUG net.thucydides.core.reports.ReportService - Processing test outcome ThreadUpvotes:POST - Thread | Up Votes Existing Thread Data

22:47:15.657 [pool-2-thread-2] INFO net.thucydides.core.reports.ReportService - net.thucydides.core.reports.json.JSONTestOutcomeReporter@45be7370: Generating report for test outcome: ThreadUpvotes:POST - Thread | Up Votes Existing Thread Data

22:47:15.658 [pool-2-thread-4] DEBUG net.thucydides.core.reports.ReportService - Processing test outcome ThreadGetSaveThread:GET - Thread | Get List Data Thread Saved done

22:47:15.659 [pool-2-thread-2] DEBUG net.thucydides.core.reports.json.JSONTestOutcomeReporter - Generating JSON report for POST - Thread | Up Votes Existing Thread Data to file D:\Capstone Project\target\site\serenity\3a9b362e4aec6a2b4e4c18dbb693bc9dba817ca4b3600b65ddbecf9a1c96e5ac.json (using temp file D:\Capstone Project\target\site\serenity\3a9b362e4aec6a2b4e4c18dbb693bc9dba817ca4b3600b65ddbecf9a1c96e5ac.json39506770-7daf-44a9-8174-d18f8af0d0ab)

22:47:15.659 [pool-2-thread-1] DEBUG net.thucydides.core.reports.ReportService - Processing test outcome ThreadSaveThread:POST - Thread | Report Existing Thread Data done

22:47:15.659 [pool-2-thread-3] DEBUG net.thucydides.core.reports.ReportService - Processing test outcome ThreadUpdate:POST - Thread | Update Existing Data done

22:47:15.665 [pool-2-thread-2] DEBUG net.thucydides.core.reports.ReportService - Processing test outcome ThreadUpvotes:POST - Thread | Up Votes Existing Thread Data done

22:47:15.668 [pool-2-thread-1] DEBUG net.thucydides.core.reports.ReportService - Shutting down executor service

22:47:15.668 [pool-2-thread-1] DEBUG net.thucydides.core.reports.ReportService - Reports generated in: 534 ms

22:47:15.668 [pool-2-thread-1] DEBUG net.thucydides.core.reports.ReportService - Generating reports for 21 test outcomes using: net.thucydides.core.reports.html.HtmlAcceptanceTestReporter@1f3a8a3e

22:47:15.672 [pool-3-thread-4] DEBUG net.thucydides.core.reports.ReportService - Processing test outcome FollowUnfollowUser:POST - Follow | Unfollow user

22:47:15.673 [pool-3-thread-2] DEBUG net.thucydides.core.reports.ReportService - Processing test outcome FollowFollowUser:POST - Follow | Follow user

22:47:15.673 [pool-3-thread-2] INFO net.thucydides.core.reports.ReportService - net.thucydides.core.reports.html.HtmlAcceptanceTestReporter@1f3a8a3e: Generating report for test outcome: FollowFollowUser:POST - Follow | Follow user

22:47:15.672 [pool-3-thread-3] DEBUG net.thucydides.core.reports.ReportService - Processing test outcome FollowUnfollowCommunity:POST - Follow | Unfollow community

22:47:15.674 [pool-3-thread-3] INFO net.thucydides.core.reports.ReportService - net.thucydides.core.reports.html.HtmlAcceptanceTestReporter@1f3a8a3e: Generating report for test outcome: FollowUnfollowCommunity:POST - Follow | Unfollow community

22:47:15.672 [pool-3-thread-1] DEBUG net.thucydides.core.reports.ReportService - Processing test outcome FollowFollowCommunity:POST - Follow | Follow community

22:47:15.675 [pool-3-thread-1] INFO net.thucydides.core.reports.ReportService - net.thucydides.core.reports.html.HtmlAcceptanceTestReporter@1f3a8a3e: Generating report for test outcome: FollowFollowCommunity:POST - Follow | Follow community

22:47:15.673 [pool-3-thread-4] INFO net.thucydides.core.reports.ReportService - net.thucydides.core.reports.html.HtmlAcceptanceTestReporter@1f3a8a3e: Generating report for test outcome: FollowUnfollowUser:POST - Follow | Unfollow user

22:47:15.859 [pool-3-thread-4] DEBUG net.thucydides.core.requirements.model.cucumber.CucumberParser - Added feature FollowFollowCommunity

22:47:15.872 [pool-3-thread-4] DEBUG net.thucydides.core.requirements.model.cucumber.CucumberParser - Added feature FollowFollowUser

22:47:15.882 [pool-3-thread-4] DEBUG net.thucydides.core.requirements.model.cucumber.CucumberParser - Added feature FollowUnfollowCommunity

22:47:15.893 [pool-3-thread-4] DEBUG net.thucydides.core.requirements.model.cucumber.CucumberParser - Added feature FollowUnfollowUser

22:47:15.893 [pool-3-thread-1] DEBUG net.thucydides.core.requirements.model.cucumber.CucumberParser - Added feature FollowFollowCommunity

22:47:15.910 [pool-3-thread-1] DEBUG net.thucydides.core.requirements.model.cucumber.CucumberParser - Added feature FollowFollowUser

22:47:15.915 [pool-3-thread-2] DEBUG net.thucydides.core.requirements.model.cucumber.CucumberParser - Added feature FollowFollowCommunity

22:47:15.927 [pool-3-thread-1] DEBUG net.thucydides.core.requirements.model.cucumber.CucumberParser - Added feature FollowUnfollowCommunity

22:47:15.945 [pool-3-thread-4] DEBUG net.thucydides.core.requirements.model.cucumber.CucumberParser - Added feature ReportCategoryCreate

22:47:15.953 [pool-3-thread-1] DEBUG net.thucydides.core.requirements.model.cucumber.CucumberParser - Added feature FollowUnfollowUser

22:47:15.956 [pool-3-thread-4] DEBUG net.thucydides.core.requirements.model.cucumber.CucumberParser - Added feature ReportCategoryDetail

22:47:15.966 [pool-3-thread-4] DEBUG net.thucydides.core.requirements.model.cucumber.CucumberParser - Added feature ReportCategoryGet

22:47:15.973 [pool-3-thread-1] DEBUG net.thucydides.core.requirements.model.cucumber.CucumberParser - Added feature ReportCategoryCreate

22:47:15.977 [pool-3-thread-4] DEBUG net.thucydides.core.requirements.model.cucumber.CucumberParser - Added feature ReportCategoryUpdate

22:47:15.990 [pool-3-thread-3] DEBUG net.thucydides.core.requirements.model.cucumber.CucumberParser - Added feature FollowFollowCommunity

22:47:15.993 [pool-3-thread-2] DEBUG net.thucydides.core.requirements.model.cucumber.CucumberParser - Added feature FollowFollowUser

22:47:16.001 [pool-3-thread-2] DEBUG net.thucydides.core.requirements.model.cucumber.CucumberParser - Added feature FollowUnfollowCommunity

22:47:16.011 [pool-3-thread-4] DEBUG net.thucydides.core.requirements.model.cucumber.CucumberParser - Added feature ReportThread

22:47:16.013 [pool-3-thread-3] DEBUG net.thucydides.core.requirements.model.cucumber.CucumberParser - Added feature FollowFollowUser

22:47:16.013 [pool-3-thread-1] DEBUG net.thucydides.core.requirements.model.cucumber.CucumberParser - Added feature ReportCategoryDetail

22:47:16.015 [pool-3-thread-2] DEBUG net.thucydides.core.requirements.model.cucumber.CucumberParser - Added feature FollowUnfollowUser

22:47:16.022 [pool-3-thread-3] DEBUG net.thucydides.core.requirements.model.cucumber.CucumberParser - Added feature FollowUnfollowCommunity

22:47:16.031 [pool-3-thread-3] DEBUG net.thucydides.core.requirements.model.cucumber.CucumberParser - Added feature FollowUnfollowUser

22:47:16.040 [pool-3-thread-2] DEBUG net.thucydides.core.requirements.model.cucumber.CucumberParser - Added feature ReportCategoryCreate

22:47:16.042 [pool-3-thread-4] DEBUG net.thucydides.core.requirements.model.cucumber.CucumberParser - Added feature ThreadCreate

22:47:16.047 [pool-3-thread-2] DEBUG net.thucydides.core.requirements.model.cucumber.CucumberParser - Added feature ReportCategoryDetail

22:47:16.055 [pool-3-thread-1] DEBUG net.thucydides.core.requirements.model.cucumber.CucumberParser - Added feature ReportCategoryGet

22:47:16.065 [pool-3-thread-1] DEBUG net.thucydides.core.requirements.model.cucumber.CucumberParser - Added feature ReportCategoryUpdate

22:47:16.066 [pool-3-thread-2] DEBUG net.thucydides.core.requirements.model.cucumber.CucumberParser - Added feature ReportCategoryGet

22:47:16.072 [pool-3-thread-1] DEBUG net.thucydides.core.requirements.model.cucumber.CucumberParser - Added feature ReportThread

22:47:16.080 [pool-3-thread-1] DEBUG net.thucydides.core.requirements.model.cucumber.CucumberParser - Added feature ThreadCreate

22:47:16.108 [pool-3-thread-4] DEBUG net.thucydides.core.requirements.model.cucumber.CucumberParser - Added feature ThreadDelete

22:47:16.109 [pool-3-thread-3] DEBUG net.thucydides.core.requirements.model.cucumber.CucumberParser - Added feature ReportCategoryCreate

22:47:16.111 [pool-3-thread-1] DEBUG net.thucydides.core.requirements.model.cucumber.CucumberParser - Added feature ThreadDelete

22:47:16.116 [pool-3-thread-3] DEBUG net.thucydides.core.requirements.model.cucumber.CucumberParser - Added feature ReportCategoryDetail

22:47:16.122 [pool-3-thread-3] DEBUG net.thucydides.core.requirements.model.cucumber.CucumberParser - Added feature ReportCategoryGet

22:47:16.126 [pool-3-thread-1] DEBUG net.thucydides.core.requirements.model.cucumber.CucumberParser - Added feature ThreadDetail

22:47:16.131 [pool-3-thread-4] DEBUG net.thucydides.core.requirements.model.cucumber.CucumberParser - Added feature ThreadDetail

22:47:16.131 [pool-3-thread-3] DEBUG net.thucydides.core.requirements.model.cucumber.CucumberParser - Added feature ReportCategoryUpdate

22:47:16.139 [pool-3-thread-4] DEBUG net.thucydides.core.requirements.model.cucumber.CucumberParser - Added feature ThreadDownvotes

22:47:16.143 [pool-3-thread-3] DEBUG net.thucydides.core.requirements.model.cucumber.CucumberParser - Added feature ReportThread

22:47:16.150 [pool-3-thread-2] DEBUG net.thucydides.core.requirements.model.cucumber.CucumberParser - Added feature ReportCategoryUpdate

22:47:16.157 [pool-3-thread-1] DEBUG net.thucydides.core.requirements.model.cucumber.CucumberParser - Added feature ThreadDownvotes

22:47:16.160 [pool-3-thread-4] DEBUG net.thucydides.core.requirements.model.cucumber.CucumberParser - Added feature ThreadGet

22:47:16.166 [pool-3-thread-2] DEBUG net.thucydides.core.requirements.model.cucumber.CucumberParser - Added feature ReportThread

22:47:16.169 [pool-3-thread-1] DEBUG net.thucydides.core.requirements.model.cucumber.CucumberParser - Added feature ThreadGet

22:47:16.175 [pool-3-thread-2] DEBUG net.thucydides.core.requirements.model.cucumber.CucumberParser - Added feature ThreadCreate

22:47:16.177 [pool-3-thread-1] DEBUG net.thucydides.core.requirements.model.cucumber.CucumberParser - Added feature ThreadGetSaveThread

22:47:16.182 [pool-3-thread-2] DEBUG net.thucydides.core.requirements.model.cucumber.CucumberParser - Added feature ThreadDelete

22:47:16.189 [pool-3-thread-2] DEBUG net.thucydides.core.requirements.model.cucumber.CucumberParser - Added feature ThreadDetail

22:47:16.192 [pool-3-thread-4] DEBUG net.thucydides.core.requirements.model.cucumber.CucumberParser - Added feature ThreadGetSaveThread

22:47:16.196 [pool-3-thread-2] DEBUG net.thucydides.core.requirements.model.cucumber.CucumberParser - Added feature ThreadDownvotes

22:47:16.199 [pool-3-thread-4] DEBUG net.thucydides.core.requirements.model.cucumber.CucumberParser - Added feature ThreadReportThread

22:47:16.204 [pool-3-thread-3] DEBUG net.thucydides.core.requirements.model.cucumber.CucumberParser - Added feature ThreadCreate

22:47:16.206 [pool-3-thread-4] DEBUG net.thucydides.core.requirements.model.cucumber.CucumberParser - Added feature ThreadSaveThread

22:47:16.213 [pool-3-thread-1] DEBUG net.thucydides.core.requirements.model.cucumber.CucumberParser - Added feature ThreadReportThread

22:47:16.213 [pool-3-thread-3] DEBUG net.thucydides.core.requirements.model.cucumber.CucumberParser - Added feature ThreadDelete

22:47:16.221 [pool-3-thread-3] DEBUG net.thucydides.core.requirements.model.cucumber.CucumberParser - Added feature ThreadDetail

22:47:16.229 [pool-3-thread-1] DEBUG net.thucydides.core.requirements.model.cucumber.CucumberParser - Added feature ThreadSaveThread

22:47:16.232 [pool-3-thread-3] DEBUG net.thucydides.core.requirements.model.cucumber.CucumberParser - Added feature ThreadDownvotes

22:47:16.239 [pool-3-thread-1] DEBUG net.thucydides.core.requirements.model.cucumber.CucumberParser - Added feature ThreadUndoDownvotes

22:47:16.241 [pool-3-thread-3] DEBUG net.thucydides.core.requirements.model.cucumber.CucumberParser - Added feature ThreadGet

22:47:16.253 [pool-3-thread-3] DEBUG net.thucydides.core.requirements.model.cucumber.CucumberParser - Added feature ThreadGetSaveThread

22:47:16.269 [pool-3-thread-2] DEBUG net.thucydides.core.requirements.model.cucumber.CucumberParser - Added feature ThreadGet

22:47:16.274 [pool-3-thread-3] DEBUG net.thucydides.core.requirements.model.cucumber.CucumberParser - Added feature ThreadReportThread

22:47:16.274 [pool-3-thread-2] DEBUG net.thucydides.core.requirements.model.cucumber.CucumberParser - Added feature ThreadGetSaveThread

22:47:16.289 [pool-3-thread-1] DEBUG net.thucydides.core.requirements.model.cucumber.CucumberParser - Added feature ThreadUndoUpvotes

22:47:16.293 [pool-3-thread-2] DEBUG net.thucydides.core.requirements.model.cucumber.CucumberParser - Added feature ThreadReportThread

22:47:16.298 [pool-3-thread-1] DEBUG net.thucydides.core.requirements.model.cucumber.CucumberParser - Added feature ThreadUpdate

22:47:16.301 [pool-3-thread-4] DEBUG net.thucydides.core.requirements.model.cucumber.CucumberParser - Added feature ThreadUndoDownvotes

22:47:16.302 [pool-3-thread-2] DEBUG net.thucydides.core.requirements.model.cucumber.CucumberParser - Added feature ThreadSaveThread

22:47:16.306 [pool-3-thread-1] DEBUG net.thucydides.core.requirements.model.cucumber.CucumberParser - Added feature ThreadUpvotes

22:47:16.308 [pool-3-thread-2] DEBUG net.thucydides.core.requirements.model.cucumber.CucumberParser - Added feature ThreadUndoDownvotes

22:47:16.313 [pool-3-thread-4] DEBUG net.thucydides.core.requirements.model.cucumber.CucumberParser - Added feature ThreadUndoUpvotes

22:47:16.318 [pool-3-thread-3] DEBUG net.thucydides.core.requirements.model.cucumber.CucumberParser - Added feature ThreadSaveThread

22:47:16.320 [pool-3-thread-4] DEBUG net.thucydides.core.requirements.model.cucumber.CucumberParser - Added feature ThreadUpdate

22:47:16.323 [pool-3-thread-3] DEBUG net.thucydides.core.requirements.model.cucumber.CucumberParser - Added feature ThreadUndoDownvotes

22:47:16.328 [pool-3-thread-2] DEBUG net.thucydides.core.requirements.model.cucumber.CucumberParser - Added feature ThreadUndoUpvotes

22:47:16.332 [pool-3-thread-4] DEBUG net.thucydides.core.requirements.model.cucumber.CucumberParser - Added feature ThreadUpvotes

22:47:16.334 [pool-3-thread-2] DEBUG net.thucydides.core.requirements.model.cucumber.CucumberParser - Added feature ThreadUpdate

22:47:16.336 [pool-3-thread-3] DEBUG net.thucydides.core.requirements.model.cucumber.CucumberParser - Added feature ThreadUndoUpvotes

22:47:16.341 [pool-3-thread-2] DEBUG net.thucydides.core.requirements.model.cucumber.CucumberParser - Added feature ThreadUpvotes

22:47:16.343 [pool-3-thread-3] DEBUG net.thucydides.core.requirements.model.cucumber.CucumberParser - Added feature ThreadUpdate

22:47:16.351 [pool-3-thread-3] DEBUG net.thucydides.core.requirements.model.cucumber.CucumberParser - Added feature ThreadUpvotes

22:47:16.370 [pool-3-thread-2] DEBUG net.thucydides.core.requirements.BaseRequirementsService - Requirement found for test outcome POST - Follow | Follow user-[]: Optional[Requirement{name='FollowFollowUser', type='feature' parent = 'null', cardNumber='null'}]

22:47:16.374 [pool-3-thread-4] DEBUG net.thucydides.core.requirements.BaseRequirementsService - Requirement found for test outcome POST - Follow | Unfollow user-[]: Optional[Requirement{name='FollowUnfollowUser', type='feature' parent = 'null', cardNumber='null'}]

22:47:16.374 [pool-3-thread-3] DEBUG net.thucydides.core.requirements.BaseRequirementsService - Requirement found for test outcome POST - Follow | Unfollow community-[]: Optional[Requirement{name='FollowUnfollowCommunity', type='feature' parent = 'null', cardNumber='null'}]

22:47:16.376 [pool-3-thread-1] DEBUG net.thucydides.core.requirements.BaseRequirementsService - Requirement found for test outcome POST - Follow | Follow community-[]: Optional[Requirement{name='FollowFollowCommunity', type='feature' parent = 'null', cardNumber='null'}]

22:47:16.386 [pool-3-thread-4] DEBUG net.thucydides.core.requirements.BaseRequirementsService - Requirement found for test outcome POST - Follow | Unfollow user-[]: Optional[Requirement{name='FollowUnfollowUser', type='feature' parent = 'null', cardNumber='null'}]

22:47:16.386 [pool-3-thread-1] DEBUG net.thucydides.core.requirements.BaseRequirementsService - Requirement found for test outcome POST - Follow | Follow community-[]: Optional[Requirement{name='FollowFollowCommunity', type='feature' parent = 'null', cardNumber='null'}]

22:47:16.391 [pool-3-thread-2] DEBUG net.thucydides.core.requirements.BaseRequirementsService - Requirement found for test outcome POST - Follow | Follow user-[]: Optional[Requirement{name='FollowFollowUser', type='feature' parent = 'null', cardNumber='null'}]

22:47:16.397 [pool-3-thread-3] DEBUG net.thucydides.core.requirements.BaseRequirementsService - Requirement found for test outcome POST - Follow | Unfollow community-[]: Optional[Requirement{name='FollowUnfollowCommunity', type='feature' parent = 'null', cardNumber='null'}]

22:47:20.346 [pool-3-thread-1] DEBUG serenity.reporting - Generating report in 1a23f7b4357a42d2bd380caf02c8b29dc72114703dd5b698c3e4aad95f1f313f.html

22:47:20.348 [pool-3-thread-3] DEBUG serenity.reporting - Generating report in 36db474088632458e857bc7c348d5f09fab3ed3748fd94327c5afbd3d8723548.html

22:47:20.348 [pool-3-thread-2] DEBUG serenity.reporting - Generating report in 2ee41253f0d47ffb00ae5c6fd2f912441f62b4339ae35e85c40342cbc4a80215.html

22:47:20.351 [pool-3-thread-4] DEBUG serenity.reporting - Generating report in 57cfad8322f8e0b34e8cf8a2906f81b818ce248c0d9362d0b64326c09b675b04.html

22:47:23.370 [pool-3-thread-1] DEBUG serenity.reporting - Generated report 1a23f7b4357a42d2bd380caf02c8b29dc72114703dd5b698c3e4aad95f1f313f.html in 3024 ms

22:47:23.371 [pool-3-thread-1] DEBUG net.thucydides.core.reports.ReportService - Processing test outcome FollowFollowCommunity:POST - Follow | Follow community done

22:47:23.372 [pool-3-thread-1] DEBUG net.thucydides.core.reports.ReportService - Processing test outcome ReportCategoryCreate:POST - Report Category | Create New Data

22:47:23.372 [pool-3-thread-1] INFO net.thucydides.core.reports.ReportService - net.thucydides.core.reports.html.HtmlAcceptanceTestReporter@1f3a8a3e: Generating report for test outcome: ReportCategoryCreate:POST - Report Category | Create New Data

22:47:23.375 [pool-3-thread-4] DEBUG serenity.reporting - Generated report 57cfad8322f8e0b34e8cf8a2906f81b818ce248c0d9362d0b64326c09b675b04.html in 3024 ms

22:47:23.375 [pool-3-thread-4] DEBUG net.thucydides.core.reports.ReportService - Processing test outcome FollowUnfollowUser:POST - Follow | Unfollow user done

22:47:23.375 [pool-3-thread-4] DEBUG net.thucydides.core.reports.ReportService - Processing test outcome ReportCategoryDetail:GET - Report Category | Get Detail Data

22:47:23.375 [pool-3-thread-4] INFO net.thucydides.core.reports.ReportService - net.thucydides.core.reports.html.HtmlAcceptanceTestReporter@1f3a8a3e: Generating report for test outcome: ReportCategoryDetail:GET - Report Category | Get Detail Data

22:47:23.413 [pool-3-thread-4] DEBUG net.thucydides.core.requirements.BaseRequirementsService - Requirement found for test outcome GET - Report Category | Get Detail Data-[]: Optional[Requirement{name='ReportCategoryDetail', type='feature' parent = 'null', cardNumber='null'}]

22:47:23.423 [pool-3-thread-4] DEBUG net.thucydides.core.requirements.BaseRequirementsService - Requirement found for test outcome GET - Report Category | Get Detail Data-[]: Optional[Requirement{name='ReportCategoryDetail', type='feature' parent = 'null', cardNumber='null'}]

22:47:23.427 [pool-3-thread-4] DEBUG serenity.reporting - Generating report in d7cb43eb5771f12410dbd10067d7d8414fbb0618d8edafbd34aea783857f6c49.html

22:47:23.427 [pool-3-thread-3] DEBUG serenity.reporting - Generated report 36db474088632458e857bc7c348d5f09fab3ed3748fd94327c5afbd3d8723548.html in 3079 ms

22:47:23.428 [pool-3-thread-3] DEBUG net.thucydides.core.reports.ReportService - Processing test outcome FollowUnfollowCommunity:POST - Follow | Unfollow community done

22:47:23.430 [pool-3-thread-1] DEBUG net.thucydides.core.requirements.BaseRequirementsService - Requirement found for test outcome POST - Report Category | Create New Data-[]: Optional[Requirement{name='ReportCategoryCreate', type='feature' parent = 'null', cardNumber='null'}]

22:47:23.431 [pool-3-thread-3] DEBUG net.thucydides.core.reports.ReportService - Processing test outcome ReportCategoryGet:GET - Report Category | Get List Data

22:47:23.431 [pool-3-thread-3] INFO net.thucydides.core.reports.ReportService - net.thucydides.core.reports.html.HtmlAcceptanceTestReporter@1f3a8a3e: Generating report for test outcome: ReportCategoryGet:GET - Report Category | Get List Data

22:47:23.439 [pool-3-thread-1] DEBUG net.thucydides.core.requirements.BaseRequirementsService - Requirement found for test outcome POST - Report Category | Create New Data-[]: Optional[Requirement{name='ReportCategoryCreate', type='feature' parent = 'null', cardNumber='null'}]

22:47:23.442 [pool-3-thread-1] DEBUG serenity.reporting - Generating report in 5dd8fa94e26a7b4f74aea8a11516027fdce5d62f476a38c57d5edaca1f645d8c.html

22:47:23.443 [pool-3-thread-2] DEBUG serenity.reporting - Generated report 2ee41253f0d47ffb00ae5c6fd2f912441f62b4339ae35e85c40342cbc4a80215.html in 3095 ms

22:47:23.444 [pool-3-thread-2] DEBUG net.thucydides.core.reports.ReportService - Processing test outcome FollowFollowUser:POST - Follow | Follow user done

22:47:23.444 [pool-3-thread-3] DEBUG net.thucydides.core.requirements.BaseRequirementsService - Requirement found for test outcome GET - Report Category | Get List Data-[]: Optional[Requirement{name='ReportCategoryGet', type='feature' parent = 'null', cardNumber='null'}]

22:47:23.444 [pool-3-thread-2] DEBUG net.thucydides.core.reports.ReportService - Processing test outcome ReportCategoryUpdate:PUT - Report Category | Update Existing Data

22:47:23.444 [pool-3-thread-2] INFO net.thucydides.core.reports.ReportService - net.thucydides.core.reports.html.HtmlAcceptanceTestReporter@1f3a8a3e: Generating report for test outcome: ReportCategoryUpdate:PUT - Report Category | Update Existing Data

22:47:23.446 [pool-3-thread-3] DEBUG net.thucydides.core.requirements.BaseRequirementsService - Requirement found for test outcome GET - Report Category | Get List Data-[]: Optional[Requirement{name='ReportCategoryGet', type='feature' parent = 'null', cardNumber='null'}]

22:47:23.464 [pool-3-thread-2] DEBUG net.thucydides.core.requirements.BaseRequirementsService - Requirement found for test outcome PUT - Report Category | Update Existing Data-[]: Optional[Requirement{name='ReportCategoryUpdate', type='feature' parent = 'null', cardNumber='null'}]

22:47:23.464 [pool-3-thread-3] DEBUG serenity.reporting - Generating report in 2c3e7a71e3de5aa2b5acfe49ef0a589fd713603cc36c038b648bd776a0eafc0a.html

22:47:23.468 [pool-3-thread-2] DEBUG net.thucydides.core.requirements.BaseRequirementsService - Requirement found for test outcome PUT - Report Category | Update Existing Data-[]: Optional[Requirement{name='ReportCategoryUpdate', type='feature' parent = 'null', cardNumber='null'}]

22:47:23.473 [pool-3-thread-2] DEBUG serenity.reporting - Generating report in 8a9c3d7b10dd8d410a0dcd63a2741629e0588ea36598c7844cc890a8444d5c3e.html

22:47:23.552 [pool-3-thread-4] DEBUG serenity.reporting - Generated report d7cb43eb5771f12410dbd10067d7d8414fbb0618d8edafbd34aea783857f6c49.html in 126 ms

22:47:23.552 [pool-3-thread-4] DEBUG net.thucydides.core.reports.ReportService - Processing test outcome ReportCategoryDetail:GET - Report Category | Get Detail Data done

22:47:23.553 [pool-3-thread-4] DEBUG net.thucydides.core.reports.ReportService - Processing test outcome ReportThread:GET - Thread | Get List Reported Thread

22:47:23.553 [pool-3-thread-4] INFO net.thucydides.core.reports.ReportService - net.thucydides.core.reports.html.HtmlAcceptanceTestReporter@1f3a8a3e: Generating report for test outcome: ReportThread:GET - Thread | Get List Reported Thread

22:47:23.705 [pool-3-thread-1] DEBUG serenity.reporting - Generated report 5dd8fa94e26a7b4f74aea8a11516027fdce5d62f476a38c57d5edaca1f645d8c.html in 262 ms

22:47:23.705 [pool-3-thread-1] DEBUG net.thucydides.core.reports.ReportService - Processing test outcome ReportCategoryCreate:POST - Report Category | Create New Data done

22:47:23.705 [pool-3-thread-1] DEBUG net.thucydides.core.reports.ReportService - Processing test outcome ThreadCreate:POST - Thread | Create New Data

22:47:23.705 [pool-3-thread-1] INFO net.thucydides.core.reports.ReportService - net.thucydides.core.reports.html.HtmlAcceptanceTestReporter@1f3a8a3e: Generating report for test outcome: ThreadCreate:POST - Thread | Create New Data

22:47:23.875 [pool-3-thread-1] DEBUG net.thucydides.core.requirements.BaseRequirementsService - Requirement found for test outcome POST - Thread | Create New Data-[]: Optional[Requirement{name='ThreadCreate', type='feature' parent = 'null', cardNumber='null'}]

22:47:23.911 [pool-3-thread-4] DEBUG net.thucydides.core.requirements.BaseRequirementsService - Requirement found for test outcome GET - Thread | Get List Reported Thread-[]: Optional[Requirement{name='ReportThread', type='feature' parent = 'null', cardNumber='null'}]

22:47:23.921 [pool-3-thread-4] DEBUG net.thucydides.core.requirements.BaseRequirementsService - Requirement found for test outcome GET - Thread | Get List Reported Thread-[]: Optional[Requirement{name='ReportThread', type='feature' parent = 'null', cardNumber='null'}]

22:47:23.934 [pool-3-thread-4] DEBUG serenity.reporting - Generating report in 57fb9ab18d053511b9f4341222ba9570c4fe6b273a33ddc5fef01456c27baafe.html

22:47:23.945 [pool-3-thread-1] DEBUG net.thucydides.core.requirements.BaseRequirementsService - Requirement found for test outcome POST - Thread | Create New Data-[]: Optional[Requirement{name='ThreadCreate', type='feature' parent = 'null', cardNumber='null'}]

22:47:23.973 [pool-3-thread-1] DEBUG serenity.reporting - Generating report in eab6ff653073258cf69e79f1d4a7e83382710bd686a46c905e4c6ac13814bb86.html

22:47:24.008 [pool-3-thread-2] DEBUG serenity.reporting - Generated report 8a9c3d7b10dd8d410a0dcd63a2741629e0588ea36598c7844cc890a8444d5c3e.html in 535 ms

22:47:24.009 [pool-3-thread-2] DEBUG net.thucydides.core.reports.ReportService - Processing test outcome ReportCategoryUpdate:PUT - Report Category | Update Existing Data done

22:47:24.009 [pool-3-thread-2] DEBUG net.thucydides.core.reports.ReportService - Processing test outcome ThreadDelete:DELETE - Thread | Delete Existing Data

22:47:24.010 [pool-3-thread-2] INFO net.thucydides.core.reports.ReportService - net.thucydides.core.reports.html.HtmlAcceptanceTestReporter@1f3a8a3e: Generating report for test outcome: ThreadDelete:DELETE - Thread | Delete Existing Data

22:47:24.021 [pool-3-thread-2] DEBUG net.thucydides.core.requirements.BaseRequirementsService - Requirement found for test outcome DELETE - Thread | Delete Existing Data-[]: Optional[Requirement{name='ThreadDelete', type='feature' parent = 'null', cardNumber='null'}]

22:47:24.033 [pool-3-thread-2] DEBUG net.thucydides.core.requirements.BaseRequirementsService - Requirement found for test outcome DELETE - Thread | Delete Existing Data-[]: Optional[Requirement{name='ThreadDelete', type='feature' parent = 'null', cardNumber='null'}]

22:47:24.064 [pool-3-thread-2] DEBUG serenity.reporting - Generating report in be9a6c25d4bbb57830f7b2214e197efc8a6440bdb4c4623b38b3a6de77351956.html

22:47:24.204 [pool-3-thread-2] DEBUG serenity.reporting - Generated report be9a6c25d4bbb57830f7b2214e197efc8a6440bdb4c4623b38b3a6de77351956.html in 140 ms

22:47:24.204 [pool-3-thread-2] DEBUG net.thucydides.core.reports.ReportService - Processing test outcome ThreadDelete:DELETE - Thread | Delete Existing Data done

22:47:24.204 [pool-3-thread-2] DEBUG net.thucydides.core.reports.ReportService - Processing test outcome ThreadDetail:GET - Thread | Get Detail Data

22:47:24.204 [pool-3-thread-2] INFO net.thucydides.core.reports.ReportService - net.thucydides.core.reports.html.HtmlAcceptanceTestReporter@1f3a8a3e: Generating report for test outcome: ThreadDetail:GET - Thread | Get Detail Data

22:47:24.226 [pool-3-thread-2] DEBUG net.thucydides.core.requirements.BaseRequirementsService - Requirement found for test outcome GET - Thread | Get Detail Data-[]: Optional[Requirement{name='ThreadDetail', type='feature' parent = 'null', cardNumber='null'}]

22:47:24.231 [pool-3-thread-2] DEBUG net.thucydides.core.requirements.BaseRequirementsService - Requirement found for test outcome GET - Thread | Get Detail Data-[]: Optional[Requirement{name='ThreadDetail', type='feature' parent = 'null', cardNumber='null'}]

22:47:24.317 [pool-3-thread-2] DEBUG serenity.reporting - Generating report in 131fa3b3b659a25ffe743fc113f30400606b3b08cbb4d1b3ac35705d3360f2fd.html

22:47:24.374 [pool-3-thread-4] DEBUG serenity.reporting - Generated report 57fb9ab18d053511b9f4341222ba9570c4fe6b273a33ddc5fef01456c27baafe.html in 440 ms

22:47:24.374 [pool-3-thread-4] DEBUG net.thucydides.core.reports.ReportService - Processing test outcome ReportThread:GET - Thread | Get List Reported Thread done

22:47:24.374 [pool-3-thread-4] DEBUG net.thucydides.core.reports.ReportService - Processing test outcome ThreadDownvotes:POST - Thread | Down Votes Existing Thread Data

22:47:24.374 [pool-3-thread-4] INFO net.thucydides.core.reports.ReportService - net.thucydides.core.reports.html.HtmlAcceptanceTestReporter@1f3a8a3e: Generating report for test outcome: ThreadDownvotes:POST - Thread | Down Votes Existing Thread Data

22:47:24.384 [pool-3-thread-3] DEBUG serenity.reporting - Generated report 2c3e7a71e3de5aa2b5acfe49ef0a589fd713603cc36c038b648bd776a0eafc0a.html in 920 ms

22:47:24.384 [pool-3-thread-3] DEBUG net.thucydides.core.reports.ReportService - Processing test outcome ReportCategoryGet:GET - Report Category | Get List Data done

22:47:24.384 [pool-3-thread-3] DEBUG net.thucydides.core.reports.ReportService - Processing test outcome ThreadGet:GET - Thread | Get List Data

22:47:24.385 [pool-3-thread-3] INFO net.thucydides.core.reports.ReportService - net.thucydides.core.reports.html.HtmlAcceptanceTestReporter@1f3a8a3e: Generating report for test outcome: ThreadGet:GET - Thread | Get List Data

22:47:24.439 [pool-3-thread-3] DEBUG net.thucydides.core.requirements.BaseRequirementsService - Requirement found for test outcome GET - Thread | Get List Data-[]: Optional[Requirement{name='ThreadGet', type='feature' parent = 'null', cardNumber='null'}]

22:47:24.483 [pool-3-thread-3] DEBUG net.thucydides.core.requirements.BaseRequirementsService - Requirement found for test outcome GET - Thread | Get List Data-[]: Optional[Requirement{name='ThreadGet', type='feature' parent = 'null', cardNumber='null'}]

22:47:24.493 [pool-3-thread-3] DEBUG serenity.reporting - Generating report in cb3e872af59f3030d6dd1244bfd85d1c6398e02e85630edfcab86c1d9f7548c6.html

22:47:24.499 [pool-3-thread-1] DEBUG serenity.reporting - Generated report eab6ff653073258cf69e79f1d4a7e83382710bd686a46c905e4c6ac13814bb86.html in 528 ms

22:47:24.500 [pool-3-thread-1] DEBUG net.thucydides.core.reports.ReportService - Processing test outcome ThreadCreate:POST - Thread | Create New Data done

22:47:24.500 [pool-3-thread-1] DEBUG net.thucydides.core.reports.ReportService - Processing test outcome ThreadGetSaveThread:GET - Thread | Get List Data Thread Saved

22:47:24.500 [pool-3-thread-1] INFO net.thucydides.core.reports.ReportService - net.thucydides.core.reports.html.HtmlAcceptanceTestReporter@1f3a8a3e: Generating report for test outcome: ThreadGetSaveThread:GET - Thread | Get List Data Thread Saved

22:47:24.518 [pool-3-thread-4] DEBUG net.thucydides.core.requirements.BaseRequirementsService - Requirement found for test outcome POST - Thread | Down Votes Existing Thread Data-[]: Optional[Requirement{name='ThreadDownvotes', type='feature' parent = 'null', cardNumber='null'}]

22:47:24.519 [pool-3-thread-1] DEBUG net.thucydides.core.requirements.BaseRequirementsService - Requirement found for test outcome GET - Thread | Get List Data Thread Saved-[]: Optional[Requirement{name='ThreadGetSaveThread', type='feature' parent = 'null', cardNumber='null'}]

22:47:24.524 [pool-3-thread-1] DEBUG net.thucydides.core.requirements.BaseRequirementsService - Requirement found for test outcome GET - Thread | Get List Data Thread Saved-[]: Optional[Requirement{name='ThreadGetSaveThread', type='feature' parent = 'null', cardNumber='null'}]

22:47:24.530 [pool-3-thread-4] DEBUG net.thucydides.core.requirements.BaseRequirementsService - Requirement found for test outcome POST - Thread | Down Votes Existing Thread Data-[]: Optional[Requirement{name='ThreadDownvotes', type='feature' parent = 'null', cardNumber='null'}]

22:47:24.530 [pool-3-thread-1] DEBUG serenity.reporting - Generating report in 4cd7e0ff87a2935d46925cfb52a604c347bb9e0d7c11548049efbdeeb1f82e98.html

22:47:24.533 [pool-3-thread-4] DEBUG serenity.reporting - Generating report in b4550a7cc51fbdb92546ac3aab3a326ba1b88b4c127efb0457e1315f1ee1ba88.html

22:47:24.562 [pool-3-thread-2] DEBUG serenity.reporting - Generated report 131fa3b3b659a25ffe743fc113f30400606b3b08cbb4d1b3ac35705d3360f2fd.html in 245 ms

22:47:24.562 [pool-3-thread-2] DEBUG net.thucydides.core.reports.ReportService - Processing test outcome ThreadDetail:GET - Thread | Get Detail Data done

22:47:24.562 [pool-3-thread-2] DEBUG net.thucydides.core.reports.ReportService - Processing test outcome ThreadReportThread:POST - Thread | Report Existing Thread Data

22:47:24.562 [pool-3-thread-2] INFO net.thucydides.core.reports.ReportService - net.thucydides.core.reports.html.HtmlAcceptanceTestReporter@1f3a8a3e: Generating report for test outcome: ThreadReportThread:POST - Thread | Report Existing Thread Data

22:47:24.567 [pool-3-thread-2] DEBUG net.thucydides.core.requirements.BaseRequirementsService - Requirement found for test outcome POST - Thread | Report Existing Thread Data-[]: Optional[Requirement{name='ThreadReportThread', type='feature' parent = 'null', cardNumber='null'}]

22:47:24.569 [pool-3-thread-2] DEBUG net.thucydides.core.requirements.BaseRequirementsService - Requirement found for test outcome POST - Thread | Report Existing Thread Data-[]: Optional[Requirement{name='ThreadReportThread', type='feature' parent = 'null', cardNumber='null'}]

22:47:24.572 [pool-3-thread-2] DEBUG serenity.reporting - Generating report in 2ad2a33dfd340e6f8079024d9149992e66ef4eb8a2093545497ac3916fd79453.html

22:47:24.572 [pool-3-thread-4] DEBUG serenity.reporting - Generated report b4550a7cc51fbdb92546ac3aab3a326ba1b88b4c127efb0457e1315f1ee1ba88.html in 39 ms

22:47:24.572 [pool-3-thread-4] DEBUG net.thucydides.core.reports.ReportService - Processing test outcome ThreadDownvotes:POST - Thread | Down Votes Existing Thread Data done

22:47:24.572 [pool-3-thread-4] DEBUG net.thucydides.core.reports.ReportService - Processing test outcome ThreadSaveThread:POST - Thread | Report Existing Thread Data

22:47:24.573 [pool-3-thread-4] INFO net.thucydides.core.reports.ReportService - net.thucydides.core.reports.html.HtmlAcceptanceTestReporter@1f3a8a3e: Generating report for test outcome: ThreadSaveThread:POST - Thread | Report Existing Thread Data

22:47:24.701 [pool-3-thread-4] DEBUG net.thucydides.core.requirements.BaseRequirementsService - Requirement found for test outcome POST - Thread | Report Existing Thread Data-[]: Optional[Requirement{name='ThreadSaveThread', type='feature' parent = 'null', cardNumber='null'}]

22:47:24.709 [pool-3-thread-4] DEBUG net.thucydides.core.requirements.BaseRequirementsService - Requirement found for test outcome POST - Thread | Report Existing Thread Data-[]: Optional[Requirement{name='ThreadSaveThread', type='feature' parent = 'null', cardNumber='null'}]

22:47:24.735 [pool-3-thread-4] DEBUG serenity.reporting - Generating report in a828cb25d4f2f7457da4680c4e5bdda873a11fd909bf8182ea6ffa8a97c937a0.html

22:47:24.801 [pool-3-thread-3] DEBUG serenity.reporting - Generated report cb3e872af59f3030d6dd1244bfd85d1c6398e02e85630edfcab86c1d9f7548c6.html in 308 ms

22:47:24.804 [pool-3-thread-3] DEBUG net.thucydides.core.reports.ReportService - Processing test outcome ThreadGet:GET - Thread | Get List Data done

22:47:24.804 [pool-3-thread-3] DEBUG net.thucydides.core.reports.ReportService - Processing test outcome ThreadUndoDownvotes:DELETE - Thread | Undo Down Votes Existing Thread Data

22:47:24.804 [pool-3-thread-3] INFO net.thucydides.core.reports.ReportService - net.thucydides.core.reports.html.HtmlAcceptanceTestReporter@1f3a8a3e: Generating report for test outcome: ThreadUndoDownvotes:DELETE - Thread | Undo Down Votes Existing Thread Data

22:47:24.824 [pool-3-thread-3] DEBUG net.thucydides.core.requirements.BaseRequirementsService - Requirement found for test outcome DELETE - Thread | Undo Down Votes Existing Thread Data-[]: Optional[Requirement{name='ThreadUndoDownvotes', type='feature' parent = 'null', cardNumber='null'}]

22:47:24.832 [pool-3-thread-3] DEBUG net.thucydides.core.requirements.BaseRequirementsService - Requirement found for test outcome DELETE - Thread | Undo Down Votes Existing Thread Data-[]: Optional[Requirement{name='ThreadUndoDownvotes', type='feature' parent = 'null', cardNumber='null'}]

22:47:24.838 [pool-3-thread-3] DEBUG serenity.reporting - Generating report in d679989b46b0362ad9df125d47b649027f665dea2f31863f381d56908b809a53.html

22:47:24.844 [pool-3-thread-4] DEBUG serenity.reporting - Generated report a828cb25d4f2f7457da4680c4e5bdda873a11fd909bf8182ea6ffa8a97c937a0.html in 123 ms

22:47:24.844 [pool-3-thread-4] DEBUG net.thucydides.core.reports.ReportService - Processing test outcome ThreadSaveThread:POST - Thread | Report Existing Thread Data done

22:47:24.845 [pool-3-thread-4] DEBUG net.thucydides.core.reports.ReportService - Processing test outcome ThreadUndoUpvotes:DELETE - Thread | Undo Up Votes Existing Thread Data

22:47:24.845 [pool-3-thread-4] INFO net.thucydides.core.reports.ReportService - net.thucydides.core.reports.html.HtmlAcceptanceTestReporter@1f3a8a3e: Generating report for test outcome: ThreadUndoUpvotes:DELETE - Thread | Undo Up Votes Existing Thread Data

22:47:25.030 [pool-3-thread-4] DEBUG net.thucydides.core.requirements.BaseRequirementsService - Requirement found for test outcome DELETE - Thread | Undo Up Votes Existing Thread Data-[]: Optional[Requirement{name='ThreadUndoUpvotes', type='feature' parent = 'null', cardNumber='null'}]

22:47:25.045 [pool-3-thread-1] DEBUG serenity.reporting - Generated report 4cd7e0ff87a2935d46925cfb52a604c347bb9e0d7c11548049efbdeeb1f82e98.html in 515 ms

22:47:25.045 [pool-3-thread-1] DEBUG net.thucydides.core.reports.ReportService - Processing test outcome ThreadGetSaveThread:GET - Thread | Get List Data Thread Saved done

22:47:25.045 [pool-3-thread-1] DEBUG net.thucydides.core.reports.ReportService - Processing test outcome ThreadUpdate:POST - Thread | Update Existing Data

22:47:25.046 [pool-3-thread-1] INFO net.thucydides.core.reports.ReportService - net.thucydides.core.reports.html.HtmlAcceptanceTestReporter@1f3a8a3e: Generating report for test outcome: ThreadUpdate:POST - Thread | Update Existing Data

22:47:25.096 [pool-3-thread-1] DEBUG net.thucydides.core.requirements.BaseRequirementsService - Requirement found for test outcome POST - Thread | Update Existing Data-[]: Optional[Requirement{name='ThreadUpdate', type='feature' parent = 'null', cardNumber='null'}]

22:47:25.098 [pool-3-thread-1] DEBUG net.thucydides.core.requirements.BaseRequirementsService - Requirement found for test outcome POST - Thread | Update Existing Data-[]: Optional[Requirement{name='ThreadUpdate', type='feature' parent = 'null', cardNumber='null'}]

22:47:25.118 [pool-3-thread-1] DEBUG serenity.reporting - Generating report in 0c0042296b01eef16ea9374c7f58654721d5e337e002163588e4c714d876f7d5.html

22:47:25.130 [pool-3-thread-4] DEBUG net.thucydides.core.requirements.BaseRequirementsService - Requirement found for test outcome DELETE - Thread | Undo Up Votes Existing Thread Data-[]: Optional[Requirement{name='ThreadUndoUpvotes', type='feature' parent = 'null', cardNumber='null'}]

22:47:25.134 [pool-3-thread-3] DEBUG serenity.reporting - Generated report d679989b46b0362ad9df125d47b649027f665dea2f31863f381d56908b809a53.html in 296 ms

22:47:25.134 [pool-3-thread-3] DEBUG net.thucydides.core.reports.ReportService - Processing test outcome ThreadUndoDownvotes:DELETE - Thread | Undo Down Votes Existing Thread Data done

22:47:25.136 [pool-3-thread-3] DEBUG net.thucydides.core.reports.ReportService - Processing test outcome ThreadUpvotes:POST - Thread | Up Votes Existing Thread Data

22:47:25.137 [pool-3-thread-3] INFO net.thucydides.core.reports.ReportService - net.thucydides.core.reports.html.HtmlAcceptanceTestReporter@1f3a8a3e: Generating report for test outcome: ThreadUpvotes:POST - Thread | Up Votes Existing Thread Data

22:47:25.137 [pool-3-thread-4] DEBUG serenity.reporting - Generating report in cd1159e4e355acd84bfe42ce11e6d40ae93394fb327c75c9006ab63adae60b7f.html

22:47:25.141 [pool-3-thread-3] DEBUG net.thucydides.core.requirements.BaseRequirementsService - Requirement found for test outcome POST - Thread | Up Votes Existing Thread Data-[]: Optional[Requirement{name='ThreadUpvotes', type='feature' parent = 'null', cardNumber='null'}]

22:47:25.146 [pool-3-thread-3] DEBUG net.thucydides.core.requirements.BaseRequirementsService - Requirement found for test outcome POST - Thread | Up Votes Existing Thread Data-[]: Optional[Requirement{name='ThreadUpvotes', type='feature' parent = 'null', cardNumber='null'}]

22:47:25.147 [pool-3-thread-2] DEBUG serenity.reporting - Generated report 2ad2a33dfd340e6f8079024d9149992e66ef4eb8a2093545497ac3916fd79453.html in 575 ms

22:47:25.147 [pool-3-thread-2] DEBUG net.thucydides.core.reports.ReportService - Processing test outcome ThreadReportThread:POST - Thread | Report Existing Thread Data done

22:47:25.158 [pool-3-thread-3] DEBUG serenity.reporting - Generating report in 3a9b362e4aec6a2b4e4c18dbb693bc9dba817ca4b3600b65ddbecf9a1c96e5ac.html

22:47:25.197 [pool-3-thread-4] DEBUG serenity.reporting - Generated report cd1159e4e355acd84bfe42ce11e6d40ae93394fb327c75c9006ab63adae60b7f.html in 60 ms

22:47:25.197 [pool-3-thread-4] DEBUG net.thucydides.core.reports.ReportService - Processing test outcome ThreadUndoUpvotes:DELETE - Thread | Undo Up Votes Existing Thread Data done

22:47:25.249 [pool-3-thread-1] DEBUG serenity.reporting - Generated report 0c0042296b01eef16ea9374c7f58654721d5e337e002163588e4c714d876f7d5.html in 131 ms

22:47:25.249 [pool-3-thread-1] DEBUG net.thucydides.core.reports.ReportService - Processing test outcome ThreadUpdate:POST - Thread | Update Existing Data done

22:47:25.253 [pool-3-thread-3] DEBUG serenity.reporting - Generated report 3a9b362e4aec6a2b4e4c18dbb693bc9dba817ca4b3600b65ddbecf9a1c96e5ac.html in 95 ms

22:47:25.254 [pool-3-thread-3] DEBUG net.thucydides.core.reports.ReportService - Processing test outcome ThreadUpvotes:POST - Thread | Up Votes Existing Thread Data done

22:47:25.254 [pool-2-thread-1] DEBUG net.thucydides.core.reports.ReportService - Shutting down executor service

22:47:25.254 [pool-2-thread-1] DEBUG net.thucydides.core.reports.ReportService - Reports generated in: 9586 ms

22:47:29.010 [pool-2-thread-1] INFO io.cucumber.core.plugin.SerenityReporter - Cleanup test resources for URI classpath:features/FollowFollowCommunity.feature

22:47:29.024 [pool-2-thread-1] INFO io.cucumber.core.plugin.SerenityReporter - Cleanup test resources for URI classpath:features/FollowFollowUser.feature

22:47:29.030 [pool-2-thread-1] INFO io.cucumber.core.plugin.SerenityReporter - Cleanup test resources for URI classpath:features/FollowUnfollowCommunity.feature

22:47:29.033 [pool-2-thread-1] INFO io.cucumber.core.plugin.SerenityReporter - Cleanup test resources for URI classpath:features/FollowUnfollowUser.feature

22:47:29.038 [pool-2-thread-1] INFO io.cucumber.core.plugin.SerenityReporter - Cleanup test resources for URI classpath:features/ReportCategoryCreate.feature

22:47:29.043 [pool-2-thread-1] INFO io.cucumber.core.plugin.SerenityReporter - Cleanup test resources for URI classpath:features/ReportCategoryDetail.feature

22:47:29.049 [pool-2-thread-1] INFO io.cucumber.core.plugin.SerenityReporter - Cleanup test resources for URI classpath:features/ReportCategoryGet.feature

22:47:29.053 [pool-2-thread-1] INFO io.cucumber.core.plugin.SerenityReporter - Cleanup test resources for URI classpath:features/ReportCategoryUpdate.feature

22:47:29.061 [pool-2-thread-1] INFO io.cucumber.core.plugin.SerenityReporter - Cleanup test resources for URI classpath:features/ReportThread.feature

22:47:29.069 [pool-2-thread-1] INFO io.cucumber.core.plugin.SerenityReporter - Cleanup test resources for URI classpath:features/ThreadCreate.feature

22:47:29.077 [pool-2-thread-1] INFO io.cucumber.core.plugin.SerenityReporter - Cleanup test resources for URI classpath:features/ThreadDelete.feature

22:47:29.083 [pool-2-thread-1] INFO io.cucumber.core.plugin.SerenityReporter - Cleanup test resources for URI classpath:features/ThreadDetail.feature

22:47:29.091 [pool-2-thread-1] INFO io.cucumber.core.plugin.SerenityReporter - Cleanup test resources for URI classpath:features/ThreadDownvotes.feature

22:47:29.113 [pool-2-thread-1] INFO io.cucumber.core.plugin.SerenityReporter - Cleanup test resources for URI classpath:features/ThreadGet.feature

22:47:29.124 [pool-2-thread-1] INFO io.cucumber.core.plugin.SerenityReporter - Cleanup test resources for URI classpath:features/ThreadGetSaveThread.feature

22:47:29.136 [pool-2-thread-1] INFO io.cucumber.core.plugin.SerenityReporter - Cleanup test resources for URI classpath:features/ThreadReportThread.feature

22:47:29.144 [pool-2-thread-1] INFO io.cucumber.core.plugin.SerenityReporter - Cleanup test resources for URI classpath:features/ThreadSaveThread.feature

22:47:29.152 [pool-2-thread-1] INFO io.cucumber.core.plugin.SerenityReporter - Cleanup test resources for URI classpath:features/ThreadUndoDownvotes.feature

22:47:29.161 [pool-2-thread-1] INFO io.cucumber.core.plugin.SerenityReporter - Cleanup test resources for URI classpath:features/ThreadUndoUpvotes.feature

22:47:29.164 [pool-2-thread-1] INFO io.cucumber.core.plugin.SerenityReporter - Cleanup test resources for URI classpath:features/ThreadUpdate.feature

22:47:29.177 [pool-2-thread-1] INFO io.cucumber.core.plugin.SerenityReporter - Cleanup test resources for URI classpath:features/ThreadUpvotes.feature


Scenario: POST - Thread | Up Votes Existing Thread Data                       &amp#27;[90m# features/ThreadUpvotes.feature:3&amp#27;[0m
22:47:13.129 [pool-2-thread-1] INFO io.cucumber.core.plugin.SerenityReporter - Running feature from classpath:features/ThreadUpvotes.feature
22:47:13.182 [pool-2-thread-1] INFO  - 
  _____   ___   ___   _____     ___   _____     _     ___   _____   ___   ___  
 |_   _| | __| / __| |_   _|   / __| |_   _|   /_\   | _ \ |_   _| | __| |   \ 
   | |   | _|  \__ \   | |     \__ \   | |    / _ \  |   /   | |   | _|  | |) |
   |_|   |___| |___/   |_|     |___/   |_|   /_/ \_\ |_|_\   |_|   |___| |___/ 

POST - Thread | Up Votes Existing Thread Data(threadupvotes;post---thread-|-up-votes-existing-thread-data)
--------------------------------------------------------------------------------
  &amp#27;[32mGiven &amp#27;[0m&amp#27;[32mGet token from login | ThreadUpvotes&amp#27;[0m                                  &amp#27;[90m# starter.stepdefinitions.ThreadUpvotesSteps.getTokenFromLogin()&amp#27;[0m
22:47:13.660 [pool-2-thread-1] DEBUG net.thucydides.core.steps.StepInterceptor - STARTING STEP: ThreadUpvotesSteps.setMethodPost - Set method POST at api endpoints | ThreadUpvotes
22:47:13.660 [pool-2-thread-1] DEBUG net.thucydides.core.steps.StepInterceptor - STEP DONE: Set method POST at api endpoints | ThreadUpvotes
  &amp#27;[32mWhen &amp#27;[0m&amp#27;[32mSet method POST at api endpoints | ThreadUpvotes&amp#27;[0m                       &amp#27;[90m# starter.stepdefinitions.ThreadUpvotesSteps.setMethodPost()&amp#27;[0m
22:47:13.702 [pool-2-thread-1] DEBUG net.thucydides.core.steps.StepInterceptor - STARTING STEP: ThreadUpvotesSteps.sendMethodPost - Send method POST HTTP request | ThreadUpvotes
22:47:13.707 [pool-2-thread-1] DEBUG net.thucydides.core.steps.StepInterceptor - STARTING STEP: Upvotes.sendMethodPost - Set method POST at api endpoints | ThreadUpvotes
22:47:13.707 [pool-2-thread-1] DEBUG net.thucydides.core.steps.StepInterceptor - STEP DONE: Set method POST at api endpoints | ThreadUpvotes
22:47:13.851 [pool-2-thread-1] DEBUG net.thucydides.core.steps.StepInterceptor - STEP DONE: Send method POST HTTP request | ThreadUpvotes
  &amp#27;[32mAnd &amp#27;[0m&amp#27;[32mSend method POST HTTP request | ThreadUpvotes&amp#27;[0m                           &amp#27;[90m# starter.stepdefinitions.ThreadUpvotesSteps.sendMethodPost()&amp#27;[0m
22:47:13.861 [pool-2-thread-1] DEBUG net.thucydides.core.steps.StepInterceptor - STARTING STEP: ThreadUpvotesSteps.receiveValidHTTP - Receive valid HTTP response code 200 | ThreadUpvotes
22:47:13.863 [pool-2-thread-1] DEBUG net.thucydides.core.steps.StepInterceptor - STEP DONE: Receive valid HTTP response code 200 | ThreadUpvotes
  &amp#27;[32mAnd &amp#27;[0m&amp#27;[32mReceive valid HTTP response code 200 | ThreadUpvotes&amp#27;[0m                    &amp#27;[90m# starter.stepdefinitions.ThreadUpvotesSteps.receiveValidHTTP()&amp#27;[0m
22:47:13.873 [pool-2-thread-1] DEBUG net.thucydides.core.steps.StepInterceptor - STARTING STEP: ThreadUpvotesSteps.receiveValidData - Receive valid message data thread succesfully up voted | ThreadUpvotes
22:47:14.271 [pool-2-thread-1] DEBUG net.thucydides.core.steps.StepInterceptor - STEP DONE: Receive valid message data thread succesfully up voted | ThreadUpvotes
  &amp#27;[32mThen &amp#27;[0m&amp#27;[32mReceive valid message data thread succesfully up voted | ThreadUpvotes&amp#27;[0m &amp#27;[90m# starter.stepdefinitions.ThreadUpvotesSteps.receiveValidData()&amp#27;[0m
22:47:14.282 [pool-2-thread-1] INFO  - 
  _____   ___   ___   _____     ___     _     ___   ___   ___   ___  
 |_   _| | __| / __| |_   _|   | _ \   /_\   / __| / __| | __| |   \ 
   | |   | _|  \__ \   | |     |  _/  / _ \  \__ \ \__ \ | _|  | |) |
   |_|   |___| |___/   |_|     |_|   /_/ \_\ |___/ |___/ |___| |___/ 

POST - Thread | Up Votes Existing Thread Data
----------------------------------------------------------------------
]]></system-out>
  </testcase>
</testsuite>