<?xml version="1.0" encoding="UTF-8"?>
<testsuite xmlns:xsi="http://www.w3.org/2001/XMLSchema-instance" xsi:noNamespaceSchemaLocation="https://maven.apache.org/surefire/maven-failsafe-plugin/xsd/failsafe-test-report-3.0.xsd" version="3.0" name="ThreadUpvotes" time="0.945" tests="1" errors="0" skipped="0" failures="0">
  <properties>
    <property name="sun.desktop" value="windows"/>
    <property name="awt.toolkit" value="sun.awt.windows.WToolkit"/>
    <property name="file.encoding.pkg" value="sun.io"/>
    <property name="java.specification.version" value="1.8"/>
    <property name="sun.cpu.isalist" value="amd64"/>
    <property name="sun.jnu.encoding" value="Cp1252"/>
    <property name="java.class.path" value="C:\Users\REXA\IdeaProjects\Capstone\target\test-classes;C:\Users\REXA\IdeaProjects\Capstone\target\Capstone-1.0-SNAPSHOT.jar;C:\Users\REXA\.m2\repository\ch\qos\logback\logback-classic\1.2.3\logback-classic-1.2.3.jar;C:\Users\REXA\.m2\repository\ch\qos\logback\logback-core\1.2.3\logback-core-1.2.3.jar;C:\Users\REXA\.m2\repository\org\slf4j\slf4j-api\1.7.25\slf4j-api-1.7.25.jar;C:\Users\REXA\.m2\repository\com\googlecode\json-simple\json-simple\1.1.1\json-simple-1.1.1.jar;C:\Users\REXA\.m2\repository\net\serenity-bdd\serenity-core\2.4.51\serenity-core-2.4.51.jar;C:\Users\REXA\.m2\repository\net\serenity-bdd\serenity-model\2.4.51\serenity-model-2.4.51.jar;C:\Users\REXA\.m2\repository\org\apache\commons\commons-text\1.9\commons-text-1.9.jar;C:\Users\REXA\.m2\repository\commons-net\commons-net\3.6\commons-net-3.6.jar;C:\Users\REXA\.m2\repository\com\google\guava\guava\30.1-jre\guava-30.1-jre.jar;C:\Users\REXA\.m2\repository\com\google\guava\failureaccess\1.0.1\failureaccess-1.0.1.jar;C:\Users\REXA\.m2\repository\com\google\guava\listenablefuture\9999.0-empty-to-avoid-conflict-with-guava\listenablefuture-9999.0-empty-to-avoid-conflict-with-guava.jar;C:\Users\REXA\.m2\repository\com\google\code\findbugs\jsr305\3.0.2\jsr305-3.0.2.jar;C:\Users\REXA\.m2\repository\org\checkerframework\checker-qual\3.5.0\checker-qual-3.5.0.jar;C:\Users\REXA\.m2\repository\com\google\errorprone\error_prone_annotations\2.3.4\error_prone_annotations-2.3.4.jar;C:\Users\REXA\.m2\repository\com\google\j2objc\j2objc-annotations\1.3\j2objc-annotations-1.3.jar;C:\Users\REXA\.m2\repository\com\google\inject\guice\5.0.1\guice-5.0.1.jar;C:\Users\REXA\.m2\repository\javax\inject\javax.inject\1\javax.inject-1.jar;C:\Users\REXA\.m2\repository\aopalliance\aopalliance\1.0\aopalliance-1.0.jar;C:\Users\REXA\.m2\repository\org\jsoup\jsoup\1.13.1\jsoup-1.13.1.jar;C:\Users\REXA\.m2\repository\com\thoughtworks\xstream\xstream\1.4.17\xstream-1.4.17.jar;C:\Users\REXA\.m2\repository\io\github\x-stream\mxparser\1.2.1\mxparser-1.2.1.jar;C:\Users\REXA\.m2\repository\xmlpull\xmlpull\1.1.3.1\xmlpull-1.1.3.1.jar;C:\Users\REXA\.m2\repository\io\cucumber\cucumber-core\6.10.2\cucumber-core-6.10.2.jar;C:\Users\REXA\.m2\repository\io\cucumber\cucumber-gherkin\6.10.2\cucumber-gherkin-6.10.2.jar;C:\Users\REXA\.m2\repository\io\cucumber\cucumber-gherkin-messages\6.10.2\cucumber-gherkin-messages-6.10.2.jar;C:\Users\REXA\.m2\repository\io\cucumber\messages\14.0.1\messages-14.0.1.jar;C:\Users\REXA\.m2\repository\io\cucumber\tag-expressions\3.0.0\tag-expressions-3.0.0.jar;C:\Users\REXA\.m2\repository\io\cucumber\cucumber-expressions\10.3.0\cucumber-expressions-10.3.0.jar;C:\Users\REXA\.m2\repository\io\cucumber\cucumber-plugin\6.10.2\cucumber-plugin-6.10.2.jar;C:\Users\REXA\.m2\repository\io\cucumber\docstring\6.10.2\docstring-6.10.2.jar;C:\Users\REXA\.m2\repository\io\cucumber\html-formatter\12.0.0\html-formatter-12.0.0.jar;C:\Users\REXA\.m2\repository\io\cucumber\create-meta\3.0.0\create-meta-3.0.0.jar;C:\Users\REXA\.m2\repository\com\typesafe\config\1.3.1\config-1.3.1.jar;C:\Users\REXA\.m2\repository\org\imgscalr\imgscalr-lib\4.2\imgscalr-lib-4.2.jar;C:\Users\REXA\.m2\repository\org\awaitility\awaitility\4.0.3\awaitility-4.0.3.jar;C:\Users\REXA\.m2\repository\org\freemarker\freemarker\2.3.29\freemarker-2.3.29.jar;C:\Users\REXA\.m2\repository\net\sourceforge\jexcelapi\jxl\2.6.12\jxl-2.6.12.jar;C:\Users\REXA\.m2\repository\org\asciidoctor\asciidoctorj\2.5.1\asciidoctorj-2.5.1.jar;C:\Users\REXA\.m2\repository\org\asciidoctor\asciidoctorj-api\2.5.1\asciidoctorj-api-2.5.1.jar;C:\Users\REXA\.m2\repository\org\jruby\jruby\9.2.17.0\jruby-9.2.17.0.jar;C:\Users\REXA\.m2\repository\org\jruby\jruby-core\9.2.17.0\jruby-core-9.2.17.0.jar;C:\Users\REXA\.m2\repository\com\github\jnr\jnr-netdb\1.2.0\jnr-netdb-1.2.0.jar;C:\Users\REXA\.m2\repository\com\github\jnr\jnr-enxio\0.32.3\jnr-enxio-0.32.3.jar;C:\Users\REXA\.m2\repository\com\github\jnr\jnr-unixsocket\0.38.5\jnr-unixsocket-0.38.5.jar;C:\Users\REXA\.m2\repository\com\github\jnr\jnr-posix\3.1.4\jnr-posix-3.1.4.jar;C:\Users\REXA\.m2\repository\com\github\jnr\jnr-constants\0.10.1\jnr-constants-0.10.1.jar;C:\Users\REXA\.m2\repository\com\github\jnr\jffi\1.3.1\jffi-1.3.1.jar;C:\Users\REXA\.m2\repository\com\github\jnr\jffi\1.3.1\jffi-1.3.1-native.jar;C:\Users\REXA\.m2\repository\org\jruby\joni\joni\2.1.31\joni-2.1.31.jar;C:\Users\REXA\.m2\repository\org\jruby\jcodings\jcodings\1.0.46\jcodings-1.0.46.jar;C:\Users\REXA\.m2\repository\org\jruby\dirgra\0.3\dirgra-0.3.jar;C:\Users\REXA\.m2\repository\com\headius\invokebinder\1.11\invokebinder-1.11.jar;C:\Users\REXA\.m2\repository\com\headius\options\1.4\options-1.4.jar;C:\Users\REXA\.m2\repository\com\jcraft\jzlib\1.1.3\jzlib-1.1.3.jar;C:\Users\REXA\.m2\repository\com\martiansoftware\nailgun-server\0.9.1\nailgun-server-0.9.1.jar;C:\Users\REXA\.m2\repository\com\headius\backport9\1.8\backport9-1.8.jar;C:\Users\REXA\.m2\repository\javax\annotation\javax.annotation-api\1.3.1\javax.annotation-api-1.3.1.jar;C:\Users\REXA\.m2\repository\org\jruby\jruby-stdlib\9.2.17.0\jruby-stdlib-9.2.17.0.jar;C:\Users\REXA\.m2\repository\net\bytebuddy\byte-buddy\1.11.1\byte-buddy-1.11.1.jar;C:\Users\REXA\.m2\repository\net\bytebuddy\byte-buddy-agent\1.11.1\byte-buddy-agent-1.11.1.jar;C:\Users\REXA\.m2\repository\org\objenesis\objenesis\3.1\objenesis-3.1.jar;C:\Users\REXA\.m2\repository\net\serenity-bdd\serenity-reports\2.4.51\serenity-reports-2.4.51.jar;C:\Users\REXA\.m2\repository\net\serenity-bdd\serenity-stats\2.4.51\serenity-stats-2.4.51.jar;C:\Users\REXA\.m2\repository\org\jetbrains\kotlin\kotlin-stdlib\1.5.0\kotlin-stdlib-1.5.0.jar;C:\Users\REXA\.m2\repository\org\jetbrains\annotations\13.0\annotations-13.0.jar;C:\Users\REXA\.m2\repository\org\jetbrains\kotlin\kotlin-stdlib-common\1.5.0\kotlin-stdlib-common-1.5.0.jar;C:\Users\REXA\.m2\repository\net\serenity-bdd\serenity-reports-configuration\2.4.51\serenity-reports-configuration-2.4.51.jar;C:\Users\REXA\.m2\repository\com\vladsch\flexmark\flexmark-all\0.34.30\flexmark-all-0.34.30.jar;C:\Users\REXA\.m2\repository\com\vladsch\flexmark\flexmark\0.34.30\flexmark-0.34.30.jar;C:\Users\REXA\.m2\repository\com\vladsch\flexmark\flexmark-ext-abbreviation\0.34.30\flexmark-ext-abbreviation-0.34.30.jar;C:\Users\REXA\.m2\repository\com\vladsch\flexmark\flexmark-ext-admonition\0.34.30\flexmark-ext-admonition-0.34.30.jar;C:\Users\REXA\.m2\repository\com\vladsch\flexmark\flexmark-ext-anchorlink\0.34.30\flexmark-ext-anchorlink-0.34.30.jar;C:\Users\REXA\.m2\repository\com\vladsch\flexmark\flexmark-ext-aside\0.34.30\flexmark-ext-aside-0.34.30.jar;C:\Users\REXA\.m2\repository\com\vladsch\flexmark\flexmark-ext-attributes\0.34.30\flexmark-ext-attributes-0.34.30.jar;C:\Users\REXA\.m2\repository\com\vladsch\flexmark\flexmark-ext-autolink\0.34.30\flexmark-ext-autolink-0.34.30.jar;C:\Users\REXA\.m2\repository\org\nibor\autolink\autolink\0.6.0\autolink-0.6.0.jar;C:\Users\REXA\.m2\repository\com\vladsch\flexmark\flexmark-ext-definition\0.34.30\flexmark-ext-definition-0.34.30.jar;C:\Users\REXA\.m2\repository\com\vladsch\flexmark\flexmark-ext-emoji\0.34.30\flexmark-ext-emoji-0.34.30.jar;C:\Users\REXA\.m2\repository\com\vladsch\flexmark\flexmark-ext-enumerated-reference\0.34.30\flexmark-ext-enumerated-reference-0.34.30.jar;C:\Users\REXA\.m2\repository\com\vladsch\flexmark\flexmark-ext-escaped-character\0.34.30\flexmark-ext-escaped-character-0.34.30.jar;C:\Users\REXA\.m2\repository\com\vladsch\flexmark\flexmark-ext-footnotes\0.34.30\flexmark-ext-footnotes-0.34.30.jar;C:\Users\REXA\.m2\repository\com\vladsch\flexmark\flexmark-ext-gfm-issues\0.34.30\flexmark-ext-gfm-issues-0.34.30.jar;C:\Users\REXA\.m2\repository\com\vladsch\flexmark\flexmark-ext-gfm-strikethrough\0.34.30\flexmark-ext-gfm-strikethrough-0.34.30.jar;C:\Users\REXA\.m2\repository\com\vladsch\flexmark\flexmark-ext-gfm-tables\0.34.30\flexmark-ext-gfm-tables-0.34.30.jar;C:\Users\REXA\.m2\repository\com\vladsch\flexmark\flexmark-ext-gfm-tasklist\0.34.30\flexmark-ext-gfm-tasklist-0.34.30.jar;C:\Users\REXA\.m2\repository\com\vladsch\flexmark\flexmark-ext-gfm-users\0.34.30\flexmark-ext-gfm-users-0.34.30.jar;C:\Users\REXA\.m2\repository\com\vladsch\flexmark\flexmark-ext-gitlab\0.34.30\flexmark-ext-gitlab-0.34.30.jar;C:\Users\REXA\.m2\repository\com\vladsch\flexmark\flexmark-ext-jekyll-front-matter\0.34.30\flexmark-ext-jekyll-front-matter-0.34.30.jar;C:\Users\REXA\.m2\repository\com\vladsch\flexmark\flexmark-ext-jekyll-tag\0.34.30\flexmark-ext-jekyll-tag-0.34.30.jar;C:\Users\REXA\.m2\repository\com\vladsch\flexmark\flexmark-ext-media-tags\0.34.30\flexmark-ext-media-tags-0.34.30.jar;C:\Users\REXA\.m2\repository\com\vladsch\flexmark\flexmark-test-util\0.34.30\flexmark-test-util-0.34.30.jar;C:\Users\REXA\.m2\repository\com\vladsch\flexmark\flexmark-ext-ins\0.34.30\flexmark-ext-ins-0.34.30.jar;C:\Users\REXA\.m2\repository\com\vladsch\flexmark\flexmark-ext-xwiki-macros\0.34.30\flexmark-ext-xwiki-macros-0.34.30.jar;C:\Users\REXA\.m2\repository\com\vladsch\flexmark\flexmark-ext-superscript\0.34.30\flexmark-ext-superscript-0.34.30.jar;C:\Users\REXA\.m2\repository\com\vladsch\flexmark\flexmark-ext-tables\0.34.30\flexmark-ext-tables-0.34.30.jar;C:\Users\REXA\.m2\repository\com\vladsch\flexmark\flexmark-ext-toc\0.34.30\flexmark-ext-toc-0.34.30.jar;C:\Users\REXA\.m2\repository\com\vladsch\flexmark\flexmark-ext-typographic\0.34.30\flexmark-ext-typographic-0.34.30.jar;C:\Users\REXA\.m2\repository\com\vladsch\flexmark\flexmark-ext-wikilink\0.34.30\flexmark-ext-wikilink-0.34.30.jar;C:\Users\REXA\.m2\repository\com\vladsch\flexmark\flexmark-ext-yaml-front-matter\0.34.30\flexmark-ext-yaml-front-matter-0.34.30.jar;C:\Users\REXA\.m2\repository\com\vladsch\flexmark\flexmark-ext-youtube-embedded\0.34.30\flexmark-ext-youtube-embedded-0.34.30.jar;C:\Users\REXA\.m2\repository\com\vladsch\flexmark\flexmark-formatter\0.34.30\flexmark-formatter-0.34.30.jar;C:\Users\REXA\.m2\repository\com\vladsch\flexmark\flexmark-html-parser\0.34.30\flexmark-html-parser-0.34.30.jar;C:\Users\REXA\.m2\repository\com\vladsch\flexmark\flexmark-jira-converter\0.34.30\flexmark-jira-converter-0.34.30.jar;C:\Users\REXA\.m2\repository\com\vladsch\flexmark\flexmark-pdf-converter\0.34.30\flexmark-pdf-converter-0.34.30.jar;C:\Users\REXA\.m2\repository\com\openhtmltopdf\openhtmltopdf-core\0.0.1-RC13\openhtmltopdf-core-0.0.1-RC13.jar;C:\Users\REXA\.m2\repository\com\openhtmltopdf\openhtmltopdf-pdfbox\0.0.1-RC13\openhtmltopdf-pdfbox-0.0.1-RC13.jar;C:\Users\REXA\.m2\repository\org\apache\pdfbox\pdfbox\2.0.8\pdfbox-2.0.8.jar;C:\Users\REXA\.m2\repository\org\apache\pdfbox\fontbox\2.0.8\fontbox-2.0.8.jar;C:\Users\REXA\.m2\repository\org\apache\pdfbox\xmpbox\2.0.8\xmpbox-2.0.8.jar;C:\Users\REXA\.m2\repository\de\rototor\pdfbox\graphics2d\0.12\graphics2d-0.12.jar;C:\Users\REXA\.m2\repository\com\openhtmltopdf\openhtmltopdf-rtl-support\0.0.1-RC13\openhtmltopdf-rtl-support-0.0.1-RC13.jar;C:\Users\REXA\.m2\repository\com\ibm\icu\icu4j\59.1\icu4j-59.1.jar;C:\Users\REXA\.m2\repository\com\openhtmltopdf\openhtmltopdf-jsoup-dom-converter\0.0.1-RC13\openhtmltopdf-jsoup-dom-converter-0.0.1-RC13.jar;C:\Users\REXA\.m2\repository\com\vladsch\flexmark\flexmark-profile-pegdown\0.34.30\flexmark-profile-pegdown-0.34.30.jar;C:\Users\REXA\.m2\repository\com\vladsch\flexmark\flexmark-util\0.34.30\flexmark-util-0.34.30.jar;C:\Users\REXA\.m2\repository\com\vladsch\flexmark\flexmark-youtrack-converter\0.34.30\flexmark-youtrack-converter-0.34.30.jar;C:\Users\REXA\.m2\repository\es\nitaur\markdown\txtmark\0.16\txtmark-0.16.jar;C:\Users\REXA\.m2\repository\net\serenity-bdd\serenity-report-resources\2.4.51\serenity-report-resources-2.4.51.jar;C:\Users\REXA\.m2\repository\com\google\code\gson\gson\2.8.7\gson-2.8.7.jar;C:\Users\REXA\.m2\repository\com\fasterxml\jackson\core\jackson-core\2.12.4\jackson-core-2.12.4.jar;C:\Users\REXA\.m2\repository\com\fasterxml\jackson\core\jackson-databind\2.12.4\jackson-databind-2.12.4.jar;C:\Users\REXA\.m2\repository\com\fasterxml\jackson\core\jackson-annotations\2.12.4\jackson-annotations-2.12.4.jar;C:\Users\REXA\.m2\repository\commons-codec\commons-codec\1.15\commons-codec-1.15.jar;C:\Users\REXA\.m2\repository\commons-io\commons-io\2.8.0\commons-io-2.8.0.jar;C:\Users\REXA\.m2\repository\org\seleniumhq\selenium\selenium-server\3.141.59\selenium-server-3.141.59.jar;C:\Users\REXA\.m2\repository\org\seleniumhq\selenium\selenium-opera-driver\3.141.59\selenium-opera-driver-3.141.59.jar;C:\Users\REXA\.m2\repository\org\seleniumhq\selenium\selenium-remote-driver\3.141.59\selenium-remote-driver-3.141.59.jar;C:\Users\REXA\.m2\repository\org\seleniumhq\selenium\selenium-safari-driver\3.141.59\selenium-safari-driver-3.141.59.jar;C:\Users\REXA\.m2\repository\com\beust\jcommander\1.72\jcommander-1.72.jar;C:\Users\REXA\.m2\repository\org\apache\commons\commons-exec\1.3\commons-exec-1.3.jar;C:\Users\REXA\.m2\repository\net\jcip\jcip-annotations\1.0\jcip-annotations-1.0.jar;C:\Users\REXA\.m2\repository\org\seleniumhq\selenium\jetty-repacked\9.4.12.v20180830\jetty-repacked-9.4.12.v20180830.jar;C:\Users\REXA\.m2\repository\com\squareup\okhttp3\okhttp\3.11.0\okhttp-3.11.0.jar;C:\Users\REXA\.m2\repository\com\squareup\okio\okio\1.14.0\okio-1.14.0.jar;C:\Users\REXA\.m2\repository\javax\servlet\javax.servlet-api\3.1.0\javax.servlet-api-3.1.0.jar;C:\Users\REXA\.m2\repository\org\yaml\snakeyaml\1.19\snakeyaml-1.19.jar;C:\Users\REXA\.m2\repository\org\seleniumhq\selenium\selenium-java\3.141.59\selenium-java-3.141.59.jar;C:\Users\REXA\.m2\repository\org\seleniumhq\selenium\selenium-api\3.141.59\selenium-api-3.141.59.jar;C:\Users\REXA\.m2\repository\org\seleniumhq\selenium\selenium-support\3.141.59\selenium-support-3.141.59.jar;C:\Users\REXA\.m2\repository\org\seleniumhq\selenium\selenium-chrome-driver\3.141.59\selenium-chrome-driver-3.141.59.jar;C:\Users\REXA\.m2\repository\org\seleniumhq\selenium\selenium-firefox-driver\3.141.59\selenium-firefox-driver-3.141.59.jar;C:\Users\REXA\.m2\repository\org\seleniumhq\selenium\selenium-edge-driver\3.141.59\selenium-edge-driver-3.141.59.jar;C:\Users\REXA\.m2\repository\org\seleniumhq\selenium\selenium-ie-driver\3.141.59\selenium-ie-driver-3.141.59.jar;C:\Users\REXA\.m2\repository\net\sourceforge\htmlunit\htmlunit\2.47.1\htmlunit-2.47.1.jar;C:\Users\REXA\.m2\repository\xalan\xalan\2.7.2\xalan-2.7.2.jar;C:\Users\REXA\.m2\repository\xalan\serializer\2.7.2\serializer-2.7.2.jar;C:\Users\REXA\.m2\repository\net\sourceforge\htmlunit\htmlunit-core-js\2.47.0\htmlunit-core-js-2.47.0.jar;C:\Users\REXA\.m2\repository\net\sourceforge\htmlunit\neko-htmlunit\2.47.1\neko-htmlunit-2.47.1.jar;C:\Users\REXA\.m2\repository\xerces\xercesImpl\2.12.0\xercesImpl-2.12.0.jar;C:\Users\REXA\.m2\repository\xml-apis\xml-apis\1.4.01\xml-apis-1.4.01.jar;C:\Users\REXA\.m2\repository\net\sourceforge\htmlunit\htmlunit-cssparser\1.7.0\htmlunit-cssparser-1.7.0.jar;C:\Users\REXA\.m2\repository\org\brotli\dec\0.1.2\dec-0.1.2.jar;C:\Users\REXA\.m2\repository\com\shapesecurity\salvation2\3.0.0\salvation2-3.0.0.jar;C:\Users\REXA\.m2\repository\org\eclipse\jetty\websocket\websocket-client\9.4.36.v20210114\websocket-client-9.4.36.v20210114.jar;C:\Users\REXA\.m2\repository\org\eclipse\jetty\jetty-client\9.4.36.v20210114\jetty-client-9.4.36.v20210114.jar;C:\Users\REXA\.m2\repository\org\eclipse\jetty\jetty-http\9.4.36.v20210114\jetty-http-9.4.36.v20210114.jar;C:\Users\REXA\.m2\repository\org\eclipse\jetty\jetty-util\9.4.36.v20210114\jetty-util-9.4.36.v20210114.jar;C:\Users\REXA\.m2\repository\org\eclipse\jetty\jetty-io\9.4.36.v20210114\jetty-io-9.4.36.v20210114.jar;C:\Users\REXA\.m2\repository\org\eclipse\jetty\websocket\websocket-common\9.4.36.v20210114\websocket-common-9.4.36.v20210114.jar;C:\Users\REXA\.m2\repository\org\eclipse\jetty\websocket\websocket-api\9.4.36.v20210114\websocket-api-9.4.36.v20210114.jar;C:\Users\REXA\.m2\repository\org\projectlombok\lombok\1.18.20\lombok-1.18.20.jar;C:\Users\REXA\.m2\repository\org\seleniumhq\selenium\htmlunit-driver\2.47.1\htmlunit-driver-2.47.1.jar;C:\Users\REXA\.m2\repository\com\codeborne\phantomjsdriver\1.4.4\phantomjsdriver-1.4.4.jar;C:\Users\REXA\.m2\repository\io\appium\java-client\7.5.1\java-client-7.5.1.jar;C:\Users\REXA\.m2\repository\commons-validator\commons-validator\1.7\commons-validator-1.7.jar;C:\Users\REXA\.m2\repository\commons-digester\commons-digester\2.1\commons-digester-2.1.jar;C:\Users\REXA\.m2\repository\org\aspectj\aspectjweaver\1.9.6\aspectjweaver-1.9.6.jar;C:\Users\REXA\.m2\repository\net\sf\opencsv\opencsv\2.0\opencsv-2.0.jar;C:\Users\REXA\.m2\repository\commons-beanutils\commons-beanutils\1.9.4\commons-beanutils-1.9.4.jar;C:\Users\REXA\.m2\repository\commons-collections\commons-collections\3.2.2\commons-collections-3.2.2.jar;C:\Users\REXA\.m2\repository\org\fluentlenium\fluentlenium-core\0.10.2\fluentlenium-core-0.10.2.jar;C:\Users\REXA\.m2\repository\io\github\bonigarcia\webdrivermanager\4.4.1\webdrivermanager-4.4.1.jar;C:\Users\REXA\.m2\repository\org\apache\httpcomponents\client5\httpclient5\5.0.3\httpclient5-5.0.3.jar;C:\Users\REXA\.m2\repository\org\apache\httpcomponents\core5\httpcore5\5.0.2\httpcore5-5.0.2.jar;C:\Users\REXA\.m2\repository\org\apache\httpcomponents\core5\httpcore5-h2\5.0.2\httpcore5-h2-5.0.2.jar;C:\Users\REXA\.m2\repository\org\rauschig\jarchivelib\1.1.0\jarchivelib-1.1.0.jar;C:\Users\REXA\.m2\repository\org\apache\commons\commons-compress\1.20\commons-compress-1.20.jar;C:\Users\REXA\.m2\repository\com\jhlabs\filters\2.0.235\filters-2.0.235.jar;C:\Users\REXA\.m2\repository\com\paulhammant\ngwebdriver\1.1.5\ngwebdriver-1.1.5.jar;C:\Users\REXA\.m2\repository\joda-time\joda-time\2.8.2\joda-time-2.8.2.jar;C:\Users\REXA\.m2\repository\com\google\jimfs\jimfs\1.1\jimfs-1.1.jar;C:\Users\REXA\.m2\repository\org\mockito\mockito-core\3.3.3\mockito-core-3.3.3.jar;C:\Users\REXA\.m2\repository\javax\xml\bind\jaxb-api\2.3.1\jaxb-api-2.3.1.jar;C:\Users\REXA\.m2\repository\javax\activation\javax.activation-api\1.2.0\javax.activation-api-1.2.0.jar;C:\Users\REXA\.m2\repository\com\sun\xml\bind\jaxb-core\2.3.0.1\jaxb-core-2.3.0.1.jar;C:\Users\REXA\.m2\repository\com\sun\xml\bind\jaxb-impl\2.3.3\jaxb-impl-2.3.3.jar;C:\Users\REXA\.m2\repository\com\sun\activation\jakarta.activation\1.2.2\jakarta.activation-1.2.2.jar;C:\Users\REXA\.m2\repository\javax\activation\activation\1.1.1\activation-1.1.1.jar;C:\Users\REXA\.m2\repository\net\serenity-bdd\serenity-junit\2.4.51\serenity-junit-2.4.51.jar;C:\Users\REXA\.m2\repository\net\serenity-bdd\serenity-rest-assured\2.4.51\serenity-rest-assured-2.4.51.jar;C:\Users\REXA\.m2\repository\org\codehaus\groovy\groovy-json\3.0.8\groovy-json-3.0.8.jar;C:\Users\REXA\.m2\repository\org\opentest4j\opentest4j\1.2.0\opentest4j-1.2.0.jar;C:\Users\REXA\.m2\repository\net\serenity-bdd\serenity-screenplay\2.4.51\serenity-screenplay-2.4.51.jar;C:\Users\REXA\.m2\repository\net\serenity-bdd\serenity-screenplay-rest\2.4.51\serenity-screenplay-rest-2.4.51.jar;C:\Users\REXA\.m2\repository\net\serenity-bdd\serenity-cucumber6\2.4.51\serenity-cucumber6-2.4.51.jar;C:\Users\REXA\.m2\repository\net\serenity-bdd\serenity-screenplay-webdriver\2.4.51\serenity-screenplay-webdriver-2.4.51.jar;C:\Users\REXA\.m2\repository\io\cucumber\cucumber-java\6.10.4\cucumber-java-6.10.4.jar;C:\Users\REXA\.m2\repository\org\apiguardian\apiguardian-api\1.1.1\apiguardian-api-1.1.1.jar;C:\Users\REXA\.m2\repository\io\cucumber\cucumber-junit\6.10.4\cucumber-junit-6.10.4.jar;C:\Users\REXA\.m2\repository\io\cucumber\datatable-matchers\3.4.0\datatable-matchers-3.4.0.jar;C:\Users\REXA\.m2\repository\io\cucumber\datatable\3.4.0\datatable-3.4.0.jar;C:\Users\REXA\.m2\repository\commons-logging\commons-logging\1.2\commons-logging-1.2.jar;C:\Users\REXA\.m2\repository\org\apache\commons\commons-csv\1.5\commons-csv-1.5.jar;C:\Users\REXA\.m2\repository\io\rest-assured\rest-assured\4.3.2\rest-assured-4.3.2.jar;C:\Users\REXA\.m2\repository\org\apache\httpcomponents\httpclient\4.5.3\httpclient-4.5.3.jar;C:\Users\REXA\.m2\repository\org\apache\httpcomponents\httpcore\4.4.6\httpcore-4.4.6.jar;C:\Users\REXA\.m2\repository\org\apache\httpcomponents\httpmime\4.5.3\httpmime-4.5.3.jar;C:\Users\REXA\.m2\repository\org\ccil\cowan\tagsoup\tagsoup\1.2.1\tagsoup-1.2.1.jar;C:\Users\REXA\.m2\repository\io\rest-assured\json-path\4.3.3\json-path-4.3.3.jar;C:\Users\REXA\.m2\repository\io\rest-assured\rest-assured-common\4.3.3\rest-assured-common-4.3.3.jar;C:\Users\REXA\.m2\repository\io\rest-assured\xml-path\4.3.3\xml-path-4.3.3.jar;C:\Users\REXA\.m2\repository\jakarta\xml\bind\jakarta.xml.bind-api\2.3.3\jakarta.xml.bind-api-2.3.3.jar;C:\Users\REXA\.m2\repository\jakarta\activation\jakarta.activation-api\1.2.2\jakarta.activation-api-1.2.2.jar;C:\Users\REXA\.m2\repository\org\codehaus\groovy\groovy\3.0.6\groovy-3.0.6.jar;C:\Users\REXA\.m2\repository\org\codehaus\groovy\groovy-xml\3.0.6\groovy-xml-3.0.6.jar;C:\Users\REXA\.m2\repository\junit\junit\4.13.1\junit-4.13.1.jar;C:\Users\REXA\.m2\repository\org\hamcrest\hamcrest-core\1.3\hamcrest-core-1.3.jar;C:\Users\REXA\.m2\repository\org\assertj\assertj-core\3.6.2\assertj-core-3.6.2.jar;C:\Users\REXA\.m2\repository\org\hamcrest\hamcrest\2.2\hamcrest-2.2.jar;C:\Users\REXA\.m2\repository\org\apache\commons\commons-lang3\3.8.1\commons-lang3-3.8.1.jar;"/>
    <property name="java.vm.vendor" value="Oracle Corporation"/>
    <property name="sun.arch.data.model" value="64"/>
    <property name="user.variant" value=""/>
    <property name="java.vendor.url" value="http://java.oracle.com/"/>
    <property name="user.timezone" value="Asia/Bangkok"/>
    <property name="java.vm.specification.version" value="1.8"/>
    <property name="os.name" value="Windows 10"/>
    <property name="user.country" value="ID"/>
    <property name="sun.java.launcher" value="SUN_STANDARD"/>
    <property name="sun.boot.library.path" value="C:\Program Files\Java\jdk1.8.0_311\jre\bin"/>
    <property name="sun.java.command" value="C:\Users\REXA\AppData\Local\Temp\surefire8044383764231952129\surefirebooter4411543592080367010.jar C:\Users\REXA\AppData\Local\Temp\surefire8044383764231952129 2022-07-15T19-33-14_065-jvmRun1 surefire4930645607291076521tmp surefire_01362133896759693984tmp"/>
    <property name="surefire.test.class.path" value="C:\Users\REXA\IdeaProjects\Capstone\target\test-classes;C:\Users\REXA\IdeaProjects\Capstone\target\Capstone-1.0-SNAPSHOT.jar;C:\Users\REXA\.m2\repository\ch\qos\logback\logback-classic\1.2.3\logback-classic-1.2.3.jar;C:\Users\REXA\.m2\repository\ch\qos\logback\logback-core\1.2.3\logback-core-1.2.3.jar;C:\Users\REXA\.m2\repository\org\slf4j\slf4j-api\1.7.25\slf4j-api-1.7.25.jar;C:\Users\REXA\.m2\repository\com\googlecode\json-simple\json-simple\1.1.1\json-simple-1.1.1.jar;C:\Users\REXA\.m2\repository\net\serenity-bdd\serenity-core\2.4.51\serenity-core-2.4.51.jar;C:\Users\REXA\.m2\repository\net\serenity-bdd\serenity-model\2.4.51\serenity-model-2.4.51.jar;C:\Users\REXA\.m2\repository\org\apache\commons\commons-text\1.9\commons-text-1.9.jar;C:\Users\REXA\.m2\repository\commons-net\commons-net\3.6\commons-net-3.6.jar;C:\Users\REXA\.m2\repository\com\google\guava\guava\30.1-jre\guava-30.1-jre.jar;C:\Users\REXA\.m2\repository\com\google\guava\failureaccess\1.0.1\failureaccess-1.0.1.jar;C:\Users\REXA\.m2\repository\com\google\guava\listenablefuture\9999.0-empty-to-avoid-conflict-with-guava\listenablefuture-9999.0-empty-to-avoid-conflict-with-guava.jar;C:\Users\REXA\.m2\repository\com\google\code\findbugs\jsr305\3.0.2\jsr305-3.0.2.jar;C:\Users\REXA\.m2\repository\org\checkerframework\checker-qual\3.5.0\checker-qual-3.5.0.jar;C:\Users\REXA\.m2\repository\com\google\errorprone\error_prone_annotations\2.3.4\error_prone_annotations-2.3.4.jar;C:\Users\REXA\.m2\repository\com\google\j2objc\j2objc-annotations\1.3\j2objc-annotations-1.3.jar;C:\Users\REXA\.m2\repository\com\google\inject\guice\5.0.1\guice-5.0.1.jar;C:\Users\REXA\.m2\repository\javax\inject\javax.inject\1\javax.inject-1.jar;C:\Users\REXA\.m2\repository\aopalliance\aopalliance\1.0\aopalliance-1.0.jar;C:\Users\REXA\.m2\repository\org\jsoup\jsoup\1.13.1\jsoup-1.13.1.jar;C:\Users\REXA\.m2\repository\com\thoughtworks\xstream\xstream\1.4.17\xstream-1.4.17.jar;C:\Users\REXA\.m2\repository\io\github\x-stream\mxparser\1.2.1\mxparser-1.2.1.jar;C:\Users\REXA\.m2\repository\xmlpull\xmlpull\1.1.3.1\xmlpull-1.1.3.1.jar;C:\Users\REXA\.m2\repository\io\cucumber\cucumber-core\6.10.2\cucumber-core-6.10.2.jar;C:\Users\REXA\.m2\repository\io\cucumber\cucumber-gherkin\6.10.2\cucumber-gherkin-6.10.2.jar;C:\Users\REXA\.m2\repository\io\cucumber\cucumber-gherkin-messages\6.10.2\cucumber-gherkin-messages-6.10.2.jar;C:\Users\REXA\.m2\repository\io\cucumber\messages\14.0.1\messages-14.0.1.jar;C:\Users\REXA\.m2\repository\io\cucumber\tag-expressions\3.0.0\tag-expressions-3.0.0.jar;C:\Users\REXA\.m2\repository\io\cucumber\cucumber-expressions\10.3.0\cucumber-expressions-10.3.0.jar;C:\Users\REXA\.m2\repository\io\cucumber\cucumber-plugin\6.10.2\cucumber-plugin-6.10.2.jar;C:\Users\REXA\.m2\repository\io\cucumber\docstring\6.10.2\docstring-6.10.2.jar;C:\Users\REXA\.m2\repository\io\cucumber\html-formatter\12.0.0\html-formatter-12.0.0.jar;C:\Users\REXA\.m2\repository\io\cucumber\create-meta\3.0.0\create-meta-3.0.0.jar;C:\Users\REXA\.m2\repository\com\typesafe\config\1.3.1\config-1.3.1.jar;C:\Users\REXA\.m2\repository\org\imgscalr\imgscalr-lib\4.2\imgscalr-lib-4.2.jar;C:\Users\REXA\.m2\repository\org\awaitility\awaitility\4.0.3\awaitility-4.0.3.jar;C:\Users\REXA\.m2\repository\org\freemarker\freemarker\2.3.29\freemarker-2.3.29.jar;C:\Users\REXA\.m2\repository\net\sourceforge\jexcelapi\jxl\2.6.12\jxl-2.6.12.jar;C:\Users\REXA\.m2\repository\org\asciidoctor\asciidoctorj\2.5.1\asciidoctorj-2.5.1.jar;C:\Users\REXA\.m2\repository\org\asciidoctor\asciidoctorj-api\2.5.1\asciidoctorj-api-2.5.1.jar;C:\Users\REXA\.m2\repository\org\jruby\jruby\9.2.17.0\jruby-9.2.17.0.jar;C:\Users\REXA\.m2\repository\org\jruby\jruby-core\9.2.17.0\jruby-core-9.2.17.0.jar;C:\Users\REXA\.m2\repository\com\github\jnr\jnr-netdb\1.2.0\jnr-netdb-1.2.0.jar;C:\Users\REXA\.m2\repository\com\github\jnr\jnr-enxio\0.32.3\jnr-enxio-0.32.3.jar;C:\Users\REXA\.m2\repository\com\github\jnr\jnr-unixsocket\0.38.5\jnr-unixsocket-0.38.5.jar;C:\Users\REXA\.m2\repository\com\github\jnr\jnr-posix\3.1.4\jnr-posix-3.1.4.jar;C:\Users\REXA\.m2\repository\com\github\jnr\jnr-constants\0.10.1\jnr-constants-0.10.1.jar;C:\Users\REXA\.m2\repository\com\github\jnr\jffi\1.3.1\jffi-1.3.1.jar;C:\Users\REXA\.m2\repository\com\github\jnr\jffi\1.3.1\jffi-1.3.1-native.jar;C:\Users\REXA\.m2\repository\org\jruby\joni\joni\2.1.31\joni-2.1.31.jar;C:\Users\REXA\.m2\repository\org\jruby\jcodings\jcodings\1.0.46\jcodings-1.0.46.jar;C:\Users\REXA\.m2\repository\org\jruby\dirgra\0.3\dirgra-0.3.jar;C:\Users\REXA\.m2\repository\com\headius\invokebinder\1.11\invokebinder-1.11.jar;C:\Users\REXA\.m2\repository\com\headius\options\1.4\options-1.4.jar;C:\Users\REXA\.m2\repository\com\jcraft\jzlib\1.1.3\jzlib-1.1.3.jar;C:\Users\REXA\.m2\repository\com\martiansoftware\nailgun-server\0.9.1\nailgun-server-0.9.1.jar;C:\Users\REXA\.m2\repository\com\headius\backport9\1.8\backport9-1.8.jar;C:\Users\REXA\.m2\repository\javax\annotation\javax.annotation-api\1.3.1\javax.annotation-api-1.3.1.jar;C:\Users\REXA\.m2\repository\org\jruby\jruby-stdlib\9.2.17.0\jruby-stdlib-9.2.17.0.jar;C:\Users\REXA\.m2\repository\net\bytebuddy\byte-buddy\1.11.1\byte-buddy-1.11.1.jar;C:\Users\REXA\.m2\repository\net\bytebuddy\byte-buddy-agent\1.11.1\byte-buddy-agent-1.11.1.jar;C:\Users\REXA\.m2\repository\org\objenesis\objenesis\3.1\objenesis-3.1.jar;C:\Users\REXA\.m2\repository\net\serenity-bdd\serenity-reports\2.4.51\serenity-reports-2.4.51.jar;C:\Users\REXA\.m2\repository\net\serenity-bdd\serenity-stats\2.4.51\serenity-stats-2.4.51.jar;C:\Users\REXA\.m2\repository\org\jetbrains\kotlin\kotlin-stdlib\1.5.0\kotlin-stdlib-1.5.0.jar;C:\Users\REXA\.m2\repository\org\jetbrains\annotations\13.0\annotations-13.0.jar;C:\Users\REXA\.m2\repository\org\jetbrains\kotlin\kotlin-stdlib-common\1.5.0\kotlin-stdlib-common-1.5.0.jar;C:\Users\REXA\.m2\repository\net\serenity-bdd\serenity-reports-configuration\2.4.51\serenity-reports-configuration-2.4.51.jar;C:\Users\REXA\.m2\repository\com\vladsch\flexmark\flexmark-all\0.34.30\flexmark-all-0.34.30.jar;C:\Users\REXA\.m2\repository\com\vladsch\flexmark\flexmark\0.34.30\flexmark-0.34.30.jar;C:\Users\REXA\.m2\repository\com\vladsch\flexmark\flexmark-ext-abbreviation\0.34.30\flexmark-ext-abbreviation-0.34.30.jar;C:\Users\REXA\.m2\repository\com\vladsch\flexmark\flexmark-ext-admonition\0.34.30\flexmark-ext-admonition-0.34.30.jar;C:\Users\REXA\.m2\repository\com\vladsch\flexmark\flexmark-ext-anchorlink\0.34.30\flexmark-ext-anchorlink-0.34.30.jar;C:\Users\REXA\.m2\repository\com\vladsch\flexmark\flexmark-ext-aside\0.34.30\flexmark-ext-aside-0.34.30.jar;C:\Users\REXA\.m2\repository\com\vladsch\flexmark\flexmark-ext-attributes\0.34.30\flexmark-ext-attributes-0.34.30.jar;C:\Users\REXA\.m2\repository\com\vladsch\flexmark\flexmark-ext-autolink\0.34.30\flexmark-ext-autolink-0.34.30.jar;C:\Users\REXA\.m2\repository\org\nibor\autolink\autolink\0.6.0\autolink-0.6.0.jar;C:\Users\REXA\.m2\repository\com\vladsch\flexmark\flexmark-ext-definition\0.34.30\flexmark-ext-definition-0.34.30.jar;C:\Users\REXA\.m2\repository\com\vladsch\flexmark\flexmark-ext-emoji\0.34.30\flexmark-ext-emoji-0.34.30.jar;C:\Users\REXA\.m2\repository\com\vladsch\flexmark\flexmark-ext-enumerated-reference\0.34.30\flexmark-ext-enumerated-reference-0.34.30.jar;C:\Users\REXA\.m2\repository\com\vladsch\flexmark\flexmark-ext-escaped-character\0.34.30\flexmark-ext-escaped-character-0.34.30.jar;C:\Users\REXA\.m2\repository\com\vladsch\flexmark\flexmark-ext-footnotes\0.34.30\flexmark-ext-footnotes-0.34.30.jar;C:\Users\REXA\.m2\repository\com\vladsch\flexmark\flexmark-ext-gfm-issues\0.34.30\flexmark-ext-gfm-issues-0.34.30.jar;C:\Users\REXA\.m2\repository\com\vladsch\flexmark\flexmark-ext-gfm-strikethrough\0.34.30\flexmark-ext-gfm-strikethrough-0.34.30.jar;C:\Users\REXA\.m2\repository\com\vladsch\flexmark\flexmark-ext-gfm-tables\0.34.30\flexmark-ext-gfm-tables-0.34.30.jar;C:\Users\REXA\.m2\repository\com\vladsch\flexmark\flexmark-ext-gfm-tasklist\0.34.30\flexmark-ext-gfm-tasklist-0.34.30.jar;C:\Users\REXA\.m2\repository\com\vladsch\flexmark\flexmark-ext-gfm-users\0.34.30\flexmark-ext-gfm-users-0.34.30.jar;C:\Users\REXA\.m2\repository\com\vladsch\flexmark\flexmark-ext-gitlab\0.34.30\flexmark-ext-gitlab-0.34.30.jar;C:\Users\REXA\.m2\repository\com\vladsch\flexmark\flexmark-ext-jekyll-front-matter\0.34.30\flexmark-ext-jekyll-front-matter-0.34.30.jar;C:\Users\REXA\.m2\repository\com\vladsch\flexmark\flexmark-ext-jekyll-tag\0.34.30\flexmark-ext-jekyll-tag-0.34.30.jar;C:\Users\REXA\.m2\repository\com\vladsch\flexmark\flexmark-ext-media-tags\0.34.30\flexmark-ext-media-tags-0.34.30.jar;C:\Users\REXA\.m2\repository\com\vladsch\flexmark\flexmark-test-util\0.34.30\flexmark-test-util-0.34.30.jar;C:\Users\REXA\.m2\repository\com\vladsch\flexmark\flexmark-ext-ins\0.34.30\flexmark-ext-ins-0.34.30.jar;C:\Users\REXA\.m2\repository\com\vladsch\flexmark\flexmark-ext-xwiki-macros\0.34.30\flexmark-ext-xwiki-macros-0.34.30.jar;C:\Users\REXA\.m2\repository\com\vladsch\flexmark\flexmark-ext-superscript\0.34.30\flexmark-ext-superscript-0.34.30.jar;C:\Users\REXA\.m2\repository\com\vladsch\flexmark\flexmark-ext-tables\0.34.30\flexmark-ext-tables-0.34.30.jar;C:\Users\REXA\.m2\repository\com\vladsch\flexmark\flexmark-ext-toc\0.34.30\flexmark-ext-toc-0.34.30.jar;C:\Users\REXA\.m2\repository\com\vladsch\flexmark\flexmark-ext-typographic\0.34.30\flexmark-ext-typographic-0.34.30.jar;C:\Users\REXA\.m2\repository\com\vladsch\flexmark\flexmark-ext-wikilink\0.34.30\flexmark-ext-wikilink-0.34.30.jar;C:\Users\REXA\.m2\repository\com\vladsch\flexmark\flexmark-ext-yaml-front-matter\0.34.30\flexmark-ext-yaml-front-matter-0.34.30.jar;C:\Users\REXA\.m2\repository\com\vladsch\flexmark\flexmark-ext-youtube-embedded\0.34.30\flexmark-ext-youtube-embedded-0.34.30.jar;C:\Users\REXA\.m2\repository\com\vladsch\flexmark\flexmark-formatter\0.34.30\flexmark-formatter-0.34.30.jar;C:\Users\REXA\.m2\repository\com\vladsch\flexmark\flexmark-html-parser\0.34.30\flexmark-html-parser-0.34.30.jar;C:\Users\REXA\.m2\repository\com\vladsch\flexmark\flexmark-jira-converter\0.34.30\flexmark-jira-converter-0.34.30.jar;C:\Users\REXA\.m2\repository\com\vladsch\flexmark\flexmark-pdf-converter\0.34.30\flexmark-pdf-converter-0.34.30.jar;C:\Users\REXA\.m2\repository\com\openhtmltopdf\openhtmltopdf-core\0.0.1-RC13\openhtmltopdf-core-0.0.1-RC13.jar;C:\Users\REXA\.m2\repository\com\openhtmltopdf\openhtmltopdf-pdfbox\0.0.1-RC13\openhtmltopdf-pdfbox-0.0.1-RC13.jar;C:\Users\REXA\.m2\repository\org\apache\pdfbox\pdfbox\2.0.8\pdfbox-2.0.8.jar;C:\Users\REXA\.m2\repository\org\apache\pdfbox\fontbox\2.0.8\fontbox-2.0.8.jar;C:\Users\REXA\.m2\repository\org\apache\pdfbox\xmpbox\2.0.8\xmpbox-2.0.8.jar;C:\Users\REXA\.m2\repository\de\rototor\pdfbox\graphics2d\0.12\graphics2d-0.12.jar;C:\Users\REXA\.m2\repository\com\openhtmltopdf\openhtmltopdf-rtl-support\0.0.1-RC13\openhtmltopdf-rtl-support-0.0.1-RC13.jar;C:\Users\REXA\.m2\repository\com\ibm\icu\icu4j\59.1\icu4j-59.1.jar;C:\Users\REXA\.m2\repository\com\openhtmltopdf\openhtmltopdf-jsoup-dom-converter\0.0.1-RC13\openhtmltopdf-jsoup-dom-converter-0.0.1-RC13.jar;C:\Users\REXA\.m2\repository\com\vladsch\flexmark\flexmark-profile-pegdown\0.34.30\flexmark-profile-pegdown-0.34.30.jar;C:\Users\REXA\.m2\repository\com\vladsch\flexmark\flexmark-util\0.34.30\flexmark-util-0.34.30.jar;C:\Users\REXA\.m2\repository\com\vladsch\flexmark\flexmark-youtrack-converter\0.34.30\flexmark-youtrack-converter-0.34.30.jar;C:\Users\REXA\.m2\repository\es\nitaur\markdown\txtmark\0.16\txtmark-0.16.jar;C:\Users\REXA\.m2\repository\net\serenity-bdd\serenity-report-resources\2.4.51\serenity-report-resources-2.4.51.jar;C:\Users\REXA\.m2\repository\com\google\code\gson\gson\2.8.7\gson-2.8.7.jar;C:\Users\REXA\.m2\repository\com\fasterxml\jackson\core\jackson-core\2.12.4\jackson-core-2.12.4.jar;C:\Users\REXA\.m2\repository\com\fasterxml\jackson\core\jackson-databind\2.12.4\jackson-databind-2.12.4.jar;C:\Users\REXA\.m2\repository\com\fasterxml\jackson\core\jackson-annotations\2.12.4\jackson-annotations-2.12.4.jar;C:\Users\REXA\.m2\repository\commons-codec\commons-codec\1.15\commons-codec-1.15.jar;C:\Users\REXA\.m2\repository\commons-io\commons-io\2.8.0\commons-io-2.8.0.jar;C:\Users\REXA\.m2\repository\org\seleniumhq\selenium\selenium-server\3.141.59\selenium-server-3.141.59.jar;C:\Users\REXA\.m2\repository\org\seleniumhq\selenium\selenium-opera-driver\3.141.59\selenium-opera-driver-3.141.59.jar;C:\Users\REXA\.m2\repository\org\seleniumhq\selenium\selenium-remote-driver\3.141.59\selenium-remote-driver-3.141.59.jar;C:\Users\REXA\.m2\repository\org\seleniumhq\selenium\selenium-safari-driver\3.141.59\selenium-safari-driver-3.141.59.jar;C:\Users\REXA\.m2\repository\com\beust\jcommander\1.72\jcommander-1.72.jar;C:\Users\REXA\.m2\repository\org\apache\commons\commons-exec\1.3\commons-exec-1.3.jar;C:\Users\REXA\.m2\repository\net\jcip\jcip-annotations\1.0\jcip-annotations-1.0.jar;C:\Users\REXA\.m2\repository\org\seleniumhq\selenium\jetty-repacked\9.4.12.v20180830\jetty-repacked-9.4.12.v20180830.jar;C:\Users\REXA\.m2\repository\com\squareup\okhttp3\okhttp\3.11.0\okhttp-3.11.0.jar;C:\Users\REXA\.m2\repository\com\squareup\okio\okio\1.14.0\okio-1.14.0.jar;C:\Users\REXA\.m2\repository\javax\servlet\javax.servlet-api\3.1.0\javax.servlet-api-3.1.0.jar;C:\Users\REXA\.m2\repository\org\yaml\snakeyaml\1.19\snakeyaml-1.19.jar;C:\Users\REXA\.m2\repository\org\seleniumhq\selenium\selenium-java\3.141.59\selenium-java-3.141.59.jar;C:\Users\REXA\.m2\repository\org\seleniumhq\selenium\selenium-api\3.141.59\selenium-api-3.141.59.jar;C:\Users\REXA\.m2\repository\org\seleniumhq\selenium\selenium-support\3.141.59\selenium-support-3.141.59.jar;C:\Users\REXA\.m2\repository\org\seleniumhq\selenium\selenium-chrome-driver\3.141.59\selenium-chrome-driver-3.141.59.jar;C:\Users\REXA\.m2\repository\org\seleniumhq\selenium\selenium-firefox-driver\3.141.59\selenium-firefox-driver-3.141.59.jar;C:\Users\REXA\.m2\repository\org\seleniumhq\selenium\selenium-edge-driver\3.141.59\selenium-edge-driver-3.141.59.jar;C:\Users\REXA\.m2\repository\org\seleniumhq\selenium\selenium-ie-driver\3.141.59\selenium-ie-driver-3.141.59.jar;C:\Users\REXA\.m2\repository\net\sourceforge\htmlunit\htmlunit\2.47.1\htmlunit-2.47.1.jar;C:\Users\REXA\.m2\repository\xalan\xalan\2.7.2\xalan-2.7.2.jar;C:\Users\REXA\.m2\repository\xalan\serializer\2.7.2\serializer-2.7.2.jar;C:\Users\REXA\.m2\repository\net\sourceforge\htmlunit\htmlunit-core-js\2.47.0\htmlunit-core-js-2.47.0.jar;C:\Users\REXA\.m2\repository\net\sourceforge\htmlunit\neko-htmlunit\2.47.1\neko-htmlunit-2.47.1.jar;C:\Users\REXA\.m2\repository\xerces\xercesImpl\2.12.0\xercesImpl-2.12.0.jar;C:\Users\REXA\.m2\repository\xml-apis\xml-apis\1.4.01\xml-apis-1.4.01.jar;C:\Users\REXA\.m2\repository\net\sourceforge\htmlunit\htmlunit-cssparser\1.7.0\htmlunit-cssparser-1.7.0.jar;C:\Users\REXA\.m2\repository\org\brotli\dec\0.1.2\dec-0.1.2.jar;C:\Users\REXA\.m2\repository\com\shapesecurity\salvation2\3.0.0\salvation2-3.0.0.jar;C:\Users\REXA\.m2\repository\org\eclipse\jetty\websocket\websocket-client\9.4.36.v20210114\websocket-client-9.4.36.v20210114.jar;C:\Users\REXA\.m2\repository\org\eclipse\jetty\jetty-client\9.4.36.v20210114\jetty-client-9.4.36.v20210114.jar;C:\Users\REXA\.m2\repository\org\eclipse\jetty\jetty-http\9.4.36.v20210114\jetty-http-9.4.36.v20210114.jar;C:\Users\REXA\.m2\repository\org\eclipse\jetty\jetty-util\9.4.36.v20210114\jetty-util-9.4.36.v20210114.jar;C:\Users\REXA\.m2\repository\org\eclipse\jetty\jetty-io\9.4.36.v20210114\jetty-io-9.4.36.v20210114.jar;C:\Users\REXA\.m2\repository\org\eclipse\jetty\websocket\websocket-common\9.4.36.v20210114\websocket-common-9.4.36.v20210114.jar;C:\Users\REXA\.m2\repository\org\eclipse\jetty\websocket\websocket-api\9.4.36.v20210114\websocket-api-9.4.36.v20210114.jar;C:\Users\REXA\.m2\repository\org\projectlombok\lombok\1.18.20\lombok-1.18.20.jar;C:\Users\REXA\.m2\repository\org\seleniumhq\selenium\htmlunit-driver\2.47.1\htmlunit-driver-2.47.1.jar;C:\Users\REXA\.m2\repository\com\codeborne\phantomjsdriver\1.4.4\phantomjsdriver-1.4.4.jar;C:\Users\REXA\.m2\repository\io\appium\java-client\7.5.1\java-client-7.5.1.jar;C:\Users\REXA\.m2\repository\commons-validator\commons-validator\1.7\commons-validator-1.7.jar;C:\Users\REXA\.m2\repository\commons-digester\commons-digester\2.1\commons-digester-2.1.jar;C:\Users\REXA\.m2\repository\org\aspectj\aspectjweaver\1.9.6\aspectjweaver-1.9.6.jar;C:\Users\REXA\.m2\repository\net\sf\opencsv\opencsv\2.0\opencsv-2.0.jar;C:\Users\REXA\.m2\repository\commons-beanutils\commons-beanutils\1.9.4\commons-beanutils-1.9.4.jar;C:\Users\REXA\.m2\repository\commons-collections\commons-collections\3.2.2\commons-collections-3.2.2.jar;C:\Users\REXA\.m2\repository\org\fluentlenium\fluentlenium-core\0.10.2\fluentlenium-core-0.10.2.jar;C:\Users\REXA\.m2\repository\io\github\bonigarcia\webdrivermanager\4.4.1\webdrivermanager-4.4.1.jar;C:\Users\REXA\.m2\repository\org\apache\httpcomponents\client5\httpclient5\5.0.3\httpclient5-5.0.3.jar;C:\Users\REXA\.m2\repository\org\apache\httpcomponents\core5\httpcore5\5.0.2\httpcore5-5.0.2.jar;C:\Users\REXA\.m2\repository\org\apache\httpcomponents\core5\httpcore5-h2\5.0.2\httpcore5-h2-5.0.2.jar;C:\Users\REXA\.m2\repository\org\rauschig\jarchivelib\1.1.0\jarchivelib-1.1.0.jar;C:\Users\REXA\.m2\repository\org\apache\commons\commons-compress\1.20\commons-compress-1.20.jar;C:\Users\REXA\.m2\repository\com\jhlabs\filters\2.0.235\filters-2.0.235.jar;C:\Users\REXA\.m2\repository\com\paulhammant\ngwebdriver\1.1.5\ngwebdriver-1.1.5.jar;C:\Users\REXA\.m2\repository\joda-time\joda-time\2.8.2\joda-time-2.8.2.jar;C:\Users\REXA\.m2\repository\com\google\jimfs\jimfs\1.1\jimfs-1.1.jar;C:\Users\REXA\.m2\repository\org\mockito\mockito-core\3.3.3\mockito-core-3.3.3.jar;C:\Users\REXA\.m2\repository\javax\xml\bind\jaxb-api\2.3.1\jaxb-api-2.3.1.jar;C:\Users\REXA\.m2\repository\javax\activation\javax.activation-api\1.2.0\javax.activation-api-1.2.0.jar;C:\Users\REXA\.m2\repository\com\sun\xml\bind\jaxb-core\2.3.0.1\jaxb-core-2.3.0.1.jar;C:\Users\REXA\.m2\repository\com\sun\xml\bind\jaxb-impl\2.3.3\jaxb-impl-2.3.3.jar;C:\Users\REXA\.m2\repository\com\sun\activation\jakarta.activation\1.2.2\jakarta.activation-1.2.2.jar;C:\Users\REXA\.m2\repository\javax\activation\activation\1.1.1\activation-1.1.1.jar;C:\Users\REXA\.m2\repository\net\serenity-bdd\serenity-junit\2.4.51\serenity-junit-2.4.51.jar;C:\Users\REXA\.m2\repository\net\serenity-bdd\serenity-rest-assured\2.4.51\serenity-rest-assured-2.4.51.jar;C:\Users\REXA\.m2\repository\org\codehaus\groovy\groovy-json\3.0.8\groovy-json-3.0.8.jar;C:\Users\REXA\.m2\repository\org\opentest4j\opentest4j\1.2.0\opentest4j-1.2.0.jar;C:\Users\REXA\.m2\repository\net\serenity-bdd\serenity-screenplay\2.4.51\serenity-screenplay-2.4.51.jar;C:\Users\REXA\.m2\repository\net\serenity-bdd\serenity-screenplay-rest\2.4.51\serenity-screenplay-rest-2.4.51.jar;C:\Users\REXA\.m2\repository\net\serenity-bdd\serenity-cucumber6\2.4.51\serenity-cucumber6-2.4.51.jar;C:\Users\REXA\.m2\repository\net\serenity-bdd\serenity-screenplay-webdriver\2.4.51\serenity-screenplay-webdriver-2.4.51.jar;C:\Users\REXA\.m2\repository\io\cucumber\cucumber-java\6.10.4\cucumber-java-6.10.4.jar;C:\Users\REXA\.m2\repository\org\apiguardian\apiguardian-api\1.1.1\apiguardian-api-1.1.1.jar;C:\Users\REXA\.m2\repository\io\cucumber\cucumber-junit\6.10.4\cucumber-junit-6.10.4.jar;C:\Users\REXA\.m2\repository\io\cucumber\datatable-matchers\3.4.0\datatable-matchers-3.4.0.jar;C:\Users\REXA\.m2\repository\io\cucumber\datatable\3.4.0\datatable-3.4.0.jar;C:\Users\REXA\.m2\repository\commons-logging\commons-logging\1.2\commons-logging-1.2.jar;C:\Users\REXA\.m2\repository\org\apache\commons\commons-csv\1.5\commons-csv-1.5.jar;C:\Users\REXA\.m2\repository\io\rest-assured\rest-assured\4.3.2\rest-assured-4.3.2.jar;C:\Users\REXA\.m2\repository\org\apache\httpcomponents\httpclient\4.5.3\httpclient-4.5.3.jar;C:\Users\REXA\.m2\repository\org\apache\httpcomponents\httpcore\4.4.6\httpcore-4.4.6.jar;C:\Users\REXA\.m2\repository\org\apache\httpcomponents\httpmime\4.5.3\httpmime-4.5.3.jar;C:\Users\REXA\.m2\repository\org\ccil\cowan\tagsoup\tagsoup\1.2.1\tagsoup-1.2.1.jar;C:\Users\REXA\.m2\repository\io\rest-assured\json-path\4.3.3\json-path-4.3.3.jar;C:\Users\REXA\.m2\repository\io\rest-assured\rest-assured-common\4.3.3\rest-assured-common-4.3.3.jar;C:\Users\REXA\.m2\repository\io\rest-assured\xml-path\4.3.3\xml-path-4.3.3.jar;C:\Users\REXA\.m2\repository\jakarta\xml\bind\jakarta.xml.bind-api\2.3.3\jakarta.xml.bind-api-2.3.3.jar;C:\Users\REXA\.m2\repository\jakarta\activation\jakarta.activation-api\1.2.2\jakarta.activation-api-1.2.2.jar;C:\Users\REXA\.m2\repository\org\codehaus\groovy\groovy\3.0.6\groovy-3.0.6.jar;C:\Users\REXA\.m2\repository\org\codehaus\groovy\groovy-xml\3.0.6\groovy-xml-3.0.6.jar;C:\Users\REXA\.m2\repository\junit\junit\4.13.1\junit-4.13.1.jar;C:\Users\REXA\.m2\repository\org\hamcrest\hamcrest-core\1.3\hamcrest-core-1.3.jar;C:\Users\REXA\.m2\repository\org\assertj\assertj-core\3.6.2\assertj-core-3.6.2.jar;C:\Users\REXA\.m2\repository\org\hamcrest\hamcrest\2.2\hamcrest-2.2.jar;C:\Users\REXA\.m2\repository\org\apache\commons\commons-lang3\3.8.1\commons-lang3-3.8.1.jar;"/>
    <property name="sun.cpu.endian" value="little"/>
    <property name="user.home" value="C:\Users\REXA"/>
    <property name="user.language" value="en"/>
    <property name="java.specification.vendor" value="Oracle Corporation"/>
    <property name="java.home" value="C:\Program Files\Java\jdk1.8.0_311\jre"/>
    <property name="basedir" value="C:\Users\REXA\IdeaProjects\Capstone"/>
    <property name="file.separator" value="\"/>
    <property name="line.separator" value="&#10;"/>
    <property name="java.vm.specification.vendor" value="Oracle Corporation"/>
    <property name="java.specification.name" value="Java Platform API Specification"/>
    <property name="java.awt.graphicsenv" value="sun.awt.Win32GraphicsEnvironment"/>
    <property name="surefire.real.class.path" value="C:\Users\REXA\AppData\Local\Temp\surefire8044383764231952129\surefirebooter4411543592080367010.jar"/>
    <property name="sun.boot.class.path" value="C:\Program Files\Java\jdk1.8.0_311\jre\lib\resources.jar;C:\Program Files\Java\jdk1.8.0_311\jre\lib\rt.jar;C:\Program Files\Java\jdk1.8.0_311\jre\lib\sunrsasign.jar;C:\Program Files\Java\jdk1.8.0_311\jre\lib\jsse.jar;C:\Program Files\Java\jdk1.8.0_311\jre\lib\jce.jar;C:\Program Files\Java\jdk1.8.0_311\jre\lib\charsets.jar;C:\Program Files\Java\jdk1.8.0_311\jre\lib\jfr.jar;C:\Program Files\Java\jdk1.8.0_311\jre\classes"/>
    <property name="user.script" value=""/>
    <property name="sun.management.compiler" value="HotSpot 64-Bit Tiered Compilers"/>
    <property name="java.runtime.version" value="1.8.0_311-b11"/>
    <property name="user.name" value="REXA"/>
    <property name="path.separator" value=";"/>
    <property name="os.version" value="10.0"/>
    <property name="java.endorsed.dirs" value="C:\Program Files\Java\jdk1.8.0_311\jre\lib\endorsed"/>
    <property name="java.runtime.name" value="Java(TM) SE Runtime Environment"/>
    <property name="file.encoding" value="Cp1252"/>
    <property name="webdriver.base.url" value=""/>
    <property name="java.vm.name" value="Java HotSpot(TM) 64-Bit Server VM"/>
    <property name="localRepository" value="C:\Users\REXA\.m2\repository"/>
    <property name="java.vendor.url.bug" value="http://bugreport.sun.com/bugreport/"/>
    <property name="java.io.tmpdir" value="C:\Users\REXA\AppData\Local\Temp\"/>
    <property name="java.version" value="1.8.0_311"/>
    <property name="user.dir" value="C:\Users\REXA\IdeaProjects\Capstone"/>
    <property name="os.arch" value="amd64"/>
    <property name="java.vm.specification.name" value="Java Virtual Machine Specification"/>
    <property name="java.awt.printerjob" value="sun.awt.windows.WPrinterJob"/>
    <property name="sun.os.patch.level" value=""/>
    <property name="java.library.path" value="C:\Program Files\Java\jdk1.8.0_311\jre\bin;C:\Windows\Sun\Java\bin;C:\Windows\system32;C:\Windows;C:\Program Files (x86)\Common Files\Intel\Shared Files\cpp\bin\Intel64;C:\Program Files (x86)\Common Files\Oracle\Java\javapath;C:\ProgramData\Oracle\Java\javapath;C:\Windows\system32;C:\Windows;C:\Windows\System32\Wbem;C:\Windows\System32\WindowsPowerShell\v1.0\;C:\Windows\System32\OpenSSH\;C:\Program Files\Git\cmd;C:\xampp73\php;C:\ProgramData\ComposerSetup\bin;C:\Program Files\Azure Data Studio\bin;C:\Program Files (x86)\Microsoft SQL Server\150\DTS\Binn\;C:\Program Files\Microsoft SQL Server\Client SDK\ODBC\170\Tools\Binn\;C:\Program Files (x86)\Microsoft SQL Server\150\Tools\Binn\;C:\Program Files\Microsoft SQL Server\150\Tools\Binn\;C:\Program Files\Microsoft SQL Server\150\DTS\Binn\;C:\Program Files\PuTTY\;C:\Program Files\nodejs\;C:\Users\REXA\AppData\Roaming\npm;C:\Program Files\Java;C:\apache-maven-3.5.2\bin;C:\Program Files (x86)\Bitvise SSH Client;C:\Users\REXA\AppData\Local\Microsoft\WindowsApps;C:\Users\REXA\AppData\Roaming\Composer\vendor\bin;C:\xampp8.1.4\php;C:\Program Files\Azure Data Studio\bin;C:\Users\REXA\AppData\Roaming\npm;C:\Program Files\nodejs;C:\Program Files\JetBrains\WebStorm 2021.3\bin;;C:\Gradle\gradle-7.3.2\bin;C:\Program Files\JetBrains\PhpStorm 2021.3.1\bin;;C:\Program Files\JetBrains\IntelliJ IDEA 2021.3.2\bin;;C:\apache-maven-3.5.2\bin;;."/>
    <property name="java.vm.info" value="mixed mode"/>
    <property name="java.vendor" value="Oracle Corporation"/>
    <property name="java.vm.version" value="25.311-b11"/>
    <property name="java.ext.dirs" value="C:\Program Files\Java\jdk1.8.0_311\jre\lib\ext;C:\Windows\Sun\Java\lib\ext"/>
    <property name="sun.io.unicode.encoding" value="UnicodeLittle"/>
    <property name="java.class.version" value="52.0"/>
  </properties>
  <testcase name="POST - Thread | Up Votes Existing Thread Data" classname="ThreadUpvotes" time="0.945">
    <system-out><![CDATA[

21
 Scenarios (
&amp#27;[32m21 passed&amp#27;[0m
)


109
 Steps (
&amp#27;[32m109 passed&amp#27;[0m
)


0m
26.026s






19:33:44.349 [pool-2-thread-1] DEBUG net.thucydides.core.reports.ReportService - Reporting formats: [JSON, HTML]

19:33:44.507 [pool-2-thread-1] DEBUG net.thucydides.core.reports.ReportService - Reporting formats: [JSON, HTML]

19:33:44.525 [pool-2-thread-1] DEBUG net.thucydides.core.reports.ReportService - Generating reports for 21 test outcomes using: net.thucydides.core.reports.json.JSONTestOutcomeReporter@506207f5

19:33:44.527 [pool-2-thread-1] DEBUG net.thucydides.core.reports.ReportService - Processing test outcome FollowFollowCommunity:POST - Follow | Follow community

19:33:44.527 [pool-2-thread-2] DEBUG net.thucydides.core.reports.ReportService - Processing test outcome FollowFollowUser:POST - Follow | Follow user

19:33:44.527 [pool-2-thread-1] INFO net.thucydides.core.reports.ReportService - net.thucydides.core.reports.json.JSONTestOutcomeReporter@506207f5: Generating report for test outcome: FollowFollowCommunity:POST - Follow | Follow community

19:33:44.527 [pool-2-thread-4] DEBUG net.thucydides.core.reports.ReportService - Processing test outcome FollowUnfollowUser:POST - Follow | Unfollow user

19:33:44.527 [pool-2-thread-2] INFO net.thucydides.core.reports.ReportService - net.thucydides.core.reports.json.JSONTestOutcomeReporter@506207f5: Generating report for test outcome: FollowFollowUser:POST - Follow | Follow user

19:33:44.527 [pool-2-thread-3] DEBUG net.thucydides.core.reports.ReportService - Processing test outcome FollowUnfollowCommunity:POST - Follow | Unfollow community

19:33:44.527 [pool-2-thread-5] DEBUG net.thucydides.core.reports.ReportService - Processing test outcome ReportCategoryCreate:POST - Report Category | Create New Data

19:33:44.527 [pool-2-thread-4] INFO net.thucydides.core.reports.ReportService - net.thucydides.core.reports.json.JSONTestOutcomeReporter@506207f5: Generating report for test outcome: FollowUnfollowUser:POST - Follow | Unfollow user

19:33:44.527 [pool-2-thread-3] INFO net.thucydides.core.reports.ReportService - net.thucydides.core.reports.json.JSONTestOutcomeReporter@506207f5: Generating report for test outcome: FollowUnfollowCommunity:POST - Follow | Unfollow community

19:33:44.527 [pool-2-thread-5] INFO net.thucydides.core.reports.ReportService - net.thucydides.core.reports.json.JSONTestOutcomeReporter@506207f5: Generating report for test outcome: ReportCategoryCreate:POST - Report Category | Create New Data

19:33:44.528 [pool-2-thread-6] DEBUG net.thucydides.core.reports.ReportService - Processing test outcome ReportCategoryDetail:GET - Report Category | Get Detail Data

19:33:44.528 [pool-2-thread-6] INFO net.thucydides.core.reports.ReportService - net.thucydides.core.reports.json.JSONTestOutcomeReporter@506207f5: Generating report for test outcome: ReportCategoryDetail:GET - Report Category | Get Detail Data

19:33:44.528 [pool-2-thread-8] DEBUG net.thucydides.core.reports.ReportService - Processing test outcome ReportCategoryUpdate:PUT - Report Category | Update Existing Data

19:33:44.528 [pool-2-thread-7] DEBUG net.thucydides.core.reports.ReportService - Processing test outcome ReportCategoryGet:GET - Report Category | Get List Data

19:33:44.528 [pool-2-thread-8] INFO net.thucydides.core.reports.ReportService - net.thucydides.core.reports.json.JSONTestOutcomeReporter@506207f5: Generating report for test outcome: ReportCategoryUpdate:PUT - Report Category | Update Existing Data

19:33:44.528 [pool-2-thread-7] INFO net.thucydides.core.reports.ReportService - net.thucydides.core.reports.json.JSONTestOutcomeReporter@506207f5: Generating report for test outcome: ReportCategoryGet:GET - Report Category | Get List Data

19:33:44.543 [pool-2-thread-2] DEBUG net.thucydides.core.reports.json.JSONTestOutcomeReporter - Generating JSON report for POST - Follow | Follow user to file C:\Users\REXA\IdeaProjects\Capstone\target\site\serenity\2ee41253f0d47ffb00ae5c6fd2f912441f62b4339ae35e85c40342cbc4a80215.json (using temp file C:\Users\REXA\IdeaProjects\Capstone\target\site\serenity\2ee41253f0d47ffb00ae5c6fd2f912441f62b4339ae35e85c40342cbc4a80215.json94e68e7d-0365-424c-b46e-0fe004bc105a)

19:33:44.543 [pool-2-thread-8] DEBUG net.thucydides.core.reports.json.JSONTestOutcomeReporter - Generating JSON report for PUT - Report Category | Update Existing Data to file C:\Users\REXA\IdeaProjects\Capstone\target\site\serenity\8a9c3d7b10dd8d410a0dcd63a2741629e0588ea36598c7844cc890a8444d5c3e.json (using temp file C:\Users\REXA\IdeaProjects\Capstone\target\site\serenity\8a9c3d7b10dd8d410a0dcd63a2741629e0588ea36598c7844cc890a8444d5c3e.json6f306f0f-c254-4ada-b73a-6b5eadcd6ef3)

19:33:44.544 [pool-2-thread-5] DEBUG net.thucydides.core.reports.json.JSONTestOutcomeReporter - Generating JSON report for POST - Report Category | Create New Data to file C:\Users\REXA\IdeaProjects\Capstone\target\site\serenity\5dd8fa94e26a7b4f74aea8a11516027fdce5d62f476a38c57d5edaca1f645d8c.json (using temp file C:\Users\REXA\IdeaProjects\Capstone\target\site\serenity\5dd8fa94e26a7b4f74aea8a11516027fdce5d62f476a38c57d5edaca1f645d8c.jsonc557a5e4-11cd-4abb-b0bd-37ec34b6ffd5)

19:33:44.544 [pool-2-thread-3] DEBUG net.thucydides.core.reports.json.JSONTestOutcomeReporter - Generating JSON report for POST - Follow | Unfollow community to file C:\Users\REXA\IdeaProjects\Capstone\target\site\serenity\36db474088632458e857bc7c348d5f09fab3ed3748fd94327c5afbd3d8723548.json (using temp file C:\Users\REXA\IdeaProjects\Capstone\target\site\serenity\36db474088632458e857bc7c348d5f09fab3ed3748fd94327c5afbd3d8723548.json2cfbc6dc-b4d5-4e21-912d-4d35f0fe3019)

19:33:44.544 [pool-2-thread-1] DEBUG net.thucydides.core.reports.json.JSONTestOutcomeReporter - Generating JSON report for POST - Follow | Follow community to file C:\Users\REXA\IdeaProjects\Capstone\target\site\serenity\1a23f7b4357a42d2bd380caf02c8b29dc72114703dd5b698c3e4aad95f1f313f.json (using temp file C:\Users\REXA\IdeaProjects\Capstone\target\site\serenity\1a23f7b4357a42d2bd380caf02c8b29dc72114703dd5b698c3e4aad95f1f313f.jsone0a77663-15f2-41f8-ac00-8c316513908c)

19:33:44.544 [pool-2-thread-4] DEBUG net.thucydides.core.reports.json.JSONTestOutcomeReporter - Generating JSON report for POST - Follow | Unfollow user to file C:\Users\REXA\IdeaProjects\Capstone\target\site\serenity\57cfad8322f8e0b34e8cf8a2906f81b818ce248c0d9362d0b64326c09b675b04.json (using temp file C:\Users\REXA\IdeaProjects\Capstone\target\site\serenity\57cfad8322f8e0b34e8cf8a2906f81b818ce248c0d9362d0b64326c09b675b04.jsonfafd90b7-194b-4b6f-adae-7e364ed11efd)

19:33:44.545 [pool-2-thread-7] DEBUG net.thucydides.core.reports.json.JSONTestOutcomeReporter - Generating JSON report for GET - Report Category | Get List Data to file C:\Users\REXA\IdeaProjects\Capstone\target\site\serenity\2c3e7a71e3de5aa2b5acfe49ef0a589fd713603cc36c038b648bd776a0eafc0a.json (using temp file C:\Users\REXA\IdeaProjects\Capstone\target\site\serenity\2c3e7a71e3de5aa2b5acfe49ef0a589fd713603cc36c038b648bd776a0eafc0a.jsonb3594274-8ff2-4366-80d6-40e1d239a643)

19:33:44.545 [pool-2-thread-6] DEBUG net.thucydides.core.reports.json.JSONTestOutcomeReporter - Generating JSON report for GET - Report Category | Get Detail Data to file C:\Users\REXA\IdeaProjects\Capstone\target\site\serenity\d7cb43eb5771f12410dbd10067d7d8414fbb0618d8edafbd34aea783857f6c49.json (using temp file C:\Users\REXA\IdeaProjects\Capstone\target\site\serenity\d7cb43eb5771f12410dbd10067d7d8414fbb0618d8edafbd34aea783857f6c49.jsonef22be0a-ae06-47e2-87b0-6ad7a787efe1)

19:33:44.622 [pool-2-thread-4] DEBUG net.thucydides.core.reports.ReportService - Processing test outcome FollowUnfollowUser:POST - Follow | Unfollow user done

19:33:44.622 [pool-2-thread-1] DEBUG net.thucydides.core.reports.ReportService - Processing test outcome FollowFollowCommunity:POST - Follow | Follow community done

19:33:44.622 [pool-2-thread-1] DEBUG net.thucydides.core.reports.ReportService - Processing test outcome ReportThread:GET - Thread | Get List Reported Thread

19:33:44.622 [pool-2-thread-1] INFO net.thucydides.core.reports.ReportService - net.thucydides.core.reports.json.JSONTestOutcomeReporter@506207f5: Generating report for test outcome: ReportThread:GET - Thread | Get List Reported Thread

19:33:44.622 [pool-2-thread-4] DEBUG net.thucydides.core.reports.ReportService - Processing test outcome ThreadCreate:POST - Thread | Create New Data

19:33:44.622 [pool-2-thread-4] INFO net.thucydides.core.reports.ReportService - net.thucydides.core.reports.json.JSONTestOutcomeReporter@506207f5: Generating report for test outcome: ThreadCreate:POST - Thread | Create New Data

19:33:44.623 [pool-2-thread-1] DEBUG net.thucydides.core.reports.json.JSONTestOutcomeReporter - Generating JSON report for GET - Thread | Get List Reported Thread to file C:\Users\REXA\IdeaProjects\Capstone\target\site\serenity\57fb9ab18d053511b9f4341222ba9570c4fe6b273a33ddc5fef01456c27baafe.json (using temp file C:\Users\REXA\IdeaProjects\Capstone\target\site\serenity\57fb9ab18d053511b9f4341222ba9570c4fe6b273a33ddc5fef01456c27baafe.json51ca7c44-6c4c-4114-b8e6-4fef84b0873b)

19:33:44.625 [pool-2-thread-4] DEBUG net.thucydides.core.reports.json.JSONTestOutcomeReporter - Generating JSON report for POST - Thread | Create New Data to file C:\Users\REXA\IdeaProjects\Capstone\target\site\serenity\eab6ff653073258cf69e79f1d4a7e83382710bd686a46c905e4c6ac13814bb86.json (using temp file C:\Users\REXA\IdeaProjects\Capstone\target\site\serenity\eab6ff653073258cf69e79f1d4a7e83382710bd686a46c905e4c6ac13814bb86.json1887790c-2eef-42d9-bc20-ec9963f47b59)

19:33:44.627 [pool-2-thread-2] DEBUG net.thucydides.core.reports.ReportService - Processing test outcome FollowFollowUser:POST - Follow | Follow user done

19:33:44.627 [pool-2-thread-2] DEBUG net.thucydides.core.reports.ReportService - Processing test outcome ThreadDelete:DELETE - Thread | Delete Existing Data

19:33:44.627 [pool-2-thread-2] INFO net.thucydides.core.reports.ReportService - net.thucydides.core.reports.json.JSONTestOutcomeReporter@506207f5: Generating report for test outcome: ThreadDelete:DELETE - Thread | Delete Existing Data

19:33:44.627 [pool-2-thread-7] DEBUG net.thucydides.core.reports.ReportService - Processing test outcome ReportCategoryGet:GET - Report Category | Get List Data done

19:33:44.628 [pool-2-thread-7] DEBUG net.thucydides.core.reports.ReportService - Processing test outcome ThreadDetail:GET - Thread | Get Detail Data

19:33:44.628 [pool-2-thread-7] INFO net.thucydides.core.reports.ReportService - net.thucydides.core.reports.json.JSONTestOutcomeReporter@506207f5: Generating report for test outcome: ThreadDetail:GET - Thread | Get Detail Data

19:33:44.629 [pool-2-thread-5] DEBUG net.thucydides.core.reports.ReportService - Processing test outcome ReportCategoryCreate:POST - Report Category | Create New Data done

19:33:44.629 [pool-2-thread-5] DEBUG net.thucydides.core.reports.ReportService - Processing test outcome ThreadDownvotes:POST - Thread | Down Votes Existing Thread Data

19:33:44.629 [pool-2-thread-5] INFO net.thucydides.core.reports.ReportService - net.thucydides.core.reports.json.JSONTestOutcomeReporter@506207f5: Generating report for test outcome: ThreadDownvotes:POST - Thread | Down Votes Existing Thread Data

19:33:44.631 [pool-2-thread-8] DEBUG net.thucydides.core.reports.ReportService - Processing test outcome ReportCategoryUpdate:PUT - Report Category | Update Existing Data done

19:33:44.631 [pool-2-thread-3] DEBUG net.thucydides.core.reports.ReportService - Processing test outcome FollowUnfollowCommunity:POST - Follow | Unfollow community done

19:33:44.631 [pool-2-thread-8] DEBUG net.thucydides.core.reports.ReportService - Processing test outcome ThreadGet:GET - Thread | Get List Data

19:33:44.631 [pool-2-thread-3] DEBUG net.thucydides.core.reports.ReportService - Processing test outcome ThreadGetSaveThread:GET - Thread | Get List Data Thread Saved

19:33:44.631 [pool-2-thread-8] INFO net.thucydides.core.reports.ReportService - net.thucydides.core.reports.json.JSONTestOutcomeReporter@506207f5: Generating report for test outcome: ThreadGet:GET - Thread | Get List Data

19:33:44.631 [pool-2-thread-3] INFO net.thucydides.core.reports.ReportService - net.thucydides.core.reports.json.JSONTestOutcomeReporter@506207f5: Generating report for test outcome: ThreadGetSaveThread:GET - Thread | Get List Data Thread Saved

19:33:44.633 [pool-2-thread-5] DEBUG net.thucydides.core.reports.json.JSONTestOutcomeReporter - Generating JSON report for POST - Thread | Down Votes Existing Thread Data to file C:\Users\REXA\IdeaProjects\Capstone\target\site\serenity\b4550a7cc51fbdb92546ac3aab3a326ba1b88b4c127efb0457e1315f1ee1ba88.json (using temp file C:\Users\REXA\IdeaProjects\Capstone\target\site\serenity\b4550a7cc51fbdb92546ac3aab3a326ba1b88b4c127efb0457e1315f1ee1ba88.jsonc10c9dbd-10f7-4082-8c15-a7235c145741)

19:33:44.634 [pool-2-thread-2] DEBUG net.thucydides.core.reports.json.JSONTestOutcomeReporter - Generating JSON report for DELETE - Thread | Delete Existing Data to file C:\Users\REXA\IdeaProjects\Capstone\target\site\serenity\be9a6c25d4bbb57830f7b2214e197efc8a6440bdb4c4623b38b3a6de77351956.json (using temp file C:\Users\REXA\IdeaProjects\Capstone\target\site\serenity\be9a6c25d4bbb57830f7b2214e197efc8a6440bdb4c4623b38b3a6de77351956.json6a469fcd-d744-4d66-bbb9-4ce27d85992f)

19:33:44.634 [pool-2-thread-6] DEBUG net.thucydides.core.reports.ReportService - Processing test outcome ReportCategoryDetail:GET - Report Category | Get Detail Data done

19:33:44.634 [pool-2-thread-6] DEBUG net.thucydides.core.reports.ReportService - Processing test outcome ThreadReportThread:POST - Thread | Report Existing Thread Data

19:33:44.634 [pool-2-thread-6] INFO net.thucydides.core.reports.ReportService - net.thucydides.core.reports.json.JSONTestOutcomeReporter@506207f5: Generating report for test outcome: ThreadReportThread:POST - Thread | Report Existing Thread Data

19:33:44.634 [pool-2-thread-7] DEBUG net.thucydides.core.reports.json.JSONTestOutcomeReporter - Generating JSON report for GET - Thread | Get Detail Data to file C:\Users\REXA\IdeaProjects\Capstone\target\site\serenity\131fa3b3b659a25ffe743fc113f30400606b3b08cbb4d1b3ac35705d3360f2fd.json (using temp file C:\Users\REXA\IdeaProjects\Capstone\target\site\serenity\131fa3b3b659a25ffe743fc113f30400606b3b08cbb4d1b3ac35705d3360f2fd.json69af6ed2-d811-4c4c-8499-163b98d1237f)

19:33:44.635 [pool-2-thread-8] DEBUG net.thucydides.core.reports.json.JSONTestOutcomeReporter - Generating JSON report for GET - Thread | Get List Data to file C:\Users\REXA\IdeaProjects\Capstone\target\site\serenity\cb3e872af59f3030d6dd1244bfd85d1c6398e02e85630edfcab86c1d9f7548c6.json (using temp file C:\Users\REXA\IdeaProjects\Capstone\target\site\serenity\cb3e872af59f3030d6dd1244bfd85d1c6398e02e85630edfcab86c1d9f7548c6.json036b29bb-1871-42b5-af40-7c27befc16e2)

19:33:44.635 [pool-2-thread-3] DEBUG net.thucydides.core.reports.json.JSONTestOutcomeReporter - Generating JSON report for GET - Thread | Get List Data Thread Saved to file C:\Users\REXA\IdeaProjects\Capstone\target\site\serenity\4cd7e0ff87a2935d46925cfb52a604c347bb9e0d7c11548049efbdeeb1f82e98.json (using temp file C:\Users\REXA\IdeaProjects\Capstone\target\site\serenity\4cd7e0ff87a2935d46925cfb52a604c347bb9e0d7c11548049efbdeeb1f82e98.jsonaadfd13e-4adc-474d-9917-789ec87a0095)

19:33:44.636 [pool-2-thread-1] DEBUG net.thucydides.core.reports.ReportService - Processing test outcome ReportThread:GET - Thread | Get List Reported Thread done

19:33:44.636 [pool-2-thread-1] DEBUG net.thucydides.core.reports.ReportService - Processing test outcome ThreadSaveThread:POST - Thread | Report Existing Thread Data

19:33:44.636 [pool-2-thread-1] INFO net.thucydides.core.reports.ReportService - net.thucydides.core.reports.json.JSONTestOutcomeReporter@506207f5: Generating report for test outcome: ThreadSaveThread:POST - Thread | Report Existing Thread Data

19:33:44.637 [pool-2-thread-6] DEBUG net.thucydides.core.reports.json.JSONTestOutcomeReporter - Generating JSON report for POST - Thread | Report Existing Thread Data to file C:\Users\REXA\IdeaProjects\Capstone\target\site\serenity\2ad2a33dfd340e6f8079024d9149992e66ef4eb8a2093545497ac3916fd79453.json (using temp file C:\Users\REXA\IdeaProjects\Capstone\target\site\serenity\2ad2a33dfd340e6f8079024d9149992e66ef4eb8a2093545497ac3916fd79453.json9168add0-028e-4270-a694-d098350c6f02)

19:33:44.642 [pool-2-thread-1] DEBUG net.thucydides.core.reports.json.JSONTestOutcomeReporter - Generating JSON report for POST - Thread | Report Existing Thread Data to file C:\Users\REXA\IdeaProjects\Capstone\target\site\serenity\a828cb25d4f2f7457da4680c4e5bdda873a11fd909bf8182ea6ffa8a97c937a0.json (using temp file C:\Users\REXA\IdeaProjects\Capstone\target\site\serenity\a828cb25d4f2f7457da4680c4e5bdda873a11fd909bf8182ea6ffa8a97c937a0.jsonab8787ee-02a7-4110-b78b-285649fda652)

19:33:44.644 [pool-2-thread-4] DEBUG net.thucydides.core.reports.ReportService - Processing test outcome ThreadCreate:POST - Thread | Create New Data done

19:33:44.644 [pool-2-thread-4] DEBUG net.thucydides.core.reports.ReportService - Processing test outcome ThreadUndoDownvotes:DELETE - Thread | Undo Down Votes Existing Thread Data

19:33:44.644 [pool-2-thread-4] INFO net.thucydides.core.reports.ReportService - net.thucydides.core.reports.json.JSONTestOutcomeReporter@506207f5: Generating report for test outcome: ThreadUndoDownvotes:DELETE - Thread | Undo Down Votes Existing Thread Data

19:33:44.647 [pool-2-thread-5] DEBUG net.thucydides.core.reports.ReportService - Processing test outcome ThreadDownvotes:POST - Thread | Down Votes Existing Thread Data done

19:33:44.647 [pool-2-thread-7] DEBUG net.thucydides.core.reports.ReportService - Processing test outcome ThreadDetail:GET - Thread | Get Detail Data done

19:33:44.647 [pool-2-thread-5] DEBUG net.thucydides.core.reports.ReportService - Processing test outcome ThreadUndoUpvotes:DELETE - Thread | Undo Up Votes Existing Thread Data

19:33:44.647 [pool-2-thread-7] DEBUG net.thucydides.core.reports.ReportService - Processing test outcome ThreadUpdate:POST - Thread | Update Existing Data

19:33:44.647 [pool-2-thread-7] INFO net.thucydides.core.reports.ReportService - net.thucydides.core.reports.json.JSONTestOutcomeReporter@506207f5: Generating report for test outcome: ThreadUpdate:POST - Thread | Update Existing Data

19:33:44.647 [pool-2-thread-5] INFO net.thucydides.core.reports.ReportService - net.thucydides.core.reports.json.JSONTestOutcomeReporter@506207f5: Generating report for test outcome: ThreadUndoUpvotes:DELETE - Thread | Undo Up Votes Existing Thread Data

19:33:44.647 [pool-2-thread-2] DEBUG net.thucydides.core.reports.ReportService - Processing test outcome ThreadDelete:DELETE - Thread | Delete Existing Data done

19:33:44.648 [pool-2-thread-2] DEBUG net.thucydides.core.reports.ReportService - Processing test outcome ThreadUpvotes:POST - Thread | Up Votes Existing Thread Data

19:33:44.648 [pool-2-thread-2] INFO net.thucydides.core.reports.ReportService - net.thucydides.core.reports.json.JSONTestOutcomeReporter@506207f5: Generating report for test outcome: ThreadUpvotes:POST - Thread | Up Votes Existing Thread Data

19:33:44.649 [pool-2-thread-3] DEBUG net.thucydides.core.reports.ReportService - Processing test outcome ThreadGetSaveThread:GET - Thread | Get List Data Thread Saved done

19:33:44.649 [pool-2-thread-4] DEBUG net.thucydides.core.reports.json.JSONTestOutcomeReporter - Generating JSON report for DELETE - Thread | Undo Down Votes Existing Thread Data to file C:\Users\REXA\IdeaProjects\Capstone\target\site\serenity\d679989b46b0362ad9df125d47b649027f665dea2f31863f381d56908b809a53.json (using temp file C:\Users\REXA\IdeaProjects\Capstone\target\site\serenity\d679989b46b0362ad9df125d47b649027f665dea2f31863f381d56908b809a53.jsone6af5067-f6ab-421f-8601-60e82d93e211)

19:33:44.650 [pool-2-thread-8] DEBUG net.thucydides.core.reports.ReportService - Processing test outcome ThreadGet:GET - Thread | Get List Data done

19:33:44.651 [pool-2-thread-7] DEBUG net.thucydides.core.reports.json.JSONTestOutcomeReporter - Generating JSON report for POST - Thread | Update Existing Data to file C:\Users\REXA\IdeaProjects\Capstone\target\site\serenity\0c0042296b01eef16ea9374c7f58654721d5e337e002163588e4c714d876f7d5.json (using temp file C:\Users\REXA\IdeaProjects\Capstone\target\site\serenity\0c0042296b01eef16ea9374c7f58654721d5e337e002163588e4c714d876f7d5.json5afd288a-d31b-404d-a9ac-ff4547d456fa)

19:33:44.651 [pool-2-thread-2] DEBUG net.thucydides.core.reports.json.JSONTestOutcomeReporter - Generating JSON report for POST - Thread | Up Votes Existing Thread Data to file C:\Users\REXA\IdeaProjects\Capstone\target\site\serenity\3a9b362e4aec6a2b4e4c18dbb693bc9dba817ca4b3600b65ddbecf9a1c96e5ac.json (using temp file C:\Users\REXA\IdeaProjects\Capstone\target\site\serenity\3a9b362e4aec6a2b4e4c18dbb693bc9dba817ca4b3600b65ddbecf9a1c96e5ac.jsoned0dbee4-9421-43cb-a71e-ac7c52f638d1)

19:33:44.651 [pool-2-thread-5] DEBUG net.thucydides.core.reports.json.JSONTestOutcomeReporter - Generating JSON report for DELETE - Thread | Undo Up Votes Existing Thread Data to file C:\Users\REXA\IdeaProjects\Capstone\target\site\serenity\cd1159e4e355acd84bfe42ce11e6d40ae93394fb327c75c9006ab63adae60b7f.json (using temp file C:\Users\REXA\IdeaProjects\Capstone\target\site\serenity\cd1159e4e355acd84bfe42ce11e6d40ae93394fb327c75c9006ab63adae60b7f.jsona82ae59f-32c1-45c5-a915-4fd4cda8b399)

19:33:44.651 [pool-2-thread-6] DEBUG net.thucydides.core.reports.ReportService - Processing test outcome ThreadReportThread:POST - Thread | Report Existing Thread Data done

19:33:44.654 [pool-2-thread-1] DEBUG net.thucydides.core.reports.ReportService - Processing test outcome ThreadSaveThread:POST - Thread | Report Existing Thread Data done

19:33:44.657 [pool-2-thread-5] DEBUG net.thucydides.core.reports.ReportService - Processing test outcome ThreadUndoUpvotes:DELETE - Thread | Undo Up Votes Existing Thread Data done

19:33:44.658 [pool-2-thread-2] DEBUG net.thucydides.core.reports.ReportService - Processing test outcome ThreadUpvotes:POST - Thread | Up Votes Existing Thread Data done

19:33:44.658 [pool-2-thread-4] DEBUG net.thucydides.core.reports.ReportService - Processing test outcome ThreadUndoDownvotes:DELETE - Thread | Undo Down Votes Existing Thread Data done

19:33:44.661 [pool-2-thread-7] DEBUG net.thucydides.core.reports.ReportService - Processing test outcome ThreadUpdate:POST - Thread | Update Existing Data done

19:33:44.661 [pool-2-thread-1] DEBUG net.thucydides.core.reports.ReportService - Shutting down executor service

19:33:44.661 [pool-2-thread-1] DEBUG net.thucydides.core.reports.ReportService - Reports generated in: 136 ms

19:33:44.661 [pool-2-thread-1] DEBUG net.thucydides.core.reports.ReportService - Generating reports for 21 test outcomes using: net.thucydides.core.reports.html.HtmlAcceptanceTestReporter@730a9ce9

19:33:44.662 [pool-3-thread-1] DEBUG net.thucydides.core.reports.ReportService - Processing test outcome FollowFollowCommunity:POST - Follow | Follow community

19:33:44.663 [pool-3-thread-2] DEBUG net.thucydides.core.reports.ReportService - Processing test outcome FollowFollowUser:POST - Follow | Follow user

19:33:44.663 [pool-3-thread-1] INFO net.thucydides.core.reports.ReportService - net.thucydides.core.reports.html.HtmlAcceptanceTestReporter@730a9ce9: Generating report for test outcome: FollowFollowCommunity:POST - Follow | Follow community

19:33:44.663 [pool-3-thread-2] INFO net.thucydides.core.reports.ReportService - net.thucydides.core.reports.html.HtmlAcceptanceTestReporter@730a9ce9: Generating report for test outcome: FollowFollowUser:POST - Follow | Follow user

19:33:44.663 [pool-3-thread-3] DEBUG net.thucydides.core.reports.ReportService - Processing test outcome FollowUnfollowCommunity:POST - Follow | Unfollow community

19:33:44.664 [pool-3-thread-3] INFO net.thucydides.core.reports.ReportService - net.thucydides.core.reports.html.HtmlAcceptanceTestReporter@730a9ce9: Generating report for test outcome: FollowUnfollowCommunity:POST - Follow | Unfollow community

19:33:44.664 [pool-3-thread-4] DEBUG net.thucydides.core.reports.ReportService - Processing test outcome FollowUnfollowUser:POST - Follow | Unfollow user

19:33:44.664 [pool-3-thread-4] INFO net.thucydides.core.reports.ReportService - net.thucydides.core.reports.html.HtmlAcceptanceTestReporter@730a9ce9: Generating report for test outcome: FollowUnfollowUser:POST - Follow | Unfollow user

19:33:44.664 [pool-3-thread-5] DEBUG net.thucydides.core.reports.ReportService - Processing test outcome ReportCategoryCreate:POST - Report Category | Create New Data

19:33:44.664 [pool-3-thread-5] INFO net.thucydides.core.reports.ReportService - net.thucydides.core.reports.html.HtmlAcceptanceTestReporter@730a9ce9: Generating report for test outcome: ReportCategoryCreate:POST - Report Category | Create New Data

19:33:44.665 [pool-3-thread-8] DEBUG net.thucydides.core.reports.ReportService - Processing test outcome ReportCategoryUpdate:PUT - Report Category | Update Existing Data

19:33:44.665 [pool-3-thread-8] INFO net.thucydides.core.reports.ReportService - net.thucydides.core.reports.html.HtmlAcceptanceTestReporter@730a9ce9: Generating report for test outcome: ReportCategoryUpdate:PUT - Report Category | Update Existing Data

19:33:44.665 [pool-3-thread-6] DEBUG net.thucydides.core.reports.ReportService - Processing test outcome ReportCategoryDetail:GET - Report Category | Get Detail Data

19:33:44.665 [pool-3-thread-7] DEBUG net.thucydides.core.reports.ReportService - Processing test outcome ReportCategoryGet:GET - Report Category | Get List Data

19:33:44.665 [pool-3-thread-6] INFO net.thucydides.core.reports.ReportService - net.thucydides.core.reports.html.HtmlAcceptanceTestReporter@730a9ce9: Generating report for test outcome: ReportCategoryDetail:GET - Report Category | Get Detail Data

19:33:44.665 [pool-3-thread-7] INFO net.thucydides.core.reports.ReportService - net.thucydides.core.reports.html.HtmlAcceptanceTestReporter@730a9ce9: Generating report for test outcome: ReportCategoryGet:GET - Report Category | Get List Data

19:33:44.753 [pool-3-thread-6] DEBUG net.thucydides.core.requirements.model.cucumber.CucumberParser - Added feature FollowFollowCommunity

19:33:44.753 [pool-3-thread-7] DEBUG net.thucydides.core.requirements.model.cucumber.CucumberParser - Added feature FollowFollowCommunity

19:33:44.762 [pool-3-thread-5] DEBUG net.thucydides.core.requirements.model.cucumber.CucumberParser - Added feature FollowFollowCommunity

19:33:44.762 [pool-3-thread-7] DEBUG net.thucydides.core.requirements.model.cucumber.CucumberParser - Added feature FollowFollowUser

19:33:44.762 [pool-3-thread-6] DEBUG net.thucydides.core.requirements.model.cucumber.CucumberParser - Added feature FollowFollowUser

19:33:44.769 [pool-3-thread-7] DEBUG net.thucydides.core.requirements.model.cucumber.CucumberParser - Added feature FollowUnfollowCommunity

19:33:44.773 [pool-3-thread-5] DEBUG net.thucydides.core.requirements.model.cucumber.CucumberParser - Added feature FollowFollowUser

19:33:44.773 [pool-3-thread-6] DEBUG net.thucydides.core.requirements.model.cucumber.CucumberParser - Added feature FollowUnfollowCommunity

19:33:44.775 [pool-3-thread-7] DEBUG net.thucydides.core.requirements.model.cucumber.CucumberParser - Added feature FollowUnfollowUser

19:33:44.776 [pool-3-thread-2] DEBUG net.thucydides.core.requirements.model.cucumber.CucumberParser - Added feature FollowFollowCommunity

19:33:44.780 [pool-3-thread-5] DEBUG net.thucydides.core.requirements.model.cucumber.CucumberParser - Added feature FollowUnfollowCommunity

19:33:44.783 [pool-3-thread-7] DEBUG net.thucydides.core.requirements.model.cucumber.CucumberParser - Added feature ReportCategoryCreate

19:33:44.783 [pool-3-thread-8] DEBUG net.thucydides.core.requirements.model.cucumber.CucumberParser - Added feature FollowFollowCommunity

19:33:44.783 [pool-3-thread-2] DEBUG net.thucydides.core.requirements.model.cucumber.CucumberParser - Added feature FollowFollowUser

19:33:44.783 [pool-3-thread-1] DEBUG net.thucydides.core.requirements.model.cucumber.CucumberParser - Added feature FollowFollowCommunity

19:33:44.785 [pool-3-thread-3] DEBUG net.thucydides.core.requirements.model.cucumber.CucumberParser - Added feature FollowFollowCommunity

19:33:44.789 [pool-3-thread-8] DEBUG net.thucydides.core.requirements.model.cucumber.CucumberParser - Added feature FollowFollowUser

19:33:44.789 [pool-3-thread-6] DEBUG net.thucydides.core.requirements.model.cucumber.CucumberParser - Added feature FollowUnfollowUser

19:33:44.789 [pool-3-thread-1] DEBUG net.thucydides.core.requirements.model.cucumber.CucumberParser - Added feature FollowFollowUser

19:33:44.790 [pool-3-thread-2] DEBUG net.thucydides.core.requirements.model.cucumber.CucumberParser - Added feature FollowUnfollowCommunity

19:33:44.793 [pool-3-thread-3] DEBUG net.thucydides.core.requirements.model.cucumber.CucumberParser - Added feature FollowFollowUser

19:33:44.795 [pool-3-thread-8] DEBUG net.thucydides.core.requirements.model.cucumber.CucumberParser - Added feature FollowUnfollowCommunity

19:33:44.796 [pool-3-thread-1] DEBUG net.thucydides.core.requirements.model.cucumber.CucumberParser - Added feature FollowUnfollowCommunity

19:33:44.795 [pool-3-thread-4] DEBUG net.thucydides.core.requirements.model.cucumber.CucumberParser - Added feature FollowFollowCommunity

19:33:44.799 [pool-3-thread-3] DEBUG net.thucydides.core.requirements.model.cucumber.CucumberParser - Added feature FollowUnfollowCommunity

19:33:44.799 [pool-3-thread-5] DEBUG net.thucydides.core.requirements.model.cucumber.CucumberParser - Added feature FollowUnfollowUser

19:33:44.803 [pool-3-thread-1] DEBUG net.thucydides.core.requirements.model.cucumber.CucumberParser - Added feature FollowUnfollowUser

19:33:44.807 [pool-3-thread-4] DEBUG net.thucydides.core.requirements.model.cucumber.CucumberParser - Added feature FollowFollowUser

19:33:44.808 [pool-3-thread-6] DEBUG net.thucydides.core.requirements.model.cucumber.CucumberParser - Added feature ReportCategoryCreate

19:33:44.809 [pool-3-thread-5] DEBUG net.thucydides.core.requirements.model.cucumber.CucumberParser - Added feature ReportCategoryCreate

19:33:44.812 [pool-3-thread-7] DEBUG net.thucydides.core.requirements.model.cucumber.CucumberParser - Added feature ReportCategoryDetail

19:33:44.813 [pool-3-thread-1] DEBUG net.thucydides.core.requirements.model.cucumber.CucumberParser - Added feature ReportCategoryCreate

19:33:44.814 [pool-3-thread-6] DEBUG net.thucydides.core.requirements.model.cucumber.CucumberParser - Added feature ReportCategoryDetail

19:33:44.814 [pool-3-thread-4] DEBUG net.thucydides.core.requirements.model.cucumber.CucumberParser - Added feature FollowUnfollowCommunity

19:33:44.816 [pool-3-thread-5] DEBUG net.thucydides.core.requirements.model.cucumber.CucumberParser - Added feature ReportCategoryDetail

19:33:44.817 [pool-3-thread-3] DEBUG net.thucydides.core.requirements.model.cucumber.CucumberParser - Added feature FollowUnfollowUser

19:33:44.820 [pool-3-thread-2] DEBUG net.thucydides.core.requirements.model.cucumber.CucumberParser - Added feature FollowUnfollowUser

19:33:44.821 [pool-3-thread-1] DEBUG net.thucydides.core.requirements.model.cucumber.CucumberParser - Added feature ReportCategoryDetail

19:33:44.824 [pool-3-thread-6] DEBUG net.thucydides.core.requirements.model.cucumber.CucumberParser - Added feature ReportCategoryGet

19:33:44.825 [pool-3-thread-5] DEBUG net.thucydides.core.requirements.model.cucumber.CucumberParser - Added feature ReportCategoryGet

19:33:44.826 [pool-3-thread-3] DEBUG net.thucydides.core.requirements.model.cucumber.CucumberParser - Added feature ReportCategoryCreate

19:33:44.826 [pool-3-thread-2] DEBUG net.thucydides.core.requirements.model.cucumber.CucumberParser - Added feature ReportCategoryCreate

19:33:44.828 [pool-3-thread-1] DEBUG net.thucydides.core.requirements.model.cucumber.CucumberParser - Added feature ReportCategoryGet

19:33:44.828 [pool-3-thread-8] DEBUG net.thucydides.core.requirements.model.cucumber.CucumberParser - Added feature FollowUnfollowUser

19:33:44.828 [pool-3-thread-7] DEBUG net.thucydides.core.requirements.model.cucumber.CucumberParser - Added feature ReportCategoryGet

19:33:44.831 [pool-3-thread-6] DEBUG net.thucydides.core.requirements.model.cucumber.CucumberParser - Added feature ReportCategoryUpdate

19:33:44.832 [pool-3-thread-4] DEBUG net.thucydides.core.requirements.model.cucumber.CucumberParser - Added feature FollowUnfollowUser

19:33:44.832 [pool-3-thread-3] DEBUG net.thucydides.core.requirements.model.cucumber.CucumberParser - Added feature ReportCategoryDetail

19:33:44.835 [pool-3-thread-7] DEBUG net.thucydides.core.requirements.model.cucumber.CucumberParser - Added feature ReportCategoryUpdate

19:33:44.836 [pool-3-thread-1] DEBUG net.thucydides.core.requirements.model.cucumber.CucumberParser - Added feature ReportCategoryUpdate

19:33:44.837 [pool-3-thread-5] DEBUG net.thucydides.core.requirements.model.cucumber.CucumberParser - Added feature ReportCategoryUpdate

19:33:44.838 [pool-3-thread-6] DEBUG net.thucydides.core.requirements.model.cucumber.CucumberParser - Added feature ReportThread

19:33:44.839 [pool-3-thread-2] DEBUG net.thucydides.core.requirements.model.cucumber.CucumberParser - Added feature ReportCategoryDetail

19:33:44.842 [pool-3-thread-5] DEBUG net.thucydides.core.requirements.model.cucumber.CucumberParser - Added feature ReportThread

19:33:44.842 [pool-3-thread-7] DEBUG net.thucydides.core.requirements.model.cucumber.CucumberParser - Added feature ReportThread

19:33:44.843 [pool-3-thread-1] DEBUG net.thucydides.core.requirements.model.cucumber.CucumberParser - Added feature ReportThread

19:33:44.845 [pool-3-thread-6] DEBUG net.thucydides.core.requirements.model.cucumber.CucumberParser - Added feature ThreadCreate

19:33:44.845 [pool-3-thread-4] DEBUG net.thucydides.core.requirements.model.cucumber.CucumberParser - Added feature ReportCategoryCreate

19:33:44.851 [pool-3-thread-3] DEBUG net.thucydides.core.requirements.model.cucumber.CucumberParser - Added feature ReportCategoryGet

19:33:44.851 [pool-3-thread-7] DEBUG net.thucydides.core.requirements.model.cucumber.CucumberParser - Added feature ThreadCreate

19:33:44.851 [pool-3-thread-5] DEBUG net.thucydides.core.requirements.model.cucumber.CucumberParser - Added feature ThreadCreate

19:33:44.855 [pool-3-thread-2] DEBUG net.thucydides.core.requirements.model.cucumber.CucumberParser - Added feature ReportCategoryGet

19:33:44.855 [pool-3-thread-1] DEBUG net.thucydides.core.requirements.model.cucumber.CucumberParser - Added feature ThreadCreate

19:33:44.858 [pool-3-thread-5] DEBUG net.thucydides.core.requirements.model.cucumber.CucumberParser - Added feature ThreadDelete

19:33:44.859 [pool-3-thread-4] DEBUG net.thucydides.core.requirements.model.cucumber.CucumberParser - Added feature ReportCategoryDetail

19:33:44.858 [pool-3-thread-3] DEBUG net.thucydides.core.requirements.model.cucumber.CucumberParser - Added feature ReportCategoryUpdate

19:33:44.859 [pool-3-thread-7] DEBUG net.thucydides.core.requirements.model.cucumber.CucumberParser - Added feature ThreadDelete

19:33:44.861 [pool-3-thread-8] DEBUG net.thucydides.core.requirements.model.cucumber.CucumberParser - Added feature ReportCategoryCreate

19:33:44.863 [pool-3-thread-5] DEBUG net.thucydides.core.requirements.model.cucumber.CucumberParser - Added feature ThreadDetail

19:33:44.863 [pool-3-thread-6] DEBUG net.thucydides.core.requirements.model.cucumber.CucumberParser - Added feature ThreadDelete

19:33:44.865 [pool-3-thread-4] DEBUG net.thucydides.core.requirements.model.cucumber.CucumberParser - Added feature ReportCategoryGet

19:33:44.867 [pool-3-thread-2] DEBUG net.thucydides.core.requirements.model.cucumber.CucumberParser - Added feature ReportCategoryUpdate

19:33:44.867 [pool-3-thread-7] DEBUG net.thucydides.core.requirements.model.cucumber.CucumberParser - Added feature ThreadDetail

19:33:44.870 [pool-3-thread-5] DEBUG net.thucydides.core.requirements.model.cucumber.CucumberParser - Added feature ThreadDownvotes

19:33:44.872 [pool-3-thread-4] DEBUG net.thucydides.core.requirements.model.cucumber.CucumberParser - Added feature ReportCategoryUpdate

19:33:44.874 [pool-3-thread-1] DEBUG net.thucydides.core.requirements.model.cucumber.CucumberParser - Added feature ThreadDelete

19:33:44.874 [pool-3-thread-7] DEBUG net.thucydides.core.requirements.model.cucumber.CucumberParser - Added feature ThreadDownvotes

19:33:44.875 [pool-3-thread-3] DEBUG net.thucydides.core.requirements.model.cucumber.CucumberParser - Added feature ReportThread

19:33:44.876 [pool-3-thread-5] DEBUG net.thucydides.core.requirements.model.cucumber.CucumberParser - Added feature ThreadGet

19:33:44.878 [pool-3-thread-4] DEBUG net.thucydides.core.requirements.model.cucumber.CucumberParser - Added feature ReportThread

19:33:44.878 [pool-3-thread-2] DEBUG net.thucydides.core.requirements.model.cucumber.CucumberParser - Added feature ReportThread

19:33:44.880 [pool-3-thread-1] DEBUG net.thucydides.core.requirements.model.cucumber.CucumberParser - Added feature ThreadDetail

19:33:44.882 [pool-3-thread-5] DEBUG net.thucydides.core.requirements.model.cucumber.CucumberParser - Added feature ThreadGetSaveThread

19:33:44.885 [pool-3-thread-2] DEBUG net.thucydides.core.requirements.model.cucumber.CucumberParser - Added feature ThreadCreate

19:33:44.886 [pool-3-thread-6] DEBUG net.thucydides.core.requirements.model.cucumber.CucumberParser - Added feature ThreadDetail

19:33:44.886 [pool-3-thread-4] DEBUG net.thucydides.core.requirements.model.cucumber.CucumberParser - Added feature ThreadCreate

19:33:44.887 [pool-3-thread-3] DEBUG net.thucydides.core.requirements.model.cucumber.CucumberParser - Added feature ThreadCreate

19:33:44.888 [pool-3-thread-7] DEBUG net.thucydides.core.requirements.model.cucumber.CucumberParser - Added feature ThreadGet

19:33:44.890 [pool-3-thread-5] DEBUG net.thucydides.core.requirements.model.cucumber.CucumberParser - Added feature ThreadReportThread

19:33:44.891 [pool-3-thread-1] DEBUG net.thucydides.core.requirements.model.cucumber.CucumberParser - Added feature ThreadDownvotes

19:33:44.894 [pool-3-thread-8] DEBUG net.thucydides.core.requirements.model.cucumber.CucumberParser - Added feature ReportCategoryDetail

19:33:44.894 [pool-3-thread-2] DEBUG net.thucydides.core.requirements.model.cucumber.CucumberParser - Added feature ThreadDelete

19:33:44.899 [pool-3-thread-1] DEBUG net.thucydides.core.requirements.model.cucumber.CucumberParser - Added feature ThreadGet

19:33:44.899 [pool-3-thread-4] DEBUG net.thucydides.core.requirements.model.cucumber.CucumberParser - Added feature ThreadDelete

19:33:44.901 [pool-3-thread-7] DEBUG net.thucydides.core.requirements.model.cucumber.CucumberParser - Added feature ThreadGetSaveThread

19:33:44.905 [pool-3-thread-4] DEBUG net.thucydides.core.requirements.model.cucumber.CucumberParser - Added feature ThreadDetail

19:33:44.908 [pool-3-thread-5] DEBUG net.thucydides.core.requirements.model.cucumber.CucumberParser - Added feature ThreadSaveThread

19:33:44.908 [pool-3-thread-2] DEBUG net.thucydides.core.requirements.model.cucumber.CucumberParser - Added feature ThreadDetail

19:33:44.914 [pool-3-thread-2] DEBUG net.thucydides.core.requirements.model.cucumber.CucumberParser - Added feature ThreadDownvotes

19:33:44.914 [pool-3-thread-5] DEBUG net.thucydides.core.requirements.model.cucumber.CucumberParser - Added feature ThreadUndoDownvotes

19:33:44.914 [pool-3-thread-4] DEBUG net.thucydides.core.requirements.model.cucumber.CucumberParser - Added feature ThreadDownvotes

19:33:44.920 [pool-3-thread-6] DEBUG net.thucydides.core.requirements.model.cucumber.CucumberParser - Added feature ThreadDownvotes

19:33:44.921 [pool-3-thread-7] DEBUG net.thucydides.core.requirements.model.cucumber.CucumberParser - Added feature ThreadReportThread

19:33:44.922 [pool-3-thread-5] DEBUG net.thucydides.core.requirements.model.cucumber.CucumberParser - Added feature ThreadUndoUpvotes

19:33:44.922 [pool-3-thread-3] DEBUG net.thucydides.core.requirements.model.cucumber.CucumberParser - Added feature ThreadDelete

19:33:44.922 [pool-3-thread-4] DEBUG net.thucydides.core.requirements.model.cucumber.CucumberParser - Added feature ThreadGet

19:33:44.923 [pool-3-thread-2] DEBUG net.thucydides.core.requirements.model.cucumber.CucumberParser - Added feature ThreadGet

19:33:44.923 [pool-3-thread-1] DEBUG net.thucydides.core.requirements.model.cucumber.CucumberParser - Added feature ThreadGetSaveThread

19:33:44.928 [pool-3-thread-6] DEBUG net.thucydides.core.requirements.model.cucumber.CucumberParser - Added feature ThreadGet

19:33:44.929 [pool-3-thread-7] DEBUG net.thucydides.core.requirements.model.cucumber.CucumberParser - Added feature ThreadSaveThread

19:33:44.930 [pool-3-thread-3] DEBUG net.thucydides.core.requirements.model.cucumber.CucumberParser - Added feature ThreadDetail

19:33:44.931 [pool-3-thread-5] DEBUG net.thucydides.core.requirements.model.cucumber.CucumberParser - Added feature ThreadUpdate

19:33:44.931 [pool-3-thread-1] DEBUG net.thucydides.core.requirements.model.cucumber.CucumberParser - Added feature ThreadReportThread

19:33:44.937 [pool-3-thread-4] DEBUG net.thucydides.core.requirements.model.cucumber.CucumberParser - Added feature ThreadGetSaveThread

19:33:44.937 [pool-3-thread-3] DEBUG net.thucydides.core.requirements.model.cucumber.CucumberParser - Added feature ThreadDownvotes

19:33:44.939 [pool-3-thread-1] DEBUG net.thucydides.core.requirements.model.cucumber.CucumberParser - Added feature ThreadSaveThread

19:33:44.939 [pool-3-thread-6] DEBUG net.thucydides.core.requirements.model.cucumber.CucumberParser - Added feature ThreadGetSaveThread

19:33:44.940 [pool-3-thread-7] DEBUG net.thucydides.core.requirements.model.cucumber.CucumberParser - Added feature ThreadUndoDownvotes

19:33:44.942 [pool-3-thread-2] DEBUG net.thucydides.core.requirements.model.cucumber.CucumberParser - Added feature ThreadGetSaveThread

19:33:44.943 [pool-3-thread-8] DEBUG net.thucydides.core.requirements.model.cucumber.CucumberParser - Added feature ReportCategoryGet

19:33:44.944 [pool-3-thread-4] DEBUG net.thucydides.core.requirements.model.cucumber.CucumberParser - Added feature ThreadReportThread

19:33:44.946 [pool-3-thread-1] DEBUG net.thucydides.core.requirements.model.cucumber.CucumberParser - Added feature ThreadUndoDownvotes

19:33:44.949 [pool-3-thread-3] DEBUG net.thucydides.core.requirements.model.cucumber.CucumberParser - Added feature ThreadGet

19:33:44.950 [pool-3-thread-6] DEBUG net.thucydides.core.requirements.model.cucumber.CucumberParser - Added feature ThreadReportThread

19:33:44.951 [pool-3-thread-4] DEBUG net.thucydides.core.requirements.model.cucumber.CucumberParser - Added feature ThreadSaveThread

19:33:44.953 [pool-3-thread-8] DEBUG net.thucydides.core.requirements.model.cucumber.CucumberParser - Added feature ReportCategoryUpdate

19:33:44.953 [pool-3-thread-7] DEBUG net.thucydides.core.requirements.model.cucumber.CucumberParser - Added feature ThreadUndoUpvotes

19:33:44.956 [pool-3-thread-1] DEBUG net.thucydides.core.requirements.model.cucumber.CucumberParser - Added feature ThreadUndoUpvotes

19:33:44.957 [pool-3-thread-2] DEBUG net.thucydides.core.requirements.model.cucumber.CucumberParser - Added feature ThreadReportThread

19:33:44.958 [pool-3-thread-4] DEBUG net.thucydides.core.requirements.model.cucumber.CucumberParser - Added feature ThreadUndoDownvotes

19:33:44.959 [pool-3-thread-3] DEBUG net.thucydides.core.requirements.model.cucumber.CucumberParser - Added feature ThreadGetSaveThread

19:33:44.961 [pool-3-thread-8] DEBUG net.thucydides.core.requirements.model.cucumber.CucumberParser - Added feature ReportThread

19:33:44.966 [pool-3-thread-6] DEBUG net.thucydides.core.requirements.model.cucumber.CucumberParser - Added feature ThreadSaveThread

19:33:44.967 [pool-3-thread-7] DEBUG net.thucydides.core.requirements.model.cucumber.CucumberParser - Added feature ThreadUpdate

19:33:44.967 [pool-3-thread-1] DEBUG net.thucydides.core.requirements.model.cucumber.CucumberParser - Added feature ThreadUpdate

19:33:44.970 [pool-3-thread-3] DEBUG net.thucydides.core.requirements.model.cucumber.CucumberParser - Added feature ThreadReportThread

19:33:44.970 [pool-3-thread-2] DEBUG net.thucydides.core.requirements.model.cucumber.CucumberParser - Added feature ThreadSaveThread

19:33:44.974 [pool-3-thread-6] DEBUG net.thucydides.core.requirements.model.cucumber.CucumberParser - Added feature ThreadUndoDownvotes

19:33:44.976 [pool-3-thread-4] DEBUG net.thucydides.core.requirements.model.cucumber.CucumberParser - Added feature ThreadUndoUpvotes

19:33:44.976 [pool-3-thread-2] DEBUG net.thucydides.core.requirements.model.cucumber.CucumberParser - Added feature ThreadUndoDownvotes

19:33:44.982 [pool-3-thread-1] DEBUG net.thucydides.core.requirements.model.cucumber.CucumberParser - Added feature ThreadUpvotes

19:33:44.983 [pool-3-thread-6] DEBUG net.thucydides.core.requirements.model.cucumber.CucumberParser - Added feature ThreadUndoUpvotes

19:33:44.982 [pool-3-thread-4] DEBUG net.thucydides.core.requirements.model.cucumber.CucumberParser - Added feature ThreadUpdate

19:33:44.984 [pool-3-thread-5] DEBUG net.thucydides.core.requirements.model.cucumber.CucumberParser - Added feature ThreadUpvotes

19:33:44.983 [pool-3-thread-7] DEBUG net.thucydides.core.requirements.model.cucumber.CucumberParser - Added feature ThreadUpvotes

19:33:44.985 [pool-3-thread-2] DEBUG net.thucydides.core.requirements.model.cucumber.CucumberParser - Added feature ThreadUndoUpvotes

19:33:44.989 [pool-3-thread-4] DEBUG net.thucydides.core.requirements.model.cucumber.CucumberParser - Added feature ThreadUpvotes

19:33:44.989 [pool-3-thread-6] DEBUG net.thucydides.core.requirements.model.cucumber.CucumberParser - Added feature ThreadUpdate

19:33:44.992 [pool-3-thread-2] DEBUG net.thucydides.core.requirements.model.cucumber.CucumberParser - Added feature ThreadUpdate

19:33:44.996 [pool-3-thread-6] DEBUG net.thucydides.core.requirements.model.cucumber.CucumberParser - Added feature ThreadUpvotes

19:33:44.999 [pool-3-thread-2] DEBUG net.thucydides.core.requirements.model.cucumber.CucumberParser - Added feature ThreadUpvotes

19:33:45.002 [pool-3-thread-5] DEBUG net.thucydides.core.requirements.BaseRequirementsService - Requirement found for test outcome POST - Report Category | Create New Data-[]: Optional[Requirement{name='ReportCategoryCreate', type='feature' parent = 'null', cardNumber='null'}]

19:33:45.002 [pool-3-thread-6] DEBUG net.thucydides.core.requirements.BaseRequirementsService - Requirement found for test outcome GET - Report Category | Get Detail Data-[]: Optional[Requirement{name='ReportCategoryDetail', type='feature' parent = 'null', cardNumber='null'}]

19:33:45.003 [pool-3-thread-4] DEBUG net.thucydides.core.requirements.BaseRequirementsService - Requirement found for test outcome POST - Follow | Unfollow user-[]: Optional[Requirement{name='FollowUnfollowUser', type='feature' parent = 'null', cardNumber='null'}]

19:33:45.004 [pool-3-thread-2] DEBUG net.thucydides.core.requirements.BaseRequirementsService - Requirement found for test outcome POST - Follow | Follow user-[]: Optional[Requirement{name='FollowFollowUser', type='feature' parent = 'null', cardNumber='null'}]

19:33:45.006 [pool-3-thread-2] DEBUG net.thucydides.core.requirements.BaseRequirementsService - Requirement found for test outcome POST - Follow | Follow user-[]: Optional[Requirement{name='FollowFollowUser', type='feature' parent = 'null', cardNumber='null'}]

19:33:45.006 [pool-3-thread-4] DEBUG net.thucydides.core.requirements.BaseRequirementsService - Requirement found for test outcome POST - Follow | Unfollow user-[]: Optional[Requirement{name='FollowUnfollowUser', type='feature' parent = 'null', cardNumber='null'}]

19:33:45.006 [pool-3-thread-6] DEBUG net.thucydides.core.requirements.BaseRequirementsService - Requirement found for test outcome GET - Report Category | Get Detail Data-[]: Optional[Requirement{name='ReportCategoryDetail', type='feature' parent = 'null', cardNumber='null'}]

19:33:45.006 [pool-3-thread-5] DEBUG net.thucydides.core.requirements.BaseRequirementsService - Requirement found for test outcome POST - Report Category | Create New Data-[]: Optional[Requirement{name='ReportCategoryCreate', type='feature' parent = 'null', cardNumber='null'}]

19:33:45.008 [pool-3-thread-7] DEBUG net.thucydides.core.requirements.BaseRequirementsService - Requirement found for test outcome GET - Report Category | Get List Data-[]: Optional[Requirement{name='ReportCategoryGet', type='feature' parent = 'null', cardNumber='null'}]

19:33:45.010 [pool-3-thread-7] DEBUG net.thucydides.core.requirements.BaseRequirementsService - Requirement found for test outcome GET - Report Category | Get List Data-[]: Optional[Requirement{name='ReportCategoryGet', type='feature' parent = 'null', cardNumber='null'}]

19:33:45.013 [pool-3-thread-1] DEBUG net.thucydides.core.requirements.BaseRequirementsService - Requirement found for test outcome POST - Follow | Follow community-[]: Optional[Requirement{name='FollowFollowCommunity', type='feature' parent = 'null', cardNumber='null'}]

19:33:45.016 [pool-3-thread-3] DEBUG net.thucydides.core.requirements.model.cucumber.CucumberParser - Added feature ThreadSaveThread

19:33:45.019 [pool-3-thread-1] DEBUG net.thucydides.core.requirements.BaseRequirementsService - Requirement found for test outcome POST - Follow | Follow community-[]: Optional[Requirement{name='FollowFollowCommunity', type='feature' parent = 'null', cardNumber='null'}]

19:33:45.019 [pool-3-thread-8] DEBUG net.thucydides.core.requirements.model.cucumber.CucumberParser - Added feature ThreadCreate

19:33:45.023 [pool-3-thread-3] DEBUG net.thucydides.core.requirements.model.cucumber.CucumberParser - Added feature ThreadUndoDownvotes

19:33:45.025 [pool-3-thread-8] DEBUG net.thucydides.core.requirements.model.cucumber.CucumberParser - Added feature ThreadDelete

19:33:45.029 [pool-3-thread-3] DEBUG net.thucydides.core.requirements.model.cucumber.CucumberParser - Added feature ThreadUndoUpvotes

19:33:45.032 [pool-3-thread-8] DEBUG net.thucydides.core.requirements.model.cucumber.CucumberParser - Added feature ThreadDetail

19:33:45.036 [pool-3-thread-3] DEBUG net.thucydides.core.requirements.model.cucumber.CucumberParser - Added feature ThreadUpdate

19:33:45.038 [pool-3-thread-8] DEBUG net.thucydides.core.requirements.model.cucumber.CucumberParser - Added feature ThreadDownvotes

19:33:45.044 [pool-3-thread-8] DEBUG net.thucydides.core.requirements.model.cucumber.CucumberParser - Added feature ThreadGet

19:33:45.046 [pool-3-thread-3] DEBUG net.thucydides.core.requirements.model.cucumber.CucumberParser - Added feature ThreadUpvotes

19:33:45.050 [pool-3-thread-8] DEBUG net.thucydides.core.requirements.model.cucumber.CucumberParser - Added feature ThreadGetSaveThread

19:33:45.062 [pool-3-thread-3] DEBUG net.thucydides.core.requirements.BaseRequirementsService - Requirement found for test outcome POST - Follow | Unfollow community-[]: Optional[Requirement{name='FollowUnfollowCommunity', type='feature' parent = 'null', cardNumber='null'}]

19:33:45.062 [pool-3-thread-8] DEBUG net.thucydides.core.requirements.model.cucumber.CucumberParser - Added feature ThreadReportThread

19:33:45.072 [pool-3-thread-3] DEBUG net.thucydides.core.requirements.BaseRequirementsService - Requirement found for test outcome POST - Follow | Unfollow community-[]: Optional[Requirement{name='FollowUnfollowCommunity', type='feature' parent = 'null', cardNumber='null'}]

19:33:45.075 [pool-3-thread-8] DEBUG net.thucydides.core.requirements.model.cucumber.CucumberParser - Added feature ThreadSaveThread

19:33:45.094 [pool-3-thread-8] DEBUG net.thucydides.core.requirements.model.cucumber.CucumberParser - Added feature ThreadUndoDownvotes

19:33:45.102 [pool-3-thread-8] DEBUG net.thucydides.core.requirements.model.cucumber.CucumberParser - Added feature ThreadUndoUpvotes

19:33:45.109 [pool-3-thread-8] DEBUG net.thucydides.core.requirements.model.cucumber.CucumberParser - Added feature ThreadUpdate

19:33:45.116 [pool-3-thread-8] DEBUG net.thucydides.core.requirements.model.cucumber.CucumberParser - Added feature ThreadUpvotes

19:33:45.120 [pool-3-thread-8] DEBUG net.thucydides.core.requirements.BaseRequirementsService - Requirement found for test outcome PUT - Report Category | Update Existing Data-[]: Optional[Requirement{name='ReportCategoryUpdate', type='feature' parent = 'null', cardNumber='null'}]

19:33:45.123 [pool-3-thread-8] DEBUG net.thucydides.core.requirements.BaseRequirementsService - Requirement found for test outcome PUT - Report Category | Update Existing Data-[]: Optional[Requirement{name='ReportCategoryUpdate', type='feature' parent = 'null', cardNumber='null'}]

19:33:46.361 [pool-3-thread-1] DEBUG serenity.reporting - Generating report in 1a23f7b4357a42d2bd380caf02c8b29dc72114703dd5b698c3e4aad95f1f313f.html

19:33:46.361 [pool-3-thread-6] DEBUG serenity.reporting - Generating report in d7cb43eb5771f12410dbd10067d7d8414fbb0618d8edafbd34aea783857f6c49.html

19:33:46.361 [pool-3-thread-7] DEBUG serenity.reporting - Generating report in 2c3e7a71e3de5aa2b5acfe49ef0a589fd713603cc36c038b648bd776a0eafc0a.html

19:33:46.361 [pool-3-thread-2] DEBUG serenity.reporting - Generating report in 2ee41253f0d47ffb00ae5c6fd2f912441f62b4339ae35e85c40342cbc4a80215.html

19:33:46.361 [pool-3-thread-4] DEBUG serenity.reporting - Generating report in 57cfad8322f8e0b34e8cf8a2906f81b818ce248c0d9362d0b64326c09b675b04.html

19:33:46.361 [pool-3-thread-5] DEBUG serenity.reporting - Generating report in 5dd8fa94e26a7b4f74aea8a11516027fdce5d62f476a38c57d5edaca1f645d8c.html

19:33:46.361 [pool-3-thread-3] DEBUG serenity.reporting - Generating report in 36db474088632458e857bc7c348d5f09fab3ed3748fd94327c5afbd3d8723548.html

19:33:46.361 [pool-3-thread-8] DEBUG serenity.reporting - Generating report in 8a9c3d7b10dd8d410a0dcd63a2741629e0588ea36598c7844cc890a8444d5c3e.html

19:33:47.278 [pool-3-thread-7] DEBUG serenity.reporting - Generated report 2c3e7a71e3de5aa2b5acfe49ef0a589fd713603cc36c038b648bd776a0eafc0a.html in 917 ms

19:33:47.278 [pool-3-thread-7] DEBUG net.thucydides.core.reports.ReportService - Processing test outcome ReportCategoryGet:GET - Report Category | Get List Data done

19:33:47.278 [pool-3-thread-7] DEBUG net.thucydides.core.reports.ReportService - Processing test outcome ReportThread:GET - Thread | Get List Reported Thread

19:33:47.278 [pool-3-thread-7] INFO net.thucydides.core.reports.ReportService - net.thucydides.core.reports.html.HtmlAcceptanceTestReporter@730a9ce9: Generating report for test outcome: ReportThread:GET - Thread | Get List Reported Thread

19:33:47.277 [pool-3-thread-2] DEBUG serenity.reporting - Generated report 2ee41253f0d47ffb00ae5c6fd2f912441f62b4339ae35e85c40342cbc4a80215.html in 916 ms

19:33:47.279 [pool-3-thread-1] DEBUG serenity.reporting - Generated report 1a23f7b4357a42d2bd380caf02c8b29dc72114703dd5b698c3e4aad95f1f313f.html in 918 ms

19:33:47.279 [pool-3-thread-2] DEBUG net.thucydides.core.reports.ReportService - Processing test outcome FollowFollowUser:POST - Follow | Follow user done

19:33:47.279 [pool-3-thread-1] DEBUG net.thucydides.core.reports.ReportService - Processing test outcome FollowFollowCommunity:POST - Follow | Follow community done

19:33:47.279 [pool-3-thread-2] DEBUG net.thucydides.core.reports.ReportService - Processing test outcome ThreadCreate:POST - Thread | Create New Data

19:33:47.279 [pool-3-thread-1] DEBUG net.thucydides.core.reports.ReportService - Processing test outcome ThreadDelete:DELETE - Thread | Delete Existing Data

19:33:47.279 [pool-3-thread-2] INFO net.thucydides.core.reports.ReportService - net.thucydides.core.reports.html.HtmlAcceptanceTestReporter@730a9ce9: Generating report for test outcome: ThreadCreate:POST - Thread | Create New Data

19:33:47.279 [pool-3-thread-1] INFO net.thucydides.core.reports.ReportService - net.thucydides.core.reports.html.HtmlAcceptanceTestReporter@730a9ce9: Generating report for test outcome: ThreadDelete:DELETE - Thread | Delete Existing Data

19:33:47.282 [pool-3-thread-7] DEBUG net.thucydides.core.requirements.BaseRequirementsService - Requirement found for test outcome GET - Thread | Get List Reported Thread-[]: Optional[Requirement{name='ReportThread', type='feature' parent = 'null', cardNumber='null'}]

19:33:47.283 [pool-3-thread-2] DEBUG net.thucydides.core.requirements.BaseRequirementsService - Requirement found for test outcome POST - Thread | Create New Data-[]: Optional[Requirement{name='ThreadCreate', type='feature' parent = 'null', cardNumber='null'}]

19:33:47.283 [pool-3-thread-1] DEBUG net.thucydides.core.requirements.BaseRequirementsService - Requirement found for test outcome DELETE - Thread | Delete Existing Data-[]: Optional[Requirement{name='ThreadDelete', type='feature' parent = 'null', cardNumber='null'}]

19:33:47.284 [pool-3-thread-7] DEBUG net.thucydides.core.requirements.BaseRequirementsService - Requirement found for test outcome GET - Thread | Get List Reported Thread-[]: Optional[Requirement{name='ReportThread', type='feature' parent = 'null', cardNumber='null'}]

19:33:47.285 [pool-3-thread-1] DEBUG net.thucydides.core.requirements.BaseRequirementsService - Requirement found for test outcome DELETE - Thread | Delete Existing Data-[]: Optional[Requirement{name='ThreadDelete', type='feature' parent = 'null', cardNumber='null'}]

19:33:47.285 [pool-3-thread-2] DEBUG net.thucydides.core.requirements.BaseRequirementsService - Requirement found for test outcome POST - Thread | Create New Data-[]: Optional[Requirement{name='ThreadCreate', type='feature' parent = 'null', cardNumber='null'}]

19:33:47.286 [pool-3-thread-7] DEBUG serenity.reporting - Generating report in 57fb9ab18d053511b9f4341222ba9570c4fe6b273a33ddc5fef01456c27baafe.html

19:33:47.287 [pool-3-thread-2] DEBUG serenity.reporting - Generating report in eab6ff653073258cf69e79f1d4a7e83382710bd686a46c905e4c6ac13814bb86.html

19:33:47.288 [pool-3-thread-6] DEBUG serenity.reporting - Generated report d7cb43eb5771f12410dbd10067d7d8414fbb0618d8edafbd34aea783857f6c49.html in 927 ms

19:33:47.288 [pool-3-thread-6] DEBUG net.thucydides.core.reports.ReportService - Processing test outcome ReportCategoryDetail:GET - Report Category | Get Detail Data done

19:33:47.288 [pool-3-thread-6] DEBUG net.thucydides.core.reports.ReportService - Processing test outcome ThreadDetail:GET - Thread | Get Detail Data

19:33:47.288 [pool-3-thread-6] INFO net.thucydides.core.reports.ReportService - net.thucydides.core.reports.html.HtmlAcceptanceTestReporter@730a9ce9: Generating report for test outcome: ThreadDetail:GET - Thread | Get Detail Data

19:33:47.290 [pool-3-thread-1] DEBUG serenity.reporting - Generating report in be9a6c25d4bbb57830f7b2214e197efc8a6440bdb4c4623b38b3a6de77351956.html

19:33:47.291 [pool-3-thread-5] DEBUG serenity.reporting - Generated report 5dd8fa94e26a7b4f74aea8a11516027fdce5d62f476a38c57d5edaca1f645d8c.html in 930 ms

19:33:47.292 [pool-3-thread-5] DEBUG net.thucydides.core.reports.ReportService - Processing test outcome ReportCategoryCreate:POST - Report Category | Create New Data done

19:33:47.292 [pool-3-thread-4] DEBUG serenity.reporting - Generated report 57cfad8322f8e0b34e8cf8a2906f81b818ce248c0d9362d0b64326c09b675b04.html in 931 ms

19:33:47.292 [pool-3-thread-5] DEBUG net.thucydides.core.reports.ReportService - Processing test outcome ThreadDownvotes:POST - Thread | Down Votes Existing Thread Data

19:33:47.292 [pool-3-thread-4] DEBUG net.thucydides.core.reports.ReportService - Processing test outcome FollowUnfollowUser:POST - Follow | Unfollow user done

19:33:47.292 [pool-3-thread-5] INFO net.thucydides.core.reports.ReportService - net.thucydides.core.reports.html.HtmlAcceptanceTestReporter@730a9ce9: Generating report for test outcome: ThreadDownvotes:POST - Thread | Down Votes Existing Thread Data

19:33:47.292 [pool-3-thread-4] DEBUG net.thucydides.core.reports.ReportService - Processing test outcome ThreadGet:GET - Thread | Get List Data

19:33:47.292 [pool-3-thread-4] INFO net.thucydides.core.reports.ReportService - net.thucydides.core.reports.html.HtmlAcceptanceTestReporter@730a9ce9: Generating report for test outcome: ThreadGet:GET - Thread | Get List Data

19:33:47.292 [pool-3-thread-8] DEBUG serenity.reporting - Generated report 8a9c3d7b10dd8d410a0dcd63a2741629e0588ea36598c7844cc890a8444d5c3e.html in 931 ms

19:33:47.292 [pool-3-thread-8] DEBUG net.thucydides.core.reports.ReportService - Processing test outcome ReportCategoryUpdate:PUT - Report Category | Update Existing Data done

19:33:47.292 [pool-3-thread-8] DEBUG net.thucydides.core.reports.ReportService - Processing test outcome ThreadGetSaveThread:GET - Thread | Get List Data Thread Saved

19:33:47.292 [pool-3-thread-8] INFO net.thucydides.core.reports.ReportService - net.thucydides.core.reports.html.HtmlAcceptanceTestReporter@730a9ce9: Generating report for test outcome: ThreadGetSaveThread:GET - Thread | Get List Data Thread Saved

19:33:47.293 [pool-3-thread-6] DEBUG net.thucydides.core.requirements.BaseRequirementsService - Requirement found for test outcome GET - Thread | Get Detail Data-[]: Optional[Requirement{name='ThreadDetail', type='feature' parent = 'null', cardNumber='null'}]

19:33:47.295 [pool-3-thread-6] DEBUG net.thucydides.core.requirements.BaseRequirementsService - Requirement found for test outcome GET - Thread | Get Detail Data-[]: Optional[Requirement{name='ThreadDetail', type='feature' parent = 'null', cardNumber='null'}]

19:33:47.295 [pool-3-thread-5] DEBUG net.thucydides.core.requirements.BaseRequirementsService - Requirement found for test outcome POST - Thread | Down Votes Existing Thread Data-[]: Optional[Requirement{name='ThreadDownvotes', type='feature' parent = 'null', cardNumber='null'}]

19:33:47.295 [pool-3-thread-4] DEBUG net.thucydides.core.requirements.BaseRequirementsService - Requirement found for test outcome GET - Thread | Get List Data-[]: Optional[Requirement{name='ThreadGet', type='feature' parent = 'null', cardNumber='null'}]

19:33:47.297 [pool-3-thread-6] DEBUG serenity.reporting - Generating report in 131fa3b3b659a25ffe743fc113f30400606b3b08cbb4d1b3ac35705d3360f2fd.html

19:33:47.297 [pool-3-thread-4] DEBUG net.thucydides.core.requirements.BaseRequirementsService - Requirement found for test outcome GET - Thread | Get List Data-[]: Optional[Requirement{name='ThreadGet', type='feature' parent = 'null', cardNumber='null'}]

19:33:47.297 [pool-3-thread-5] DEBUG net.thucydides.core.requirements.BaseRequirementsService - Requirement found for test outcome POST - Thread | Down Votes Existing Thread Data-[]: Optional[Requirement{name='ThreadDownvotes', type='feature' parent = 'null', cardNumber='null'}]

19:33:47.299 [pool-3-thread-5] DEBUG serenity.reporting - Generating report in b4550a7cc51fbdb92546ac3aab3a326ba1b88b4c127efb0457e1315f1ee1ba88.html

19:33:47.305 [pool-3-thread-4] DEBUG serenity.reporting - Generating report in cb3e872af59f3030d6dd1244bfd85d1c6398e02e85630edfcab86c1d9f7548c6.html

19:33:47.320 [pool-3-thread-7] DEBUG serenity.reporting - Generated report 57fb9ab18d053511b9f4341222ba9570c4fe6b273a33ddc5fef01456c27baafe.html in 34 ms

19:33:47.320 [pool-3-thread-7] DEBUG net.thucydides.core.reports.ReportService - Processing test outcome ReportThread:GET - Thread | Get List Reported Thread done

19:33:47.320 [pool-3-thread-7] DEBUG net.thucydides.core.reports.ReportService - Processing test outcome ThreadReportThread:POST - Thread | Report Existing Thread Data

19:33:47.320 [pool-3-thread-7] INFO net.thucydides.core.reports.ReportService - net.thucydides.core.reports.html.HtmlAcceptanceTestReporter@730a9ce9: Generating report for test outcome: ThreadReportThread:POST - Thread | Report Existing Thread Data

19:33:47.321 [pool-3-thread-1] DEBUG serenity.reporting - Generated report be9a6c25d4bbb57830f7b2214e197efc8a6440bdb4c4623b38b3a6de77351956.html in 31 ms

19:33:47.321 [pool-3-thread-1] DEBUG net.thucydides.core.reports.ReportService - Processing test outcome ThreadDelete:DELETE - Thread | Delete Existing Data done

19:33:47.321 [pool-3-thread-1] DEBUG net.thucydides.core.reports.ReportService - Processing test outcome ThreadSaveThread:POST - Thread | Report Existing Thread Data

19:33:47.321 [pool-3-thread-1] INFO net.thucydides.core.reports.ReportService - net.thucydides.core.reports.html.HtmlAcceptanceTestReporter@730a9ce9: Generating report for test outcome: ThreadSaveThread:POST - Thread | Report Existing Thread Data

19:33:47.323 [pool-3-thread-7] DEBUG net.thucydides.core.requirements.BaseRequirementsService - Requirement found for test outcome POST - Thread | Report Existing Thread Data-[]: Optional[Requirement{name='ThreadReportThread', type='feature' parent = 'null', cardNumber='null'}]

19:33:47.325 [pool-3-thread-1] DEBUG net.thucydides.core.requirements.BaseRequirementsService - Requirement found for test outcome POST - Thread | Report Existing Thread Data-[]: Optional[Requirement{name='ThreadSaveThread', type='feature' parent = 'null', cardNumber='null'}]

19:33:47.325 [pool-3-thread-7] DEBUG net.thucydides.core.requirements.BaseRequirementsService - Requirement found for test outcome POST - Thread | Report Existing Thread Data-[]: Optional[Requirement{name='ThreadReportThread', type='feature' parent = 'null', cardNumber='null'}]

19:33:47.327 [pool-3-thread-1] DEBUG net.thucydides.core.requirements.BaseRequirementsService - Requirement found for test outcome POST - Thread | Report Existing Thread Data-[]: Optional[Requirement{name='ThreadSaveThread', type='feature' parent = 'null', cardNumber='null'}]

19:33:47.327 [pool-3-thread-7] DEBUG serenity.reporting - Generating report in 2ad2a33dfd340e6f8079024d9149992e66ef4eb8a2093545497ac3916fd79453.html

19:33:47.329 [pool-3-thread-1] DEBUG serenity.reporting - Generating report in a828cb25d4f2f7457da4680c4e5bdda873a11fd909bf8182ea6ffa8a97c937a0.html

19:33:47.332 [pool-3-thread-4] DEBUG serenity.reporting - Generated report cb3e872af59f3030d6dd1244bfd85d1c6398e02e85630edfcab86c1d9f7548c6.html in 27 ms

19:33:47.332 [pool-3-thread-4] DEBUG net.thucydides.core.reports.ReportService - Processing test outcome ThreadGet:GET - Thread | Get List Data done

19:33:47.332 [pool-3-thread-4] DEBUG net.thucydides.core.reports.ReportService - Processing test outcome ThreadUndoDownvotes:DELETE - Thread | Undo Down Votes Existing Thread Data

19:33:47.332 [pool-3-thread-4] INFO net.thucydides.core.reports.ReportService - net.thucydides.core.reports.html.HtmlAcceptanceTestReporter@730a9ce9: Generating report for test outcome: ThreadUndoDownvotes:DELETE - Thread | Undo Down Votes Existing Thread Data

19:33:47.334 [pool-3-thread-6] DEBUG serenity.reporting - Generated report 131fa3b3b659a25ffe743fc113f30400606b3b08cbb4d1b3ac35705d3360f2fd.html in 37 ms

19:33:47.334 [pool-3-thread-6] DEBUG net.thucydides.core.reports.ReportService - Processing test outcome ThreadDetail:GET - Thread | Get Detail Data done

19:33:47.334 [pool-3-thread-6] DEBUG net.thucydides.core.reports.ReportService - Processing test outcome ThreadUndoUpvotes:DELETE - Thread | Undo Up Votes Existing Thread Data

19:33:47.334 [pool-3-thread-6] INFO net.thucydides.core.reports.ReportService - net.thucydides.core.reports.html.HtmlAcceptanceTestReporter@730a9ce9: Generating report for test outcome: ThreadUndoUpvotes:DELETE - Thread | Undo Up Votes Existing Thread Data

19:33:47.337 [pool-3-thread-5] DEBUG serenity.reporting - Generated report b4550a7cc51fbdb92546ac3aab3a326ba1b88b4c127efb0457e1315f1ee1ba88.html in 38 ms

19:33:47.337 [pool-3-thread-5] DEBUG net.thucydides.core.reports.ReportService - Processing test outcome ThreadDownvotes:POST - Thread | Down Votes Existing Thread Data done

19:33:47.337 [pool-3-thread-5] DEBUG net.thucydides.core.reports.ReportService - Processing test outcome ThreadUpdate:POST - Thread | Update Existing Data

19:33:47.338 [pool-3-thread-5] INFO net.thucydides.core.reports.ReportService - net.thucydides.core.reports.html.HtmlAcceptanceTestReporter@730a9ce9: Generating report for test outcome: ThreadUpdate:POST - Thread | Update Existing Data

19:33:47.339 [pool-3-thread-6] DEBUG net.thucydides.core.requirements.BaseRequirementsService - Requirement found for test outcome DELETE - Thread | Undo Up Votes Existing Thread Data-[]: Optional[Requirement{name='ThreadUndoUpvotes', type='feature' parent = 'null', cardNumber='null'}]

19:33:47.340 [pool-3-thread-8] DEBUG net.thucydides.core.requirements.BaseRequirementsService - Requirement found for test outcome GET - Thread | Get List Data Thread Saved-[]: Optional[Requirement{name='ThreadGetSaveThread', type='feature' parent = 'null', cardNumber='null'}]

19:33:47.341 [pool-3-thread-2] DEBUG serenity.reporting - Generated report eab6ff653073258cf69e79f1d4a7e83382710bd686a46c905e4c6ac13814bb86.html in 54 ms

19:33:47.341 [pool-3-thread-2] DEBUG net.thucydides.core.reports.ReportService - Processing test outcome ThreadCreate:POST - Thread | Create New Data done

19:33:47.341 [pool-3-thread-2] DEBUG net.thucydides.core.reports.ReportService - Processing test outcome ThreadUpvotes:POST - Thread | Up Votes Existing Thread Data

19:33:47.341 [pool-3-thread-2] INFO net.thucydides.core.reports.ReportService - net.thucydides.core.reports.html.HtmlAcceptanceTestReporter@730a9ce9: Generating report for test outcome: ThreadUpvotes:POST - Thread | Up Votes Existing Thread Data

19:33:47.342 [pool-3-thread-8] DEBUG net.thucydides.core.requirements.BaseRequirementsService - Requirement found for test outcome GET - Thread | Get List Data Thread Saved-[]: Optional[Requirement{name='ThreadGetSaveThread', type='feature' parent = 'null', cardNumber='null'}]

19:33:47.342 [pool-3-thread-3] DEBUG serenity.reporting - Generated report 36db474088632458e857bc7c348d5f09fab3ed3748fd94327c5afbd3d8723548.html in 981 ms

19:33:47.342 [pool-3-thread-3] DEBUG net.thucydides.core.reports.ReportService - Processing test outcome FollowUnfollowCommunity:POST - Follow | Unfollow community done

19:33:47.344 [pool-3-thread-8] DEBUG serenity.reporting - Generating report in 4cd7e0ff87a2935d46925cfb52a604c347bb9e0d7c11548049efbdeeb1f82e98.html

19:33:47.346 [pool-3-thread-7] DEBUG serenity.reporting - Generated report 2ad2a33dfd340e6f8079024d9149992e66ef4eb8a2093545497ac3916fd79453.html in 19 ms

19:33:47.346 [pool-3-thread-4] DEBUG net.thucydides.core.requirements.BaseRequirementsService - Requirement found for test outcome DELETE - Thread | Undo Down Votes Existing Thread Data-[]: Optional[Requirement{name='ThreadUndoDownvotes', type='feature' parent = 'null', cardNumber='null'}]

19:33:47.346 [pool-3-thread-7] DEBUG net.thucydides.core.reports.ReportService - Processing test outcome ThreadReportThread:POST - Thread | Report Existing Thread Data done

19:33:47.348 [pool-3-thread-4] DEBUG net.thucydides.core.requirements.BaseRequirementsService - Requirement found for test outcome DELETE - Thread | Undo Down Votes Existing Thread Data-[]: Optional[Requirement{name='ThreadUndoDownvotes', type='feature' parent = 'null', cardNumber='null'}]

19:33:47.349 [pool-3-thread-6] DEBUG net.thucydides.core.requirements.BaseRequirementsService - Requirement found for test outcome DELETE - Thread | Undo Up Votes Existing Thread Data-[]: Optional[Requirement{name='ThreadUndoUpvotes', type='feature' parent = 'null', cardNumber='null'}]

19:33:47.350 [pool-3-thread-4] DEBUG serenity.reporting - Generating report in d679989b46b0362ad9df125d47b649027f665dea2f31863f381d56908b809a53.html

19:33:47.375 [pool-3-thread-6] DEBUG serenity.reporting - Generating report in cd1159e4e355acd84bfe42ce11e6d40ae93394fb327c75c9006ab63adae60b7f.html

19:33:47.379 [pool-3-thread-5] DEBUG net.thucydides.core.requirements.BaseRequirementsService - Requirement found for test outcome POST - Thread | Update Existing Data-[]: Optional[Requirement{name='ThreadUpdate', type='feature' parent = 'null', cardNumber='null'}]

19:33:47.381 [pool-3-thread-5] DEBUG net.thucydides.core.requirements.BaseRequirementsService - Requirement found for test outcome POST - Thread | Update Existing Data-[]: Optional[Requirement{name='ThreadUpdate', type='feature' parent = 'null', cardNumber='null'}]

19:33:47.384 [pool-3-thread-5] DEBUG serenity.reporting - Generating report in 0c0042296b01eef16ea9374c7f58654721d5e337e002163588e4c714d876f7d5.html

19:33:47.385 [pool-3-thread-2] DEBUG net.thucydides.core.requirements.BaseRequirementsService - Requirement found for test outcome POST - Thread | Up Votes Existing Thread Data-[]: Optional[Requirement{name='ThreadUpvotes', type='feature' parent = 'null', cardNumber='null'}]

19:33:47.387 [pool-3-thread-2] DEBUG net.thucydides.core.requirements.BaseRequirementsService - Requirement found for test outcome POST - Thread | Up Votes Existing Thread Data-[]: Optional[Requirement{name='ThreadUpvotes', type='feature' parent = 'null', cardNumber='null'}]

19:33:47.389 [pool-3-thread-2] DEBUG serenity.reporting - Generating report in 3a9b362e4aec6a2b4e4c18dbb693bc9dba817ca4b3600b65ddbecf9a1c96e5ac.html

19:33:47.399 [pool-3-thread-6] DEBUG serenity.reporting - Generated report cd1159e4e355acd84bfe42ce11e6d40ae93394fb327c75c9006ab63adae60b7f.html in 24 ms

19:33:47.399 [pool-3-thread-6] DEBUG net.thucydides.core.reports.ReportService - Processing test outcome ThreadUndoUpvotes:DELETE - Thread | Undo Up Votes Existing Thread Data done

19:33:47.402 [pool-3-thread-1] DEBUG serenity.reporting - Generated report a828cb25d4f2f7457da4680c4e5bdda873a11fd909bf8182ea6ffa8a97c937a0.html in 73 ms

19:33:47.402 [pool-3-thread-1] DEBUG net.thucydides.core.reports.ReportService - Processing test outcome ThreadSaveThread:POST - Thread | Report Existing Thread Data done

19:33:47.403 [pool-3-thread-4] DEBUG serenity.reporting - Generated report d679989b46b0362ad9df125d47b649027f665dea2f31863f381d56908b809a53.html in 53 ms

19:33:47.403 [pool-3-thread-4] DEBUG net.thucydides.core.reports.ReportService - Processing test outcome ThreadUndoDownvotes:DELETE - Thread | Undo Down Votes Existing Thread Data done

19:33:47.405 [pool-3-thread-8] DEBUG serenity.reporting - Generated report 4cd7e0ff87a2935d46925cfb52a604c347bb9e0d7c11548049efbdeeb1f82e98.html in 61 ms

19:33:47.405 [pool-3-thread-8] DEBUG net.thucydides.core.reports.ReportService - Processing test outcome ThreadGetSaveThread:GET - Thread | Get List Data Thread Saved done

19:33:47.407 [pool-3-thread-2] DEBUG serenity.reporting - Generated report 3a9b362e4aec6a2b4e4c18dbb693bc9dba817ca4b3600b65ddbecf9a1c96e5ac.html in 18 ms

19:33:47.407 [pool-3-thread-2] DEBUG net.thucydides.core.reports.ReportService - Processing test outcome ThreadUpvotes:POST - Thread | Up Votes Existing Thread Data done

19:33:47.435 [pool-3-thread-5] DEBUG serenity.reporting - Generated report 0c0042296b01eef16ea9374c7f58654721d5e337e002163588e4c714d876f7d5.html in 51 ms

19:33:47.435 [pool-3-thread-5] DEBUG net.thucydides.core.reports.ReportService - Processing test outcome ThreadUpdate:POST - Thread | Update Existing Data done

19:33:47.437 [pool-2-thread-1] DEBUG net.thucydides.core.reports.ReportService - Shutting down executor service

19:33:47.438 [pool-2-thread-1] DEBUG net.thucydides.core.reports.ReportService - Reports generated in: 2776 ms

19:33:48.057 [pool-2-thread-1] INFO io.cucumber.core.plugin.SerenityReporter - Cleanup test resources for URI classpath:features/FollowFollowCommunity.feature

19:33:48.060 [pool-2-thread-1] INFO io.cucumber.core.plugin.SerenityReporter - Cleanup test resources for URI classpath:features/FollowFollowUser.feature

19:33:48.061 [pool-2-thread-1] INFO io.cucumber.core.plugin.SerenityReporter - Cleanup test resources for URI classpath:features/FollowUnfollowCommunity.feature

19:33:48.062 [pool-2-thread-1] INFO io.cucumber.core.plugin.SerenityReporter - Cleanup test resources for URI classpath:features/FollowUnfollowUser.feature

19:33:48.063 [pool-2-thread-1] INFO io.cucumber.core.plugin.SerenityReporter - Cleanup test resources for URI classpath:features/ReportCategoryCreate.feature

19:33:48.064 [pool-2-thread-1] INFO io.cucumber.core.plugin.SerenityReporter - Cleanup test resources for URI classpath:features/ReportCategoryDetail.feature

19:33:48.065 [pool-2-thread-1] INFO io.cucumber.core.plugin.SerenityReporter - Cleanup test resources for URI classpath:features/ReportCategoryGet.feature

19:33:48.066 [pool-2-thread-1] INFO io.cucumber.core.plugin.SerenityReporter - Cleanup test resources for URI classpath:features/ReportCategoryUpdate.feature

19:33:48.068 [pool-2-thread-1] INFO io.cucumber.core.plugin.SerenityReporter - Cleanup test resources for URI classpath:features/ReportThread.feature

19:33:48.079 [pool-2-thread-1] INFO io.cucumber.core.plugin.SerenityReporter - Cleanup test resources for URI classpath:features/ThreadCreate.feature

19:33:48.082 [pool-2-thread-1] INFO io.cucumber.core.plugin.SerenityReporter - Cleanup test resources for URI classpath:features/ThreadDelete.feature

19:33:48.085 [pool-2-thread-1] INFO io.cucumber.core.plugin.SerenityReporter - Cleanup test resources for URI classpath:features/ThreadDetail.feature

19:33:48.087 [pool-2-thread-1] INFO io.cucumber.core.plugin.SerenityReporter - Cleanup test resources for URI classpath:features/ThreadDownvotes.feature

19:33:48.088 [pool-2-thread-1] INFO io.cucumber.core.plugin.SerenityReporter - Cleanup test resources for URI classpath:features/ThreadGet.feature

19:33:48.091 [pool-2-thread-1] INFO io.cucumber.core.plugin.SerenityReporter - Cleanup test resources for URI classpath:features/ThreadGetSaveThread.feature

19:33:48.094 [pool-2-thread-1] INFO io.cucumber.core.plugin.SerenityReporter - Cleanup test resources for URI classpath:features/ThreadReportThread.feature

19:33:48.097 [pool-2-thread-1] INFO io.cucumber.core.plugin.SerenityReporter - Cleanup test resources for URI classpath:features/ThreadSaveThread.feature

19:33:48.099 [pool-2-thread-1] INFO io.cucumber.core.plugin.SerenityReporter - Cleanup test resources for URI classpath:features/ThreadUndoDownvotes.feature

19:33:48.103 [pool-2-thread-1] INFO io.cucumber.core.plugin.SerenityReporter - Cleanup test resources for URI classpath:features/ThreadUndoUpvotes.feature

19:33:48.107 [pool-2-thread-1] INFO io.cucumber.core.plugin.SerenityReporter - Cleanup test resources for URI classpath:features/ThreadUpdate.feature

19:33:48.109 [pool-2-thread-1] INFO io.cucumber.core.plugin.SerenityReporter - Cleanup test resources for URI classpath:features/ThreadUpvotes.feature


Scenario: POST - Thread | Up Votes Existing Thread Data                       &amp#27;[90m# features/ThreadUpvotes.feature:3&amp#27;[0m
19:33:43.415 [pool-2-thread-1] INFO io.cucumber.core.plugin.SerenityReporter - Running feature from classpath:features/ThreadUpvotes.feature
19:33:43.419 [pool-2-thread-1] INFO  - 
  _____   ___   ___   _____     ___   _____     _     ___   _____   ___   ___  
 |_   _| | __| / __| |_   _|   / __| |_   _|   /_\   | _ \ |_   _| | __| |   \ 
   | |   | _|  \__ \   | |     \__ \   | |    / _ \  |   /   | |   | _|  | |) |
   |_|   |___| |___/   |_|     |___/   |_|   /_/ \_\ |_|_\   |_|   |___| |___/ 

POST - Thread | Up Votes Existing Thread Data(threadupvotes;post---thread-|-up-votes-existing-thread-data)
--------------------------------------------------------------------------------
  &amp#27;[32mGiven &amp#27;[0m&amp#27;[32mGet token from login | ThreadUpvotes&amp#27;[0m                                  &amp#27;[90m# starter.stepdefinitions.ThreadUpvotesSteps.getTokenFromLogin()&amp#27;[0m
19:33:43.840 [pool-2-thread-1] DEBUG net.thucydides.core.steps.StepInterceptor - STARTING STEP: ThreadUpvotesSteps.setMethodPost - Set method POST at api endpoints | ThreadUpvotes
19:33:43.840 [pool-2-thread-1] DEBUG net.thucydides.core.steps.StepInterceptor - STEP DONE: Set method POST at api endpoints | ThreadUpvotes
  &amp#27;[32mWhen &amp#27;[0m&amp#27;[32mSet method POST at api endpoints | ThreadUpvotes&amp#27;[0m                       &amp#27;[90m# starter.stepdefinitions.ThreadUpvotesSteps.setMethodPost()&amp#27;[0m
19:33:43.846 [pool-2-thread-1] DEBUG net.thucydides.core.steps.StepInterceptor - STARTING STEP: ThreadUpvotesSteps.sendMethodPost - Send method POST HTTP request | ThreadUpvotes
19:33:43.849 [pool-2-thread-1] DEBUG net.thucydides.core.steps.StepInterceptor - STARTING STEP: Upvotes.sendMethodPost - Set method POST at api endpoints | ThreadUpvotes
19:33:43.849 [pool-2-thread-1] DEBUG net.thucydides.core.steps.StepInterceptor - STEP DONE: Set method POST at api endpoints | ThreadUpvotes
19:33:44.194 [pool-2-thread-1] DEBUG net.thucydides.core.steps.StepInterceptor - STEP DONE: Send method POST HTTP request | ThreadUpvotes
  &amp#27;[32mAnd &amp#27;[0m&amp#27;[32mSend method POST HTTP request | ThreadUpvotes&amp#27;[0m                           &amp#27;[90m# starter.stepdefinitions.ThreadUpvotesSteps.sendMethodPost()&amp#27;[0m
19:33:44.199 [pool-2-thread-1] DEBUG net.thucydides.core.steps.StepInterceptor - STARTING STEP: ThreadUpvotesSteps.receiveValidHTTP - Receive valid HTTP response code 200 | ThreadUpvotes
19:33:44.200 [pool-2-thread-1] DEBUG net.thucydides.core.steps.StepInterceptor - STEP DONE: Receive valid HTTP response code 200 | ThreadUpvotes
  &amp#27;[32mAnd &amp#27;[0m&amp#27;[32mReceive valid HTTP response code 200 | ThreadUpvotes&amp#27;[0m                    &amp#27;[90m# starter.stepdefinitions.ThreadUpvotesSteps.receiveValidHTTP()&amp#27;[0m
19:33:44.205 [pool-2-thread-1] DEBUG net.thucydides.core.steps.StepInterceptor - STARTING STEP: ThreadUpvotesSteps.receiveValidData - Receive valid message data thread succesfully up voted | ThreadUpvotes
19:33:44.334 [pool-2-thread-1] DEBUG net.thucydides.core.steps.StepInterceptor - STEP DONE: Receive valid message data thread succesfully up voted | ThreadUpvotes
  &amp#27;[32mThen &amp#27;[0m&amp#27;[32mReceive valid message data thread succesfully up voted | ThreadUpvotes&amp#27;[0m &amp#27;[90m# starter.stepdefinitions.ThreadUpvotesSteps.receiveValidData()&amp#27;[0m
19:33:44.338 [pool-2-thread-1] INFO  - 
  _____   ___   ___   _____     ___     _     ___   ___   ___   ___  
 |_   _| | __| / __| |_   _|   | _ \   /_\   / __| / __| | __| |   \ 
   | |   | _|  \__ \   | |     |  _/  / _ \  \__ \ \__ \ | _|  | |) |
   |_|   |___| |___/   |_|     |_|   /_/ \_\ |___/ |___/ |___| |___/ 

POST - Thread | Up Votes Existing Thread Data
----------------------------------------------------------------------
]]></system-out>
  </testcase>
</testsuite>